[2025-12-11T16:19:23.053+0200] {processor.py:161} INFO - Started process (PID=1827) to work on /opt/airflow/dags/download_daily_files back.py
[2025-12-11T16:19:23.054+0200] {processor.py:830} INFO - Processing file /opt/airflow/dags/download_daily_files back.py for tasks to queue
[2025-12-11T16:19:23.057+0200] {logging_mixin.py:188} INFO - [2025-12-11T16:19:23.056+0200] {dagbag.py:540} INFO - Filling up the DagBag from /opt/airflow/dags/download_daily_files back.py
[2025-12-11T16:19:23.087+0200] {logging_mixin.py:188} INFO - [2025-12-11T16:19:23.076+0200] {dagbag.py:350} ERROR - Failed to import: /opt/airflow/dags/download_daily_files back.py
Traceback (most recent call last):
  File "/home/airflow/.local/lib/python3.8/site-packages/airflow/models/dagbag.py", line 346, in parse
    loader.exec_module(new_module)
  File "<frozen importlib._bootstrap_external>", line 843, in exec_module
  File "<frozen importlib._bootstrap>", line 219, in _call_with_frames_removed
  File "/opt/airflow/dags/download_daily_files back.py", line 11, in <module>
    xxx
NameError: name 'xxx' is not defined
[2025-12-11T16:19:23.087+0200] {processor.py:842} WARNING - No viable dags retrieved from /opt/airflow/dags/download_daily_files back.py
[2025-12-11T16:19:23.109+0200] {processor.py:183} INFO - Processing /opt/airflow/dags/download_daily_files back.py took 0.058 seconds
[2025-12-11T16:19:53.751+0200] {processor.py:161} INFO - Started process (PID=1840) to work on /opt/airflow/dags/download_daily_files back.py
[2025-12-11T16:19:53.752+0200] {processor.py:830} INFO - Processing file /opt/airflow/dags/download_daily_files back.py for tasks to queue
[2025-12-11T16:19:53.754+0200] {logging_mixin.py:188} INFO - [2025-12-11T16:19:53.754+0200] {dagbag.py:540} INFO - Filling up the DagBag from /opt/airflow/dags/download_daily_files back.py
[2025-12-11T16:19:53.771+0200] {logging_mixin.py:188} INFO - [2025-12-11T16:19:53.768+0200] {dagbag.py:350} ERROR - Failed to import: /opt/airflow/dags/download_daily_files back.py
Traceback (most recent call last):
  File "/home/airflow/.local/lib/python3.8/site-packages/airflow/models/dagbag.py", line 346, in parse
    loader.exec_module(new_module)
  File "<frozen importlib._bootstrap_external>", line 843, in exec_module
  File "<frozen importlib._bootstrap>", line 219, in _call_with_frames_removed
  File "/opt/airflow/dags/download_daily_files back.py", line 11, in <module>
    xxx
NameError: name 'xxx' is not defined
[2025-12-11T16:19:53.771+0200] {processor.py:842} WARNING - No viable dags retrieved from /opt/airflow/dags/download_daily_files back.py
[2025-12-11T16:19:53.787+0200] {processor.py:183} INFO - Processing /opt/airflow/dags/download_daily_files back.py took 0.039 seconds
[2025-12-11T16:20:24.440+0200] {processor.py:161} INFO - Started process (PID=1854) to work on /opt/airflow/dags/download_daily_files back.py
[2025-12-11T16:20:24.441+0200] {processor.py:830} INFO - Processing file /opt/airflow/dags/download_daily_files back.py for tasks to queue
[2025-12-11T16:20:24.443+0200] {logging_mixin.py:188} INFO - [2025-12-11T16:20:24.443+0200] {dagbag.py:540} INFO - Filling up the DagBag from /opt/airflow/dags/download_daily_files back.py
[2025-12-11T16:20:24.459+0200] {logging_mixin.py:188} INFO - [2025-12-11T16:20:24.456+0200] {dagbag.py:350} ERROR - Failed to import: /opt/airflow/dags/download_daily_files back.py
Traceback (most recent call last):
  File "/home/airflow/.local/lib/python3.8/site-packages/airflow/models/dagbag.py", line 346, in parse
    loader.exec_module(new_module)
  File "<frozen importlib._bootstrap_external>", line 843, in exec_module
  File "<frozen importlib._bootstrap>", line 219, in _call_with_frames_removed
  File "/opt/airflow/dags/download_daily_files back.py", line 11, in <module>
    xxx
NameError: name 'xxx' is not defined
[2025-12-11T16:20:24.460+0200] {processor.py:842} WARNING - No viable dags retrieved from /opt/airflow/dags/download_daily_files back.py
[2025-12-11T16:20:24.476+0200] {processor.py:183} INFO - Processing /opt/airflow/dags/download_daily_files back.py took 0.038 seconds
[2025-12-11T16:20:55.096+0200] {processor.py:161} INFO - Started process (PID=1867) to work on /opt/airflow/dags/download_daily_files back.py
[2025-12-11T16:20:55.097+0200] {processor.py:830} INFO - Processing file /opt/airflow/dags/download_daily_files back.py for tasks to queue
[2025-12-11T16:20:55.099+0200] {logging_mixin.py:188} INFO - [2025-12-11T16:20:55.099+0200] {dagbag.py:540} INFO - Filling up the DagBag from /opt/airflow/dags/download_daily_files back.py
[2025-12-11T16:20:55.116+0200] {logging_mixin.py:188} INFO - [2025-12-11T16:20:55.112+0200] {dagbag.py:350} ERROR - Failed to import: /opt/airflow/dags/download_daily_files back.py
Traceback (most recent call last):
  File "/home/airflow/.local/lib/python3.8/site-packages/airflow/models/dagbag.py", line 346, in parse
    loader.exec_module(new_module)
  File "<frozen importlib._bootstrap_external>", line 843, in exec_module
  File "<frozen importlib._bootstrap>", line 219, in _call_with_frames_removed
  File "/opt/airflow/dags/download_daily_files back.py", line 11, in <module>
    xxx
NameError: name 'xxx' is not defined
[2025-12-11T16:20:55.117+0200] {processor.py:842} WARNING - No viable dags retrieved from /opt/airflow/dags/download_daily_files back.py
[2025-12-11T16:20:55.135+0200] {processor.py:183} INFO - Processing /opt/airflow/dags/download_daily_files back.py took 0.042 seconds
[2025-12-11T16:21:25.820+0200] {processor.py:161} INFO - Started process (PID=1888) to work on /opt/airflow/dags/download_daily_files back.py
[2025-12-11T16:21:25.821+0200] {processor.py:830} INFO - Processing file /opt/airflow/dags/download_daily_files back.py for tasks to queue
[2025-12-11T16:21:25.822+0200] {logging_mixin.py:188} INFO - [2025-12-11T16:21:25.822+0200] {dagbag.py:540} INFO - Filling up the DagBag from /opt/airflow/dags/download_daily_files back.py
[2025-12-11T16:21:25.839+0200] {logging_mixin.py:188} INFO - [2025-12-11T16:21:25.836+0200] {dagbag.py:350} ERROR - Failed to import: /opt/airflow/dags/download_daily_files back.py
Traceback (most recent call last):
  File "/home/airflow/.local/lib/python3.8/site-packages/airflow/models/dagbag.py", line 346, in parse
    loader.exec_module(new_module)
  File "<frozen importlib._bootstrap_external>", line 843, in exec_module
  File "<frozen importlib._bootstrap>", line 219, in _call_with_frames_removed
  File "/opt/airflow/dags/download_daily_files back.py", line 11, in <module>
    xxx
NameError: name 'xxx' is not defined
[2025-12-11T16:21:25.840+0200] {processor.py:842} WARNING - No viable dags retrieved from /opt/airflow/dags/download_daily_files back.py
[2025-12-11T16:21:25.857+0200] {processor.py:183} INFO - Processing /opt/airflow/dags/download_daily_files back.py took 0.039 seconds
[2025-12-11T16:21:56.433+0200] {processor.py:161} INFO - Started process (PID=1901) to work on /opt/airflow/dags/download_daily_files back.py
[2025-12-11T16:21:56.434+0200] {processor.py:830} INFO - Processing file /opt/airflow/dags/download_daily_files back.py for tasks to queue
[2025-12-11T16:21:56.436+0200] {logging_mixin.py:188} INFO - [2025-12-11T16:21:56.436+0200] {dagbag.py:540} INFO - Filling up the DagBag from /opt/airflow/dags/download_daily_files back.py
[2025-12-11T16:21:56.450+0200] {logging_mixin.py:188} INFO - [2025-12-11T16:21:56.448+0200] {dagbag.py:350} ERROR - Failed to import: /opt/airflow/dags/download_daily_files back.py
Traceback (most recent call last):
  File "/home/airflow/.local/lib/python3.8/site-packages/airflow/models/dagbag.py", line 346, in parse
    loader.exec_module(new_module)
  File "<frozen importlib._bootstrap_external>", line 843, in exec_module
  File "<frozen importlib._bootstrap>", line 219, in _call_with_frames_removed
  File "/opt/airflow/dags/download_daily_files back.py", line 11, in <module>
    xxx
NameError: name 'xxx' is not defined
[2025-12-11T16:21:56.451+0200] {processor.py:842} WARNING - No viable dags retrieved from /opt/airflow/dags/download_daily_files back.py
[2025-12-11T16:21:56.468+0200] {processor.py:183} INFO - Processing /opt/airflow/dags/download_daily_files back.py took 0.037 seconds
[2025-12-11T16:22:27.124+0200] {processor.py:161} INFO - Started process (PID=1916) to work on /opt/airflow/dags/download_daily_files back.py
[2025-12-11T16:22:27.125+0200] {processor.py:830} INFO - Processing file /opt/airflow/dags/download_daily_files back.py for tasks to queue
[2025-12-11T16:22:27.127+0200] {logging_mixin.py:188} INFO - [2025-12-11T16:22:27.127+0200] {dagbag.py:540} INFO - Filling up the DagBag from /opt/airflow/dags/download_daily_files back.py
[2025-12-11T16:22:27.139+0200] {logging_mixin.py:188} INFO - [2025-12-11T16:22:27.136+0200] {dagbag.py:350} ERROR - Failed to import: /opt/airflow/dags/download_daily_files back.py
Traceback (most recent call last):
  File "/home/airflow/.local/lib/python3.8/site-packages/airflow/models/dagbag.py", line 346, in parse
    loader.exec_module(new_module)
  File "<frozen importlib._bootstrap_external>", line 843, in exec_module
  File "<frozen importlib._bootstrap>", line 219, in _call_with_frames_removed
  File "/opt/airflow/dags/download_daily_files back.py", line 11, in <module>
    xxx
NameError: name 'xxx' is not defined
[2025-12-11T16:22:27.140+0200] {processor.py:842} WARNING - No viable dags retrieved from /opt/airflow/dags/download_daily_files back.py
[2025-12-11T16:22:27.156+0200] {processor.py:183} INFO - Processing /opt/airflow/dags/download_daily_files back.py took 0.034 seconds
[2025-12-11T16:22:57.773+0200] {processor.py:161} INFO - Started process (PID=1930) to work on /opt/airflow/dags/download_daily_files back.py
[2025-12-11T16:22:57.774+0200] {processor.py:830} INFO - Processing file /opt/airflow/dags/download_daily_files back.py for tasks to queue
[2025-12-11T16:22:57.775+0200] {logging_mixin.py:188} INFO - [2025-12-11T16:22:57.775+0200] {dagbag.py:540} INFO - Filling up the DagBag from /opt/airflow/dags/download_daily_files back.py
[2025-12-11T16:22:57.788+0200] {logging_mixin.py:188} INFO - [2025-12-11T16:22:57.786+0200] {dagbag.py:350} ERROR - Failed to import: /opt/airflow/dags/download_daily_files back.py
Traceback (most recent call last):
  File "/home/airflow/.local/lib/python3.8/site-packages/airflow/models/dagbag.py", line 346, in parse
    loader.exec_module(new_module)
  File "<frozen importlib._bootstrap_external>", line 843, in exec_module
  File "<frozen importlib._bootstrap>", line 219, in _call_with_frames_removed
  File "/opt/airflow/dags/download_daily_files back.py", line 11, in <module>
    xxx
NameError: name 'xxx' is not defined
[2025-12-11T16:22:57.789+0200] {processor.py:842} WARNING - No viable dags retrieved from /opt/airflow/dags/download_daily_files back.py
[2025-12-11T16:22:57.804+0200] {processor.py:183} INFO - Processing /opt/airflow/dags/download_daily_files back.py took 0.034 seconds
[2025-12-11T16:23:28.355+0200] {processor.py:161} INFO - Started process (PID=1943) to work on /opt/airflow/dags/download_daily_files back.py
[2025-12-11T16:23:28.357+0200] {processor.py:830} INFO - Processing file /opt/airflow/dags/download_daily_files back.py for tasks to queue
[2025-12-11T16:23:28.359+0200] {logging_mixin.py:188} INFO - [2025-12-11T16:23:28.358+0200] {dagbag.py:540} INFO - Filling up the DagBag from /opt/airflow/dags/download_daily_files back.py
[2025-12-11T16:23:28.377+0200] {logging_mixin.py:188} INFO - [2025-12-11T16:23:28.374+0200] {dagbag.py:350} ERROR - Failed to import: /opt/airflow/dags/download_daily_files back.py
Traceback (most recent call last):
  File "/home/airflow/.local/lib/python3.8/site-packages/airflow/models/dagbag.py", line 346, in parse
    loader.exec_module(new_module)
  File "<frozen importlib._bootstrap_external>", line 843, in exec_module
  File "<frozen importlib._bootstrap>", line 219, in _call_with_frames_removed
  File "/opt/airflow/dags/download_daily_files back.py", line 11, in <module>
    xxx
NameError: name 'xxx' is not defined
[2025-12-11T16:23:28.379+0200] {processor.py:842} WARNING - No viable dags retrieved from /opt/airflow/dags/download_daily_files back.py
[2025-12-11T16:23:28.398+0200] {processor.py:183} INFO - Processing /opt/airflow/dags/download_daily_files back.py took 0.045 seconds
[2025-12-11T16:23:59.081+0200] {processor.py:161} INFO - Started process (PID=1958) to work on /opt/airflow/dags/download_daily_files back.py
[2025-12-11T16:23:59.082+0200] {processor.py:830} INFO - Processing file /opt/airflow/dags/download_daily_files back.py for tasks to queue
[2025-12-11T16:23:59.085+0200] {logging_mixin.py:188} INFO - [2025-12-11T16:23:59.084+0200] {dagbag.py:540} INFO - Filling up the DagBag from /opt/airflow/dags/download_daily_files back.py
[2025-12-11T16:23:59.100+0200] {logging_mixin.py:188} INFO - [2025-12-11T16:23:59.095+0200] {dagbag.py:350} ERROR - Failed to import: /opt/airflow/dags/download_daily_files back.py
Traceback (most recent call last):
  File "/home/airflow/.local/lib/python3.8/site-packages/airflow/models/dagbag.py", line 346, in parse
    loader.exec_module(new_module)
  File "<frozen importlib._bootstrap_external>", line 843, in exec_module
  File "<frozen importlib._bootstrap>", line 219, in _call_with_frames_removed
  File "/opt/airflow/dags/download_daily_files back.py", line 11, in <module>
    xxx
NameError: name 'xxx' is not defined
[2025-12-11T16:23:59.102+0200] {processor.py:842} WARNING - No viable dags retrieved from /opt/airflow/dags/download_daily_files back.py
[2025-12-11T16:23:59.121+0200] {processor.py:183} INFO - Processing /opt/airflow/dags/download_daily_files back.py took 0.043 seconds
[2025-12-11T16:24:29.792+0200] {processor.py:161} INFO - Started process (PID=1973) to work on /opt/airflow/dags/download_daily_files back.py
[2025-12-11T16:24:29.794+0200] {processor.py:830} INFO - Processing file /opt/airflow/dags/download_daily_files back.py for tasks to queue
[2025-12-11T16:24:29.795+0200] {logging_mixin.py:188} INFO - [2025-12-11T16:24:29.794+0200] {dagbag.py:540} INFO - Filling up the DagBag from /opt/airflow/dags/download_daily_files back.py
[2025-12-11T16:24:29.812+0200] {logging_mixin.py:188} INFO - [2025-12-11T16:24:29.808+0200] {dagbag.py:350} ERROR - Failed to import: /opt/airflow/dags/download_daily_files back.py
Traceback (most recent call last):
  File "/home/airflow/.local/lib/python3.8/site-packages/airflow/models/dagbag.py", line 346, in parse
    loader.exec_module(new_module)
  File "<frozen importlib._bootstrap_external>", line 843, in exec_module
  File "<frozen importlib._bootstrap>", line 219, in _call_with_frames_removed
  File "/opt/airflow/dags/download_daily_files back.py", line 11, in <module>
    xxx
NameError: name 'xxx' is not defined
[2025-12-11T16:24:29.814+0200] {processor.py:842} WARNING - No viable dags retrieved from /opt/airflow/dags/download_daily_files back.py
[2025-12-11T16:24:29.833+0200] {processor.py:183} INFO - Processing /opt/airflow/dags/download_daily_files back.py took 0.043 seconds
[2025-12-11T16:24:58.437+0200] {processor.py:161} INFO - Started process (PID=1986) to work on /opt/airflow/dags/download_daily_files back.py
[2025-12-11T16:24:58.438+0200] {processor.py:830} INFO - Processing file /opt/airflow/dags/download_daily_files back.py for tasks to queue
[2025-12-11T16:24:58.439+0200] {logging_mixin.py:188} INFO - [2025-12-11T16:24:58.439+0200] {dagbag.py:540} INFO - Filling up the DagBag from /opt/airflow/dags/download_daily_files back.py
[2025-12-11T16:24:58.463+0200] {logging_mixin.py:188} INFO - [2025-12-11T16:24:58.458+0200] {dagbag.py:350} ERROR - Failed to import: /opt/airflow/dags/download_daily_files back.py
Traceback (most recent call last):
  File "/home/airflow/.local/lib/python3.8/site-packages/airflow/models/dagbag.py", line 346, in parse
    loader.exec_module(new_module)
  File "<frozen importlib._bootstrap_external>", line 843, in exec_module
  File "<frozen importlib._bootstrap>", line 219, in _call_with_frames_removed
  File "/opt/airflow/dags/download_daily_files back.py", line 11, in <module>
    xxx
NameError: name 'xxx' is not defined
[2025-12-11T16:24:58.464+0200] {processor.py:842} WARNING - No viable dags retrieved from /opt/airflow/dags/download_daily_files back.py
[2025-12-11T16:24:58.482+0200] {processor.py:183} INFO - Processing /opt/airflow/dags/download_daily_files back.py took 0.048 seconds
[2025-12-11T16:25:02.763+0200] {processor.py:161} INFO - Started process (PID=1990) to work on /opt/airflow/dags/download_daily_files back.py
[2025-12-11T16:25:02.764+0200] {processor.py:830} INFO - Processing file /opt/airflow/dags/download_daily_files back.py for tasks to queue
[2025-12-11T16:25:02.766+0200] {logging_mixin.py:188} INFO - [2025-12-11T16:25:02.765+0200] {dagbag.py:540} INFO - Filling up the DagBag from /opt/airflow/dags/download_daily_files back.py
[2025-12-11T16:25:02.792+0200] {logging_mixin.py:188} INFO - [2025-12-11T16:25:02.788+0200] {dagbag.py:350} ERROR - Failed to import: /opt/airflow/dags/download_daily_files back.py
Traceback (most recent call last):
  File "/home/airflow/.local/lib/python3.8/site-packages/airflow/models/dagbag.py", line 346, in parse
    loader.exec_module(new_module)
  File "<frozen importlib._bootstrap_external>", line 843, in exec_module
  File "<frozen importlib._bootstrap>", line 219, in _call_with_frames_removed
  File "/opt/airflow/dags/download_daily_files back.py", line 11, in <module>
    xxx
NameError: name 'xxx' is not defined
[2025-12-11T16:25:02.795+0200] {processor.py:842} WARNING - No viable dags retrieved from /opt/airflow/dags/download_daily_files back.py
[2025-12-11T16:25:02.815+0200] {processor.py:183} INFO - Processing /opt/airflow/dags/download_daily_files back.py took 0.059 seconds
[2025-12-11T16:25:21.175+0200] {processor.py:161} INFO - Started process (PID=1994) to work on /opt/airflow/dags/download_daily_files back.py
[2025-12-11T16:25:21.176+0200] {processor.py:830} INFO - Processing file /opt/airflow/dags/download_daily_files back.py for tasks to queue
[2025-12-11T16:25:21.177+0200] {logging_mixin.py:188} INFO - [2025-12-11T16:25:21.177+0200] {dagbag.py:540} INFO - Filling up the DagBag from /opt/airflow/dags/download_daily_files back.py
[2025-12-11T16:25:21.208+0200] {logging_mixin.py:188} INFO - [2025-12-11T16:25:21.201+0200] {dagbag.py:350} ERROR - Failed to import: /opt/airflow/dags/download_daily_files back.py
Traceback (most recent call last):
  File "/home/airflow/.local/lib/python3.8/site-packages/airflow/models/dagbag.py", line 346, in parse
    loader.exec_module(new_module)
  File "<frozen importlib._bootstrap_external>", line 843, in exec_module
  File "<frozen importlib._bootstrap>", line 219, in _call_with_frames_removed
  File "/opt/airflow/dags/download_daily_files back.py", line 124, in <module>
    dag = download_daily_files()
  File "/home/airflow/.local/lib/python3.8/site-packages/airflow/models/dag.py", line 3905, in factory
    with DAG(
  File "/home/airflow/.local/lib/python3.8/site-packages/airflow/models/dag.py", line 499, in __init__
    validate_key(dag_id)
  File "/home/airflow/.local/lib/python3.8/site-packages/airflow/utils/helpers.py", line 57, in validate_key
    raise AirflowException(
airflow.exceptions.AirflowException: The key 'download_daily_files back' has to be made of alphanumeric characters, dashes, dots and underscores exclusively
[2025-12-11T16:25:21.209+0200] {processor.py:842} WARNING - No viable dags retrieved from /opt/airflow/dags/download_daily_files back.py
[2025-12-11T16:25:21.225+0200] {processor.py:183} INFO - Processing /opt/airflow/dags/download_daily_files back.py took 0.052 seconds
[2025-12-11T16:25:31.465+0200] {processor.py:161} INFO - Started process (PID=2004) to work on /opt/airflow/dags/download_daily_files back.py
[2025-12-11T16:25:31.467+0200] {processor.py:830} INFO - Processing file /opt/airflow/dags/download_daily_files back.py for tasks to queue
[2025-12-11T16:25:31.468+0200] {logging_mixin.py:188} INFO - [2025-12-11T16:25:31.467+0200] {dagbag.py:540} INFO - Filling up the DagBag from /opt/airflow/dags/download_daily_files back.py
[2025-12-11T16:25:31.492+0200] {logging_mixin.py:188} INFO - [2025-12-11T16:25:31.489+0200] {dagbag.py:350} ERROR - Failed to import: /opt/airflow/dags/download_daily_files back.py
Traceback (most recent call last):
  File "/home/airflow/.local/lib/python3.8/site-packages/airflow/models/dagbag.py", line 346, in parse
    loader.exec_module(new_module)
  File "<frozen importlib._bootstrap_external>", line 843, in exec_module
  File "<frozen importlib._bootstrap>", line 219, in _call_with_frames_removed
  File "/opt/airflow/dags/download_daily_files back.py", line 124, in <module>
    dag = download_daily_files()
  File "/home/airflow/.local/lib/python3.8/site-packages/airflow/models/dag.py", line 3905, in factory
    with DAG(
  File "/home/airflow/.local/lib/python3.8/site-packages/airflow/models/dag.py", line 499, in __init__
    validate_key(dag_id)
  File "/home/airflow/.local/lib/python3.8/site-packages/airflow/utils/helpers.py", line 57, in validate_key
    raise AirflowException(
airflow.exceptions.AirflowException: The key 'download_daily_files back' has to be made of alphanumeric characters, dashes, dots and underscores exclusively
[2025-12-11T16:25:31.493+0200] {processor.py:842} WARNING - No viable dags retrieved from /opt/airflow/dags/download_daily_files back.py
[2025-12-11T16:25:31.509+0200] {processor.py:183} INFO - Processing /opt/airflow/dags/download_daily_files back.py took 0.048 seconds
[2025-12-11T16:25:33.570+0200] {processor.py:161} INFO - Started process (PID=2006) to work on /opt/airflow/dags/download_daily_files back.py
[2025-12-11T16:25:33.572+0200] {processor.py:830} INFO - Processing file /opt/airflow/dags/download_daily_files back.py for tasks to queue
[2025-12-11T16:25:33.573+0200] {logging_mixin.py:188} INFO - [2025-12-11T16:25:33.572+0200] {dagbag.py:540} INFO - Filling up the DagBag from /opt/airflow/dags/download_daily_files back.py
[2025-12-11T16:25:33.606+0200] {logging_mixin.py:188} INFO - [2025-12-11T16:25:33.602+0200] {dagbag.py:350} ERROR - Failed to import: /opt/airflow/dags/download_daily_files back.py
Traceback (most recent call last):
  File "/home/airflow/.local/lib/python3.8/site-packages/airflow/models/dagbag.py", line 346, in parse
    loader.exec_module(new_module)
  File "<frozen importlib._bootstrap_external>", line 843, in exec_module
  File "<frozen importlib._bootstrap>", line 219, in _call_with_frames_removed
  File "/opt/airflow/dags/download_daily_files back.py", line 124, in <module>
    dag = download_daily_files()
  File "/home/airflow/.local/lib/python3.8/site-packages/airflow/models/dag.py", line 3905, in factory
    with DAG(
  File "/home/airflow/.local/lib/python3.8/site-packages/airflow/models/dag.py", line 499, in __init__
    validate_key(dag_id)
  File "/home/airflow/.local/lib/python3.8/site-packages/airflow/utils/helpers.py", line 57, in validate_key
    raise AirflowException(
airflow.exceptions.AirflowException: The key 'download_daily_files back' has to be made of alphanumeric characters, dashes, dots and underscores exclusively
[2025-12-11T16:25:33.607+0200] {processor.py:842} WARNING - No viable dags retrieved from /opt/airflow/dags/download_daily_files back.py
[2025-12-11T16:25:33.623+0200] {processor.py:183} INFO - Processing /opt/airflow/dags/download_daily_files back.py took 0.056 seconds
[2025-12-11T16:26:04.379+0200] {processor.py:161} INFO - Started process (PID=2021) to work on /opt/airflow/dags/download_daily_files back.py
[2025-12-11T16:26:04.380+0200] {processor.py:830} INFO - Processing file /opt/airflow/dags/download_daily_files back.py for tasks to queue
[2025-12-11T16:26:04.381+0200] {logging_mixin.py:188} INFO - [2025-12-11T16:26:04.381+0200] {dagbag.py:540} INFO - Filling up the DagBag from /opt/airflow/dags/download_daily_files back.py
[2025-12-11T16:26:04.398+0200] {logging_mixin.py:188} INFO - [2025-12-11T16:26:04.393+0200] {dagbag.py:350} ERROR - Failed to import: /opt/airflow/dags/download_daily_files back.py
Traceback (most recent call last):
  File "/home/airflow/.local/lib/python3.8/site-packages/airflow/models/dagbag.py", line 346, in parse
    loader.exec_module(new_module)
  File "<frozen importlib._bootstrap_external>", line 843, in exec_module
  File "<frozen importlib._bootstrap>", line 219, in _call_with_frames_removed
  File "/opt/airflow/dags/download_daily_files back.py", line 124, in <module>
    dag = download_daily_files()
  File "/home/airflow/.local/lib/python3.8/site-packages/airflow/models/dag.py", line 3905, in factory
    with DAG(
  File "/home/airflow/.local/lib/python3.8/site-packages/airflow/models/dag.py", line 499, in __init__
    validate_key(dag_id)
  File "/home/airflow/.local/lib/python3.8/site-packages/airflow/utils/helpers.py", line 57, in validate_key
    raise AirflowException(
airflow.exceptions.AirflowException: The key 'download_daily_files back' has to be made of alphanumeric characters, dashes, dots and underscores exclusively
[2025-12-11T16:26:04.398+0200] {processor.py:842} WARNING - No viable dags retrieved from /opt/airflow/dags/download_daily_files back.py
[2025-12-11T16:26:04.416+0200] {processor.py:183} INFO - Processing /opt/airflow/dags/download_daily_files back.py took 0.040 seconds
[2025-12-11T16:26:34.954+0200] {processor.py:161} INFO - Started process (PID=2035) to work on /opt/airflow/dags/download_daily_files back.py
[2025-12-11T16:26:34.955+0200] {processor.py:830} INFO - Processing file /opt/airflow/dags/download_daily_files back.py for tasks to queue
[2025-12-11T16:26:34.956+0200] {logging_mixin.py:188} INFO - [2025-12-11T16:26:34.955+0200] {dagbag.py:540} INFO - Filling up the DagBag from /opt/airflow/dags/download_daily_files back.py
[2025-12-11T16:26:34.971+0200] {logging_mixin.py:188} INFO - [2025-12-11T16:26:34.966+0200] {dagbag.py:350} ERROR - Failed to import: /opt/airflow/dags/download_daily_files back.py
Traceback (most recent call last):
  File "/home/airflow/.local/lib/python3.8/site-packages/airflow/models/dagbag.py", line 346, in parse
    loader.exec_module(new_module)
  File "<frozen importlib._bootstrap_external>", line 843, in exec_module
  File "<frozen importlib._bootstrap>", line 219, in _call_with_frames_removed
  File "/opt/airflow/dags/download_daily_files back.py", line 124, in <module>
    dag = download_daily_files()
  File "/home/airflow/.local/lib/python3.8/site-packages/airflow/models/dag.py", line 3905, in factory
    with DAG(
  File "/home/airflow/.local/lib/python3.8/site-packages/airflow/models/dag.py", line 499, in __init__
    validate_key(dag_id)
  File "/home/airflow/.local/lib/python3.8/site-packages/airflow/utils/helpers.py", line 57, in validate_key
    raise AirflowException(
airflow.exceptions.AirflowException: The key 'download_daily_files back' has to be made of alphanumeric characters, dashes, dots and underscores exclusively
[2025-12-11T16:26:34.972+0200] {processor.py:842} WARNING - No viable dags retrieved from /opt/airflow/dags/download_daily_files back.py
[2025-12-11T16:26:34.991+0200] {processor.py:183} INFO - Processing /opt/airflow/dags/download_daily_files back.py took 0.040 seconds
[2025-12-11T16:27:05.565+0200] {processor.py:161} INFO - Started process (PID=2049) to work on /opt/airflow/dags/download_daily_files back.py
[2025-12-11T16:27:05.566+0200] {processor.py:830} INFO - Processing file /opt/airflow/dags/download_daily_files back.py for tasks to queue
[2025-12-11T16:27:05.567+0200] {logging_mixin.py:188} INFO - [2025-12-11T16:27:05.567+0200] {dagbag.py:540} INFO - Filling up the DagBag from /opt/airflow/dags/download_daily_files back.py
[2025-12-11T16:27:05.581+0200] {logging_mixin.py:188} INFO - [2025-12-11T16:27:05.577+0200] {dagbag.py:350} ERROR - Failed to import: /opt/airflow/dags/download_daily_files back.py
Traceback (most recent call last):
  File "/home/airflow/.local/lib/python3.8/site-packages/airflow/models/dagbag.py", line 346, in parse
    loader.exec_module(new_module)
  File "<frozen importlib._bootstrap_external>", line 843, in exec_module
  File "<frozen importlib._bootstrap>", line 219, in _call_with_frames_removed
  File "/opt/airflow/dags/download_daily_files back.py", line 124, in <module>
    dag = download_daily_files()
  File "/home/airflow/.local/lib/python3.8/site-packages/airflow/models/dag.py", line 3905, in factory
    with DAG(
  File "/home/airflow/.local/lib/python3.8/site-packages/airflow/models/dag.py", line 499, in __init__
    validate_key(dag_id)
  File "/home/airflow/.local/lib/python3.8/site-packages/airflow/utils/helpers.py", line 57, in validate_key
    raise AirflowException(
airflow.exceptions.AirflowException: The key 'download_daily_files back' has to be made of alphanumeric characters, dashes, dots and underscores exclusively
[2025-12-11T16:27:05.582+0200] {processor.py:842} WARNING - No viable dags retrieved from /opt/airflow/dags/download_daily_files back.py
[2025-12-11T16:27:05.600+0200] {processor.py:183} INFO - Processing /opt/airflow/dags/download_daily_files back.py took 0.038 seconds
[2025-12-11T16:27:36.380+0200] {processor.py:161} INFO - Started process (PID=2063) to work on /opt/airflow/dags/download_daily_files back.py
[2025-12-11T16:27:36.381+0200] {processor.py:830} INFO - Processing file /opt/airflow/dags/download_daily_files back.py for tasks to queue
[2025-12-11T16:27:36.381+0200] {logging_mixin.py:188} INFO - [2025-12-11T16:27:36.381+0200] {dagbag.py:540} INFO - Filling up the DagBag from /opt/airflow/dags/download_daily_files back.py
[2025-12-11T16:27:36.396+0200] {logging_mixin.py:188} INFO - [2025-12-11T16:27:36.392+0200] {dagbag.py:350} ERROR - Failed to import: /opt/airflow/dags/download_daily_files back.py
Traceback (most recent call last):
  File "/home/airflow/.local/lib/python3.8/site-packages/airflow/models/dagbag.py", line 346, in parse
    loader.exec_module(new_module)
  File "<frozen importlib._bootstrap_external>", line 843, in exec_module
  File "<frozen importlib._bootstrap>", line 219, in _call_with_frames_removed
  File "/opt/airflow/dags/download_daily_files back.py", line 124, in <module>
    dag = download_daily_files()
  File "/home/airflow/.local/lib/python3.8/site-packages/airflow/models/dag.py", line 3905, in factory
    with DAG(
  File "/home/airflow/.local/lib/python3.8/site-packages/airflow/models/dag.py", line 499, in __init__
    validate_key(dag_id)
  File "/home/airflow/.local/lib/python3.8/site-packages/airflow/utils/helpers.py", line 57, in validate_key
    raise AirflowException(
airflow.exceptions.AirflowException: The key 'download_daily_files back' has to be made of alphanumeric characters, dashes, dots and underscores exclusively
[2025-12-11T16:27:36.397+0200] {processor.py:842} WARNING - No viable dags retrieved from /opt/airflow/dags/download_daily_files back.py
[2025-12-11T16:27:36.415+0200] {processor.py:183} INFO - Processing /opt/airflow/dags/download_daily_files back.py took 0.038 seconds
[2025-12-11T16:28:07.189+0200] {processor.py:161} INFO - Started process (PID=2079) to work on /opt/airflow/dags/download_daily_files back.py
[2025-12-11T16:28:07.191+0200] {processor.py:830} INFO - Processing file /opt/airflow/dags/download_daily_files back.py for tasks to queue
[2025-12-11T16:28:07.192+0200] {logging_mixin.py:188} INFO - [2025-12-11T16:28:07.191+0200] {dagbag.py:540} INFO - Filling up the DagBag from /opt/airflow/dags/download_daily_files back.py
[2025-12-11T16:28:07.207+0200] {logging_mixin.py:188} INFO - [2025-12-11T16:28:07.202+0200] {dagbag.py:350} ERROR - Failed to import: /opt/airflow/dags/download_daily_files back.py
Traceback (most recent call last):
  File "/home/airflow/.local/lib/python3.8/site-packages/airflow/models/dagbag.py", line 346, in parse
    loader.exec_module(new_module)
  File "<frozen importlib._bootstrap_external>", line 843, in exec_module
  File "<frozen importlib._bootstrap>", line 219, in _call_with_frames_removed
  File "/opt/airflow/dags/download_daily_files back.py", line 124, in <module>
    dag = download_daily_files()
  File "/home/airflow/.local/lib/python3.8/site-packages/airflow/models/dag.py", line 3905, in factory
    with DAG(
  File "/home/airflow/.local/lib/python3.8/site-packages/airflow/models/dag.py", line 499, in __init__
    validate_key(dag_id)
  File "/home/airflow/.local/lib/python3.8/site-packages/airflow/utils/helpers.py", line 57, in validate_key
    raise AirflowException(
airflow.exceptions.AirflowException: The key 'download_daily_files back' has to be made of alphanumeric characters, dashes, dots and underscores exclusively
[2025-12-11T16:28:07.208+0200] {processor.py:842} WARNING - No viable dags retrieved from /opt/airflow/dags/download_daily_files back.py
[2025-12-11T16:28:07.226+0200] {processor.py:183} INFO - Processing /opt/airflow/dags/download_daily_files back.py took 0.040 seconds
[2025-12-11T16:28:38.125+0200] {processor.py:161} INFO - Started process (PID=2097) to work on /opt/airflow/dags/download_daily_files back.py
[2025-12-11T16:28:38.126+0200] {processor.py:830} INFO - Processing file /opt/airflow/dags/download_daily_files back.py for tasks to queue
[2025-12-11T16:28:38.127+0200] {logging_mixin.py:188} INFO - [2025-12-11T16:28:38.127+0200] {dagbag.py:540} INFO - Filling up the DagBag from /opt/airflow/dags/download_daily_files back.py
[2025-12-11T16:28:38.149+0200] {logging_mixin.py:188} INFO - [2025-12-11T16:28:38.143+0200] {dagbag.py:350} ERROR - Failed to import: /opt/airflow/dags/download_daily_files back.py
Traceback (most recent call last):
  File "/home/airflow/.local/lib/python3.8/site-packages/airflow/models/dagbag.py", line 346, in parse
    loader.exec_module(new_module)
  File "<frozen importlib._bootstrap_external>", line 843, in exec_module
  File "<frozen importlib._bootstrap>", line 219, in _call_with_frames_removed
  File "/opt/airflow/dags/download_daily_files back.py", line 124, in <module>
    dag = download_daily_files()
  File "/home/airflow/.local/lib/python3.8/site-packages/airflow/models/dag.py", line 3905, in factory
    with DAG(
  File "/home/airflow/.local/lib/python3.8/site-packages/airflow/models/dag.py", line 499, in __init__
    validate_key(dag_id)
  File "/home/airflow/.local/lib/python3.8/site-packages/airflow/utils/helpers.py", line 57, in validate_key
    raise AirflowException(
airflow.exceptions.AirflowException: The key 'download_daily_files back' has to be made of alphanumeric characters, dashes, dots and underscores exclusively
[2025-12-11T16:28:38.150+0200] {processor.py:842} WARNING - No viable dags retrieved from /opt/airflow/dags/download_daily_files back.py
[2025-12-11T16:28:38.168+0200] {processor.py:183} INFO - Processing /opt/airflow/dags/download_daily_files back.py took 0.046 seconds
[2025-12-11T16:29:08.804+0200] {processor.py:161} INFO - Started process (PID=2111) to work on /opt/airflow/dags/download_daily_files back.py
[2025-12-11T16:29:08.805+0200] {processor.py:830} INFO - Processing file /opt/airflow/dags/download_daily_files back.py for tasks to queue
[2025-12-11T16:29:08.806+0200] {logging_mixin.py:188} INFO - [2025-12-11T16:29:08.806+0200] {dagbag.py:540} INFO - Filling up the DagBag from /opt/airflow/dags/download_daily_files back.py
[2025-12-11T16:29:08.823+0200] {logging_mixin.py:188} INFO - [2025-12-11T16:29:08.817+0200] {dagbag.py:350} ERROR - Failed to import: /opt/airflow/dags/download_daily_files back.py
Traceback (most recent call last):
  File "/home/airflow/.local/lib/python3.8/site-packages/airflow/models/dagbag.py", line 346, in parse
    loader.exec_module(new_module)
  File "<frozen importlib._bootstrap_external>", line 843, in exec_module
  File "<frozen importlib._bootstrap>", line 219, in _call_with_frames_removed
  File "/opt/airflow/dags/download_daily_files back.py", line 124, in <module>
    dag = download_daily_files()
  File "/home/airflow/.local/lib/python3.8/site-packages/airflow/models/dag.py", line 3905, in factory
    with DAG(
  File "/home/airflow/.local/lib/python3.8/site-packages/airflow/models/dag.py", line 499, in __init__
    validate_key(dag_id)
  File "/home/airflow/.local/lib/python3.8/site-packages/airflow/utils/helpers.py", line 57, in validate_key
    raise AirflowException(
airflow.exceptions.AirflowException: The key 'download_daily_files back' has to be made of alphanumeric characters, dashes, dots and underscores exclusively
[2025-12-11T16:29:08.823+0200] {processor.py:842} WARNING - No viable dags retrieved from /opt/airflow/dags/download_daily_files back.py
[2025-12-11T16:29:08.844+0200] {processor.py:183} INFO - Processing /opt/airflow/dags/download_daily_files back.py took 0.043 seconds
[2025-12-11T16:29:39.625+0200] {processor.py:161} INFO - Started process (PID=2126) to work on /opt/airflow/dags/download_daily_files back.py
[2025-12-11T16:29:39.626+0200] {processor.py:830} INFO - Processing file /opt/airflow/dags/download_daily_files back.py for tasks to queue
[2025-12-11T16:29:39.627+0200] {logging_mixin.py:188} INFO - [2025-12-11T16:29:39.627+0200] {dagbag.py:540} INFO - Filling up the DagBag from /opt/airflow/dags/download_daily_files back.py
[2025-12-11T16:29:39.641+0200] {logging_mixin.py:188} INFO - [2025-12-11T16:29:39.636+0200] {dagbag.py:350} ERROR - Failed to import: /opt/airflow/dags/download_daily_files back.py
Traceback (most recent call last):
  File "/home/airflow/.local/lib/python3.8/site-packages/airflow/models/dagbag.py", line 346, in parse
    loader.exec_module(new_module)
  File "<frozen importlib._bootstrap_external>", line 843, in exec_module
  File "<frozen importlib._bootstrap>", line 219, in _call_with_frames_removed
  File "/opt/airflow/dags/download_daily_files back.py", line 124, in <module>
    dag = download_daily_files()
  File "/home/airflow/.local/lib/python3.8/site-packages/airflow/models/dag.py", line 3905, in factory
    with DAG(
  File "/home/airflow/.local/lib/python3.8/site-packages/airflow/models/dag.py", line 499, in __init__
    validate_key(dag_id)
  File "/home/airflow/.local/lib/python3.8/site-packages/airflow/utils/helpers.py", line 57, in validate_key
    raise AirflowException(
airflow.exceptions.AirflowException: The key 'download_daily_files back' has to be made of alphanumeric characters, dashes, dots and underscores exclusively
[2025-12-11T16:29:39.641+0200] {processor.py:842} WARNING - No viable dags retrieved from /opt/airflow/dags/download_daily_files back.py
[2025-12-11T16:29:39.659+0200] {processor.py:183} INFO - Processing /opt/airflow/dags/download_daily_files back.py took 0.037 seconds
[2025-12-11T16:30:10.418+0200] {processor.py:161} INFO - Started process (PID=2141) to work on /opt/airflow/dags/download_daily_files back.py
[2025-12-11T16:30:10.419+0200] {processor.py:830} INFO - Processing file /opt/airflow/dags/download_daily_files back.py for tasks to queue
[2025-12-11T16:30:10.420+0200] {logging_mixin.py:188} INFO - [2025-12-11T16:30:10.420+0200] {dagbag.py:540} INFO - Filling up the DagBag from /opt/airflow/dags/download_daily_files back.py
[2025-12-11T16:30:10.435+0200] {logging_mixin.py:188} INFO - [2025-12-11T16:30:10.430+0200] {dagbag.py:350} ERROR - Failed to import: /opt/airflow/dags/download_daily_files back.py
Traceback (most recent call last):
  File "/home/airflow/.local/lib/python3.8/site-packages/airflow/models/dagbag.py", line 346, in parse
    loader.exec_module(new_module)
  File "<frozen importlib._bootstrap_external>", line 843, in exec_module
  File "<frozen importlib._bootstrap>", line 219, in _call_with_frames_removed
  File "/opt/airflow/dags/download_daily_files back.py", line 124, in <module>
    dag = download_daily_files()
  File "/home/airflow/.local/lib/python3.8/site-packages/airflow/models/dag.py", line 3905, in factory
    with DAG(
  File "/home/airflow/.local/lib/python3.8/site-packages/airflow/models/dag.py", line 499, in __init__
    validate_key(dag_id)
  File "/home/airflow/.local/lib/python3.8/site-packages/airflow/utils/helpers.py", line 57, in validate_key
    raise AirflowException(
airflow.exceptions.AirflowException: The key 'download_daily_files back' has to be made of alphanumeric characters, dashes, dots and underscores exclusively
[2025-12-11T16:30:10.435+0200] {processor.py:842} WARNING - No viable dags retrieved from /opt/airflow/dags/download_daily_files back.py
[2025-12-11T16:30:10.452+0200] {processor.py:183} INFO - Processing /opt/airflow/dags/download_daily_files back.py took 0.037 seconds
[2025-12-11T16:30:41.245+0200] {processor.py:161} INFO - Started process (PID=2156) to work on /opt/airflow/dags/download_daily_files back.py
[2025-12-11T16:30:41.246+0200] {processor.py:830} INFO - Processing file /opt/airflow/dags/download_daily_files back.py for tasks to queue
[2025-12-11T16:30:41.247+0200] {logging_mixin.py:188} INFO - [2025-12-11T16:30:41.246+0200] {dagbag.py:540} INFO - Filling up the DagBag from /opt/airflow/dags/download_daily_files back.py
[2025-12-11T16:30:41.262+0200] {logging_mixin.py:188} INFO - [2025-12-11T16:30:41.258+0200] {dagbag.py:350} ERROR - Failed to import: /opt/airflow/dags/download_daily_files back.py
Traceback (most recent call last):
  File "/home/airflow/.local/lib/python3.8/site-packages/airflow/models/dagbag.py", line 346, in parse
    loader.exec_module(new_module)
  File "<frozen importlib._bootstrap_external>", line 843, in exec_module
  File "<frozen importlib._bootstrap>", line 219, in _call_with_frames_removed
  File "/opt/airflow/dags/download_daily_files back.py", line 124, in <module>
    dag = download_daily_files()
  File "/home/airflow/.local/lib/python3.8/site-packages/airflow/models/dag.py", line 3905, in factory
    with DAG(
  File "/home/airflow/.local/lib/python3.8/site-packages/airflow/models/dag.py", line 499, in __init__
    validate_key(dag_id)
  File "/home/airflow/.local/lib/python3.8/site-packages/airflow/utils/helpers.py", line 57, in validate_key
    raise AirflowException(
airflow.exceptions.AirflowException: The key 'download_daily_files back' has to be made of alphanumeric characters, dashes, dots and underscores exclusively
[2025-12-11T16:30:41.262+0200] {processor.py:842} WARNING - No viable dags retrieved from /opt/airflow/dags/download_daily_files back.py
[2025-12-11T16:30:41.280+0200] {processor.py:183} INFO - Processing /opt/airflow/dags/download_daily_files back.py took 0.039 seconds
[2025-12-11T16:31:11.916+0200] {processor.py:161} INFO - Started process (PID=2171) to work on /opt/airflow/dags/download_daily_files back.py
[2025-12-11T16:31:11.917+0200] {processor.py:830} INFO - Processing file /opt/airflow/dags/download_daily_files back.py for tasks to queue
[2025-12-11T16:31:11.918+0200] {logging_mixin.py:188} INFO - [2025-12-11T16:31:11.918+0200] {dagbag.py:540} INFO - Filling up the DagBag from /opt/airflow/dags/download_daily_files back.py
[2025-12-11T16:31:11.932+0200] {logging_mixin.py:188} INFO - [2025-12-11T16:31:11.929+0200] {dagbag.py:350} ERROR - Failed to import: /opt/airflow/dags/download_daily_files back.py
Traceback (most recent call last):
  File "/home/airflow/.local/lib/python3.8/site-packages/airflow/models/dagbag.py", line 346, in parse
    loader.exec_module(new_module)
  File "<frozen importlib._bootstrap_external>", line 843, in exec_module
  File "<frozen importlib._bootstrap>", line 219, in _call_with_frames_removed
  File "/opt/airflow/dags/download_daily_files back.py", line 124, in <module>
    dag = download_daily_files()
  File "/home/airflow/.local/lib/python3.8/site-packages/airflow/models/dag.py", line 3905, in factory
    with DAG(
  File "/home/airflow/.local/lib/python3.8/site-packages/airflow/models/dag.py", line 499, in __init__
    validate_key(dag_id)
  File "/home/airflow/.local/lib/python3.8/site-packages/airflow/utils/helpers.py", line 57, in validate_key
    raise AirflowException(
airflow.exceptions.AirflowException: The key 'download_daily_files back' has to be made of alphanumeric characters, dashes, dots and underscores exclusively
[2025-12-11T16:31:11.933+0200] {processor.py:842} WARNING - No viable dags retrieved from /opt/airflow/dags/download_daily_files back.py
[2025-12-11T16:31:11.950+0200] {processor.py:183} INFO - Processing /opt/airflow/dags/download_daily_files back.py took 0.037 seconds
[2025-12-11T16:31:42.662+0200] {processor.py:161} INFO - Started process (PID=2186) to work on /opt/airflow/dags/download_daily_files back.py
[2025-12-11T16:31:42.663+0200] {processor.py:830} INFO - Processing file /opt/airflow/dags/download_daily_files back.py for tasks to queue
[2025-12-11T16:31:42.664+0200] {logging_mixin.py:188} INFO - [2025-12-11T16:31:42.663+0200] {dagbag.py:540} INFO - Filling up the DagBag from /opt/airflow/dags/download_daily_files back.py
[2025-12-11T16:31:42.677+0200] {logging_mixin.py:188} INFO - [2025-12-11T16:31:42.673+0200] {dagbag.py:350} ERROR - Failed to import: /opt/airflow/dags/download_daily_files back.py
Traceback (most recent call last):
  File "/home/airflow/.local/lib/python3.8/site-packages/airflow/models/dagbag.py", line 346, in parse
    loader.exec_module(new_module)
  File "<frozen importlib._bootstrap_external>", line 843, in exec_module
  File "<frozen importlib._bootstrap>", line 219, in _call_with_frames_removed
  File "/opt/airflow/dags/download_daily_files back.py", line 124, in <module>
    dag = download_daily_files()
  File "/home/airflow/.local/lib/python3.8/site-packages/airflow/models/dag.py", line 3905, in factory
    with DAG(
  File "/home/airflow/.local/lib/python3.8/site-packages/airflow/models/dag.py", line 499, in __init__
    validate_key(dag_id)
  File "/home/airflow/.local/lib/python3.8/site-packages/airflow/utils/helpers.py", line 57, in validate_key
    raise AirflowException(
airflow.exceptions.AirflowException: The key 'download_daily_files back' has to be made of alphanumeric characters, dashes, dots and underscores exclusively
[2025-12-11T16:31:42.678+0200] {processor.py:842} WARNING - No viable dags retrieved from /opt/airflow/dags/download_daily_files back.py
[2025-12-11T16:31:42.694+0200] {processor.py:183} INFO - Processing /opt/airflow/dags/download_daily_files back.py took 0.035 seconds
[2025-12-11T16:32:13.328+0200] {processor.py:161} INFO - Started process (PID=2201) to work on /opt/airflow/dags/download_daily_files back.py
[2025-12-11T16:32:13.329+0200] {processor.py:830} INFO - Processing file /opt/airflow/dags/download_daily_files back.py for tasks to queue
[2025-12-11T16:32:13.331+0200] {logging_mixin.py:188} INFO - [2025-12-11T16:32:13.330+0200] {dagbag.py:540} INFO - Filling up the DagBag from /opt/airflow/dags/download_daily_files back.py
[2025-12-11T16:32:13.347+0200] {logging_mixin.py:188} INFO - [2025-12-11T16:32:13.342+0200] {dagbag.py:350} ERROR - Failed to import: /opt/airflow/dags/download_daily_files back.py
Traceback (most recent call last):
  File "/home/airflow/.local/lib/python3.8/site-packages/airflow/models/dagbag.py", line 346, in parse
    loader.exec_module(new_module)
  File "<frozen importlib._bootstrap_external>", line 843, in exec_module
  File "<frozen importlib._bootstrap>", line 219, in _call_with_frames_removed
  File "/opt/airflow/dags/download_daily_files back.py", line 124, in <module>
    dag = download_daily_files()
  File "/home/airflow/.local/lib/python3.8/site-packages/airflow/models/dag.py", line 3905, in factory
    with DAG(
  File "/home/airflow/.local/lib/python3.8/site-packages/airflow/models/dag.py", line 499, in __init__
    validate_key(dag_id)
  File "/home/airflow/.local/lib/python3.8/site-packages/airflow/utils/helpers.py", line 57, in validate_key
    raise AirflowException(
airflow.exceptions.AirflowException: The key 'download_daily_files back' has to be made of alphanumeric characters, dashes, dots and underscores exclusively
[2025-12-11T16:32:13.348+0200] {processor.py:842} WARNING - No viable dags retrieved from /opt/airflow/dags/download_daily_files back.py
[2025-12-11T16:32:13.368+0200] {processor.py:183} INFO - Processing /opt/airflow/dags/download_daily_files back.py took 0.043 seconds
[2025-12-11T16:32:44.051+0200] {processor.py:161} INFO - Started process (PID=2216) to work on /opt/airflow/dags/download_daily_files back.py
[2025-12-11T16:32:44.052+0200] {processor.py:830} INFO - Processing file /opt/airflow/dags/download_daily_files back.py for tasks to queue
[2025-12-11T16:32:44.053+0200] {logging_mixin.py:188} INFO - [2025-12-11T16:32:44.053+0200] {dagbag.py:540} INFO - Filling up the DagBag from /opt/airflow/dags/download_daily_files back.py
[2025-12-11T16:32:44.071+0200] {logging_mixin.py:188} INFO - [2025-12-11T16:32:44.066+0200] {dagbag.py:350} ERROR - Failed to import: /opt/airflow/dags/download_daily_files back.py
Traceback (most recent call last):
  File "/home/airflow/.local/lib/python3.8/site-packages/airflow/models/dagbag.py", line 346, in parse
    loader.exec_module(new_module)
  File "<frozen importlib._bootstrap_external>", line 843, in exec_module
  File "<frozen importlib._bootstrap>", line 219, in _call_with_frames_removed
  File "/opt/airflow/dags/download_daily_files back.py", line 124, in <module>
    dag = download_daily_files()
  File "/home/airflow/.local/lib/python3.8/site-packages/airflow/models/dag.py", line 3905, in factory
    with DAG(
  File "/home/airflow/.local/lib/python3.8/site-packages/airflow/models/dag.py", line 499, in __init__
    validate_key(dag_id)
  File "/home/airflow/.local/lib/python3.8/site-packages/airflow/utils/helpers.py", line 57, in validate_key
    raise AirflowException(
airflow.exceptions.AirflowException: The key 'download_daily_files back' has to be made of alphanumeric characters, dashes, dots and underscores exclusively
[2025-12-11T16:32:44.072+0200] {processor.py:842} WARNING - No viable dags retrieved from /opt/airflow/dags/download_daily_files back.py
[2025-12-11T16:32:44.090+0200] {processor.py:183} INFO - Processing /opt/airflow/dags/download_daily_files back.py took 0.041 seconds
[2025-12-11T16:33:14.619+0200] {processor.py:161} INFO - Started process (PID=2231) to work on /opt/airflow/dags/download_daily_files back.py
[2025-12-11T16:33:14.620+0200] {processor.py:830} INFO - Processing file /opt/airflow/dags/download_daily_files back.py for tasks to queue
[2025-12-11T16:33:14.620+0200] {logging_mixin.py:188} INFO - [2025-12-11T16:33:14.620+0200] {dagbag.py:540} INFO - Filling up the DagBag from /opt/airflow/dags/download_daily_files back.py
[2025-12-11T16:33:14.633+0200] {logging_mixin.py:188} INFO - [2025-12-11T16:33:14.629+0200] {dagbag.py:350} ERROR - Failed to import: /opt/airflow/dags/download_daily_files back.py
Traceback (most recent call last):
  File "/home/airflow/.local/lib/python3.8/site-packages/airflow/models/dagbag.py", line 346, in parse
    loader.exec_module(new_module)
  File "<frozen importlib._bootstrap_external>", line 843, in exec_module
  File "<frozen importlib._bootstrap>", line 219, in _call_with_frames_removed
  File "/opt/airflow/dags/download_daily_files back.py", line 124, in <module>
    dag = download_daily_files()
  File "/home/airflow/.local/lib/python3.8/site-packages/airflow/models/dag.py", line 3905, in factory
    with DAG(
  File "/home/airflow/.local/lib/python3.8/site-packages/airflow/models/dag.py", line 499, in __init__
    validate_key(dag_id)
  File "/home/airflow/.local/lib/python3.8/site-packages/airflow/utils/helpers.py", line 57, in validate_key
    raise AirflowException(
airflow.exceptions.AirflowException: The key 'download_daily_files back' has to be made of alphanumeric characters, dashes, dots and underscores exclusively
[2025-12-11T16:33:14.633+0200] {processor.py:842} WARNING - No viable dags retrieved from /opt/airflow/dags/download_daily_files back.py
[2025-12-11T16:33:14.650+0200] {processor.py:183} INFO - Processing /opt/airflow/dags/download_daily_files back.py took 0.034 seconds
[2025-12-11T16:33:45.277+0200] {processor.py:161} INFO - Started process (PID=2251) to work on /opt/airflow/dags/download_daily_files back.py
[2025-12-11T16:33:45.278+0200] {processor.py:830} INFO - Processing file /opt/airflow/dags/download_daily_files back.py for tasks to queue
[2025-12-11T16:33:45.280+0200] {logging_mixin.py:188} INFO - [2025-12-11T16:33:45.279+0200] {dagbag.py:540} INFO - Filling up the DagBag from /opt/airflow/dags/download_daily_files back.py
[2025-12-11T16:33:45.300+0200] {logging_mixin.py:188} INFO - [2025-12-11T16:33:45.295+0200] {dagbag.py:350} ERROR - Failed to import: /opt/airflow/dags/download_daily_files back.py
Traceback (most recent call last):
  File "/home/airflow/.local/lib/python3.8/site-packages/airflow/models/dagbag.py", line 346, in parse
    loader.exec_module(new_module)
  File "<frozen importlib._bootstrap_external>", line 843, in exec_module
  File "<frozen importlib._bootstrap>", line 219, in _call_with_frames_removed
  File "/opt/airflow/dags/download_daily_files back.py", line 124, in <module>
    dag = download_daily_files()
  File "/home/airflow/.local/lib/python3.8/site-packages/airflow/models/dag.py", line 3905, in factory
    with DAG(
  File "/home/airflow/.local/lib/python3.8/site-packages/airflow/models/dag.py", line 499, in __init__
    validate_key(dag_id)
  File "/home/airflow/.local/lib/python3.8/site-packages/airflow/utils/helpers.py", line 57, in validate_key
    raise AirflowException(
airflow.exceptions.AirflowException: The key 'download_daily_files back' has to be made of alphanumeric characters, dashes, dots and underscores exclusively
[2025-12-11T16:33:45.300+0200] {processor.py:842} WARNING - No viable dags retrieved from /opt/airflow/dags/download_daily_files back.py
[2025-12-11T16:33:45.319+0200] {processor.py:183} INFO - Processing /opt/airflow/dags/download_daily_files back.py took 0.045 seconds
[2025-12-11T16:34:15.995+0200] {processor.py:161} INFO - Started process (PID=2266) to work on /opt/airflow/dags/download_daily_files back.py
[2025-12-11T16:34:15.995+0200] {processor.py:830} INFO - Processing file /opt/airflow/dags/download_daily_files back.py for tasks to queue
[2025-12-11T16:34:15.996+0200] {logging_mixin.py:188} INFO - [2025-12-11T16:34:15.996+0200] {dagbag.py:540} INFO - Filling up the DagBag from /opt/airflow/dags/download_daily_files back.py
[2025-12-11T16:34:16.008+0200] {logging_mixin.py:188} INFO - [2025-12-11T16:34:16.005+0200] {dagbag.py:350} ERROR - Failed to import: /opt/airflow/dags/download_daily_files back.py
Traceback (most recent call last):
  File "/home/airflow/.local/lib/python3.8/site-packages/airflow/models/dagbag.py", line 346, in parse
    loader.exec_module(new_module)
  File "<frozen importlib._bootstrap_external>", line 843, in exec_module
  File "<frozen importlib._bootstrap>", line 219, in _call_with_frames_removed
  File "/opt/airflow/dags/download_daily_files back.py", line 124, in <module>
    dag = download_daily_files()
  File "/home/airflow/.local/lib/python3.8/site-packages/airflow/models/dag.py", line 3905, in factory
    with DAG(
  File "/home/airflow/.local/lib/python3.8/site-packages/airflow/models/dag.py", line 499, in __init__
    validate_key(dag_id)
  File "/home/airflow/.local/lib/python3.8/site-packages/airflow/utils/helpers.py", line 57, in validate_key
    raise AirflowException(
airflow.exceptions.AirflowException: The key 'download_daily_files back' has to be made of alphanumeric characters, dashes, dots and underscores exclusively
[2025-12-11T16:34:16.009+0200] {processor.py:842} WARNING - No viable dags retrieved from /opt/airflow/dags/download_daily_files back.py
[2025-12-11T16:34:16.025+0200] {processor.py:183} INFO - Processing /opt/airflow/dags/download_daily_files back.py took 0.033 seconds
[2025-12-11T16:34:46.754+0200] {processor.py:161} INFO - Started process (PID=2281) to work on /opt/airflow/dags/download_daily_files back.py
[2025-12-11T16:34:46.755+0200] {processor.py:830} INFO - Processing file /opt/airflow/dags/download_daily_files back.py for tasks to queue
[2025-12-11T16:34:46.756+0200] {logging_mixin.py:188} INFO - [2025-12-11T16:34:46.755+0200] {dagbag.py:540} INFO - Filling up the DagBag from /opt/airflow/dags/download_daily_files back.py
[2025-12-11T16:34:46.771+0200] {logging_mixin.py:188} INFO - [2025-12-11T16:34:46.767+0200] {dagbag.py:350} ERROR - Failed to import: /opt/airflow/dags/download_daily_files back.py
Traceback (most recent call last):
  File "/home/airflow/.local/lib/python3.8/site-packages/airflow/models/dagbag.py", line 346, in parse
    loader.exec_module(new_module)
  File "<frozen importlib._bootstrap_external>", line 843, in exec_module
  File "<frozen importlib._bootstrap>", line 219, in _call_with_frames_removed
  File "/opt/airflow/dags/download_daily_files back.py", line 124, in <module>
    dag = download_daily_files()
  File "/home/airflow/.local/lib/python3.8/site-packages/airflow/models/dag.py", line 3905, in factory
    with DAG(
  File "/home/airflow/.local/lib/python3.8/site-packages/airflow/models/dag.py", line 499, in __init__
    validate_key(dag_id)
  File "/home/airflow/.local/lib/python3.8/site-packages/airflow/utils/helpers.py", line 57, in validate_key
    raise AirflowException(
airflow.exceptions.AirflowException: The key 'download_daily_files back' has to be made of alphanumeric characters, dashes, dots and underscores exclusively
[2025-12-11T16:34:46.772+0200] {processor.py:842} WARNING - No viable dags retrieved from /opt/airflow/dags/download_daily_files back.py
[2025-12-11T16:34:46.791+0200] {processor.py:183} INFO - Processing /opt/airflow/dags/download_daily_files back.py took 0.041 seconds
[2025-12-11T16:35:17.535+0200] {processor.py:161} INFO - Started process (PID=2296) to work on /opt/airflow/dags/download_daily_files back.py
[2025-12-11T16:35:17.536+0200] {processor.py:830} INFO - Processing file /opt/airflow/dags/download_daily_files back.py for tasks to queue
[2025-12-11T16:35:17.536+0200] {logging_mixin.py:188} INFO - [2025-12-11T16:35:17.536+0200] {dagbag.py:540} INFO - Filling up the DagBag from /opt/airflow/dags/download_daily_files back.py
[2025-12-11T16:35:17.550+0200] {logging_mixin.py:188} INFO - [2025-12-11T16:35:17.546+0200] {dagbag.py:350} ERROR - Failed to import: /opt/airflow/dags/download_daily_files back.py
Traceback (most recent call last):
  File "/home/airflow/.local/lib/python3.8/site-packages/airflow/models/dagbag.py", line 346, in parse
    loader.exec_module(new_module)
  File "<frozen importlib._bootstrap_external>", line 843, in exec_module
  File "<frozen importlib._bootstrap>", line 219, in _call_with_frames_removed
  File "/opt/airflow/dags/download_daily_files back.py", line 124, in <module>
    dag = download_daily_files()
  File "/home/airflow/.local/lib/python3.8/site-packages/airflow/models/dag.py", line 3905, in factory
    with DAG(
  File "/home/airflow/.local/lib/python3.8/site-packages/airflow/models/dag.py", line 499, in __init__
    validate_key(dag_id)
  File "/home/airflow/.local/lib/python3.8/site-packages/airflow/utils/helpers.py", line 57, in validate_key
    raise AirflowException(
airflow.exceptions.AirflowException: The key 'download_daily_files back' has to be made of alphanumeric characters, dashes, dots and underscores exclusively
[2025-12-11T16:35:17.551+0200] {processor.py:842} WARNING - No viable dags retrieved from /opt/airflow/dags/download_daily_files back.py
[2025-12-11T16:35:17.567+0200] {processor.py:183} INFO - Processing /opt/airflow/dags/download_daily_files back.py took 0.036 seconds
[2025-12-11T16:35:48.306+0200] {processor.py:161} INFO - Started process (PID=2311) to work on /opt/airflow/dags/download_daily_files back.py
[2025-12-11T16:35:48.306+0200] {processor.py:830} INFO - Processing file /opt/airflow/dags/download_daily_files back.py for tasks to queue
[2025-12-11T16:35:48.307+0200] {logging_mixin.py:188} INFO - [2025-12-11T16:35:48.307+0200] {dagbag.py:540} INFO - Filling up the DagBag from /opt/airflow/dags/download_daily_files back.py
[2025-12-11T16:35:48.319+0200] {logging_mixin.py:188} INFO - [2025-12-11T16:35:48.316+0200] {dagbag.py:350} ERROR - Failed to import: /opt/airflow/dags/download_daily_files back.py
Traceback (most recent call last):
  File "/home/airflow/.local/lib/python3.8/site-packages/airflow/models/dagbag.py", line 346, in parse
    loader.exec_module(new_module)
  File "<frozen importlib._bootstrap_external>", line 843, in exec_module
  File "<frozen importlib._bootstrap>", line 219, in _call_with_frames_removed
  File "/opt/airflow/dags/download_daily_files back.py", line 124, in <module>
    dag = download_daily_files()
  File "/home/airflow/.local/lib/python3.8/site-packages/airflow/models/dag.py", line 3905, in factory
    with DAG(
  File "/home/airflow/.local/lib/python3.8/site-packages/airflow/models/dag.py", line 499, in __init__
    validate_key(dag_id)
  File "/home/airflow/.local/lib/python3.8/site-packages/airflow/utils/helpers.py", line 57, in validate_key
    raise AirflowException(
airflow.exceptions.AirflowException: The key 'download_daily_files back' has to be made of alphanumeric characters, dashes, dots and underscores exclusively
[2025-12-11T16:35:48.320+0200] {processor.py:842} WARNING - No viable dags retrieved from /opt/airflow/dags/download_daily_files back.py
[2025-12-11T16:35:48.336+0200] {processor.py:183} INFO - Processing /opt/airflow/dags/download_daily_files back.py took 0.033 seconds
[2025-12-11T16:36:18.947+0200] {processor.py:161} INFO - Started process (PID=2326) to work on /opt/airflow/dags/download_daily_files back.py
[2025-12-11T16:36:18.948+0200] {processor.py:830} INFO - Processing file /opt/airflow/dags/download_daily_files back.py for tasks to queue
[2025-12-11T16:36:18.949+0200] {logging_mixin.py:188} INFO - [2025-12-11T16:36:18.949+0200] {dagbag.py:540} INFO - Filling up the DagBag from /opt/airflow/dags/download_daily_files back.py
[2025-12-11T16:36:18.963+0200] {logging_mixin.py:188} INFO - [2025-12-11T16:36:18.959+0200] {dagbag.py:350} ERROR - Failed to import: /opt/airflow/dags/download_daily_files back.py
Traceback (most recent call last):
  File "/home/airflow/.local/lib/python3.8/site-packages/airflow/models/dagbag.py", line 346, in parse
    loader.exec_module(new_module)
  File "<frozen importlib._bootstrap_external>", line 843, in exec_module
  File "<frozen importlib._bootstrap>", line 219, in _call_with_frames_removed
  File "/opt/airflow/dags/download_daily_files back.py", line 124, in <module>
    dag = download_daily_files()
  File "/home/airflow/.local/lib/python3.8/site-packages/airflow/models/dag.py", line 3905, in factory
    with DAG(
  File "/home/airflow/.local/lib/python3.8/site-packages/airflow/models/dag.py", line 499, in __init__
    validate_key(dag_id)
  File "/home/airflow/.local/lib/python3.8/site-packages/airflow/utils/helpers.py", line 57, in validate_key
    raise AirflowException(
airflow.exceptions.AirflowException: The key 'download_daily_files back' has to be made of alphanumeric characters, dashes, dots and underscores exclusively
[2025-12-11T16:36:18.964+0200] {processor.py:842} WARNING - No viable dags retrieved from /opt/airflow/dags/download_daily_files back.py
[2025-12-11T16:36:18.982+0200] {processor.py:183} INFO - Processing /opt/airflow/dags/download_daily_files back.py took 0.038 seconds
[2025-12-11T16:36:49.603+0200] {processor.py:161} INFO - Started process (PID=2341) to work on /opt/airflow/dags/download_daily_files back.py
[2025-12-11T16:36:49.604+0200] {processor.py:830} INFO - Processing file /opt/airflow/dags/download_daily_files back.py for tasks to queue
[2025-12-11T16:36:49.605+0200] {logging_mixin.py:188} INFO - [2025-12-11T16:36:49.605+0200] {dagbag.py:540} INFO - Filling up the DagBag from /opt/airflow/dags/download_daily_files back.py
[2025-12-11T16:36:49.620+0200] {logging_mixin.py:188} INFO - [2025-12-11T16:36:49.616+0200] {dagbag.py:350} ERROR - Failed to import: /opt/airflow/dags/download_daily_files back.py
Traceback (most recent call last):
  File "/home/airflow/.local/lib/python3.8/site-packages/airflow/models/dagbag.py", line 346, in parse
    loader.exec_module(new_module)
  File "<frozen importlib._bootstrap_external>", line 843, in exec_module
  File "<frozen importlib._bootstrap>", line 219, in _call_with_frames_removed
  File "/opt/airflow/dags/download_daily_files back.py", line 124, in <module>
    dag = download_daily_files()
  File "/home/airflow/.local/lib/python3.8/site-packages/airflow/models/dag.py", line 3905, in factory
    with DAG(
  File "/home/airflow/.local/lib/python3.8/site-packages/airflow/models/dag.py", line 499, in __init__
    validate_key(dag_id)
  File "/home/airflow/.local/lib/python3.8/site-packages/airflow/utils/helpers.py", line 57, in validate_key
    raise AirflowException(
airflow.exceptions.AirflowException: The key 'download_daily_files back' has to be made of alphanumeric characters, dashes, dots and underscores exclusively
[2025-12-11T16:36:49.620+0200] {processor.py:842} WARNING - No viable dags retrieved from /opt/airflow/dags/download_daily_files back.py
[2025-12-11T16:36:49.638+0200] {processor.py:183} INFO - Processing /opt/airflow/dags/download_daily_files back.py took 0.039 seconds
[2025-12-11T16:37:20.470+0200] {processor.py:161} INFO - Started process (PID=2356) to work on /opt/airflow/dags/download_daily_files back.py
[2025-12-11T16:37:20.471+0200] {processor.py:830} INFO - Processing file /opt/airflow/dags/download_daily_files back.py for tasks to queue
[2025-12-11T16:37:20.472+0200] {logging_mixin.py:188} INFO - [2025-12-11T16:37:20.471+0200] {dagbag.py:540} INFO - Filling up the DagBag from /opt/airflow/dags/download_daily_files back.py
[2025-12-11T16:37:20.487+0200] {logging_mixin.py:188} INFO - [2025-12-11T16:37:20.482+0200] {dagbag.py:350} ERROR - Failed to import: /opt/airflow/dags/download_daily_files back.py
Traceback (most recent call last):
  File "/home/airflow/.local/lib/python3.8/site-packages/airflow/models/dagbag.py", line 346, in parse
    loader.exec_module(new_module)
  File "<frozen importlib._bootstrap_external>", line 843, in exec_module
  File "<frozen importlib._bootstrap>", line 219, in _call_with_frames_removed
  File "/opt/airflow/dags/download_daily_files back.py", line 124, in <module>
    dag = download_daily_files()
  File "/home/airflow/.local/lib/python3.8/site-packages/airflow/models/dag.py", line 3905, in factory
    with DAG(
  File "/home/airflow/.local/lib/python3.8/site-packages/airflow/models/dag.py", line 499, in __init__
    validate_key(dag_id)
  File "/home/airflow/.local/lib/python3.8/site-packages/airflow/utils/helpers.py", line 57, in validate_key
    raise AirflowException(
airflow.exceptions.AirflowException: The key 'download_daily_files back' has to be made of alphanumeric characters, dashes, dots and underscores exclusively
[2025-12-11T16:37:20.487+0200] {processor.py:842} WARNING - No viable dags retrieved from /opt/airflow/dags/download_daily_files back.py
[2025-12-11T16:37:20.504+0200] {processor.py:183} INFO - Processing /opt/airflow/dags/download_daily_files back.py took 0.037 seconds
[2025-12-11T16:37:51.256+0200] {processor.py:161} INFO - Started process (PID=2371) to work on /opt/airflow/dags/download_daily_files back.py
[2025-12-11T16:37:51.257+0200] {processor.py:830} INFO - Processing file /opt/airflow/dags/download_daily_files back.py for tasks to queue
[2025-12-11T16:37:51.257+0200] {logging_mixin.py:188} INFO - [2025-12-11T16:37:51.257+0200] {dagbag.py:540} INFO - Filling up the DagBag from /opt/airflow/dags/download_daily_files back.py
[2025-12-11T16:37:51.272+0200] {logging_mixin.py:188} INFO - [2025-12-11T16:37:51.268+0200] {dagbag.py:350} ERROR - Failed to import: /opt/airflow/dags/download_daily_files back.py
Traceback (most recent call last):
  File "/home/airflow/.local/lib/python3.8/site-packages/airflow/models/dagbag.py", line 346, in parse
    loader.exec_module(new_module)
  File "<frozen importlib._bootstrap_external>", line 843, in exec_module
  File "<frozen importlib._bootstrap>", line 219, in _call_with_frames_removed
  File "/opt/airflow/dags/download_daily_files back.py", line 124, in <module>
    dag = download_daily_files()
  File "/home/airflow/.local/lib/python3.8/site-packages/airflow/models/dag.py", line 3905, in factory
    with DAG(
  File "/home/airflow/.local/lib/python3.8/site-packages/airflow/models/dag.py", line 499, in __init__
    validate_key(dag_id)
  File "/home/airflow/.local/lib/python3.8/site-packages/airflow/utils/helpers.py", line 57, in validate_key
    raise AirflowException(
airflow.exceptions.AirflowException: The key 'download_daily_files back' has to be made of alphanumeric characters, dashes, dots and underscores exclusively
[2025-12-11T16:37:51.273+0200] {processor.py:842} WARNING - No viable dags retrieved from /opt/airflow/dags/download_daily_files back.py
[2025-12-11T16:37:51.290+0200] {processor.py:183} INFO - Processing /opt/airflow/dags/download_daily_files back.py took 0.037 seconds
[2025-12-11T16:38:22.009+0200] {processor.py:161} INFO - Started process (PID=2386) to work on /opt/airflow/dags/download_daily_files back.py
[2025-12-11T16:38:22.010+0200] {processor.py:830} INFO - Processing file /opt/airflow/dags/download_daily_files back.py for tasks to queue
[2025-12-11T16:38:22.011+0200] {logging_mixin.py:188} INFO - [2025-12-11T16:38:22.011+0200] {dagbag.py:540} INFO - Filling up the DagBag from /opt/airflow/dags/download_daily_files back.py
[2025-12-11T16:38:22.060+0200] {logging_mixin.py:188} INFO - [2025-12-11T16:38:22.055+0200] {dagbag.py:350} ERROR - Failed to import: /opt/airflow/dags/download_daily_files back.py
Traceback (most recent call last):
  File "/home/airflow/.local/lib/python3.8/site-packages/airflow/models/dagbag.py", line 346, in parse
    loader.exec_module(new_module)
  File "<frozen importlib._bootstrap_external>", line 843, in exec_module
  File "<frozen importlib._bootstrap>", line 219, in _call_with_frames_removed
  File "/opt/airflow/dags/download_daily_files back.py", line 124, in <module>
    dag = download_daily_files()
  File "/home/airflow/.local/lib/python3.8/site-packages/airflow/models/dag.py", line 3905, in factory
    with DAG(
  File "/home/airflow/.local/lib/python3.8/site-packages/airflow/models/dag.py", line 499, in __init__
    validate_key(dag_id)
  File "/home/airflow/.local/lib/python3.8/site-packages/airflow/utils/helpers.py", line 57, in validate_key
    raise AirflowException(
airflow.exceptions.AirflowException: The key 'download_daily_files back' has to be made of alphanumeric characters, dashes, dots and underscores exclusively
[2025-12-11T16:38:22.061+0200] {processor.py:842} WARNING - No viable dags retrieved from /opt/airflow/dags/download_daily_files back.py
[2025-12-11T16:38:22.085+0200] {processor.py:183} INFO - Processing /opt/airflow/dags/download_daily_files back.py took 0.079 seconds
[2025-12-11T16:38:52.712+0200] {processor.py:161} INFO - Started process (PID=2401) to work on /opt/airflow/dags/download_daily_files back.py
[2025-12-11T16:38:52.713+0200] {processor.py:830} INFO - Processing file /opt/airflow/dags/download_daily_files back.py for tasks to queue
[2025-12-11T16:38:52.714+0200] {logging_mixin.py:188} INFO - [2025-12-11T16:38:52.714+0200] {dagbag.py:540} INFO - Filling up the DagBag from /opt/airflow/dags/download_daily_files back.py
[2025-12-11T16:38:52.730+0200] {logging_mixin.py:188} INFO - [2025-12-11T16:38:52.726+0200] {dagbag.py:350} ERROR - Failed to import: /opt/airflow/dags/download_daily_files back.py
Traceback (most recent call last):
  File "/home/airflow/.local/lib/python3.8/site-packages/airflow/models/dagbag.py", line 346, in parse
    loader.exec_module(new_module)
  File "<frozen importlib._bootstrap_external>", line 843, in exec_module
  File "<frozen importlib._bootstrap>", line 219, in _call_with_frames_removed
  File "/opt/airflow/dags/download_daily_files back.py", line 124, in <module>
    dag = download_daily_files()
  File "/home/airflow/.local/lib/python3.8/site-packages/airflow/models/dag.py", line 3905, in factory
    with DAG(
  File "/home/airflow/.local/lib/python3.8/site-packages/airflow/models/dag.py", line 499, in __init__
    validate_key(dag_id)
  File "/home/airflow/.local/lib/python3.8/site-packages/airflow/utils/helpers.py", line 57, in validate_key
    raise AirflowException(
airflow.exceptions.AirflowException: The key 'download_daily_files back' has to be made of alphanumeric characters, dashes, dots and underscores exclusively
[2025-12-11T16:38:52.730+0200] {processor.py:842} WARNING - No viable dags retrieved from /opt/airflow/dags/download_daily_files back.py
[2025-12-11T16:38:52.748+0200] {processor.py:183} INFO - Processing /opt/airflow/dags/download_daily_files back.py took 0.039 seconds
[2025-12-11T16:39:23.468+0200] {processor.py:161} INFO - Started process (PID=2416) to work on /opt/airflow/dags/download_daily_files back.py
[2025-12-11T16:39:23.469+0200] {processor.py:830} INFO - Processing file /opt/airflow/dags/download_daily_files back.py for tasks to queue
[2025-12-11T16:39:23.470+0200] {logging_mixin.py:188} INFO - [2025-12-11T16:39:23.470+0200] {dagbag.py:540} INFO - Filling up the DagBag from /opt/airflow/dags/download_daily_files back.py
[2025-12-11T16:39:23.485+0200] {logging_mixin.py:188} INFO - [2025-12-11T16:39:23.482+0200] {dagbag.py:350} ERROR - Failed to import: /opt/airflow/dags/download_daily_files back.py
Traceback (most recent call last):
  File "/home/airflow/.local/lib/python3.8/site-packages/airflow/models/dagbag.py", line 346, in parse
    loader.exec_module(new_module)
  File "<frozen importlib._bootstrap_external>", line 843, in exec_module
  File "<frozen importlib._bootstrap>", line 219, in _call_with_frames_removed
  File "/opt/airflow/dags/download_daily_files back.py", line 124, in <module>
    dag = download_daily_files()
  File "/home/airflow/.local/lib/python3.8/site-packages/airflow/models/dag.py", line 3905, in factory
    with DAG(
  File "/home/airflow/.local/lib/python3.8/site-packages/airflow/models/dag.py", line 499, in __init__
    validate_key(dag_id)
  File "/home/airflow/.local/lib/python3.8/site-packages/airflow/utils/helpers.py", line 57, in validate_key
    raise AirflowException(
airflow.exceptions.AirflowException: The key 'download_daily_files back' has to be made of alphanumeric characters, dashes, dots and underscores exclusively
[2025-12-11T16:39:23.486+0200] {processor.py:842} WARNING - No viable dags retrieved from /opt/airflow/dags/download_daily_files back.py
[2025-12-11T16:39:23.502+0200] {processor.py:183} INFO - Processing /opt/airflow/dags/download_daily_files back.py took 0.037 seconds
[2025-12-11T16:39:54.195+0200] {processor.py:161} INFO - Started process (PID=2431) to work on /opt/airflow/dags/download_daily_files back.py
[2025-12-11T16:39:54.196+0200] {processor.py:830} INFO - Processing file /opt/airflow/dags/download_daily_files back.py for tasks to queue
[2025-12-11T16:39:54.197+0200] {logging_mixin.py:188} INFO - [2025-12-11T16:39:54.196+0200] {dagbag.py:540} INFO - Filling up the DagBag from /opt/airflow/dags/download_daily_files back.py
[2025-12-11T16:39:54.213+0200] {logging_mixin.py:188} INFO - [2025-12-11T16:39:54.208+0200] {dagbag.py:350} ERROR - Failed to import: /opt/airflow/dags/download_daily_files back.py
Traceback (most recent call last):
  File "/home/airflow/.local/lib/python3.8/site-packages/airflow/models/dagbag.py", line 346, in parse
    loader.exec_module(new_module)
  File "<frozen importlib._bootstrap_external>", line 843, in exec_module
  File "<frozen importlib._bootstrap>", line 219, in _call_with_frames_removed
  File "/opt/airflow/dags/download_daily_files back.py", line 124, in <module>
    dag = download_daily_files()
  File "/home/airflow/.local/lib/python3.8/site-packages/airflow/models/dag.py", line 3905, in factory
    with DAG(
  File "/home/airflow/.local/lib/python3.8/site-packages/airflow/models/dag.py", line 499, in __init__
    validate_key(dag_id)
  File "/home/airflow/.local/lib/python3.8/site-packages/airflow/utils/helpers.py", line 57, in validate_key
    raise AirflowException(
airflow.exceptions.AirflowException: The key 'download_daily_files back' has to be made of alphanumeric characters, dashes, dots and underscores exclusively
[2025-12-11T16:39:54.213+0200] {processor.py:842} WARNING - No viable dags retrieved from /opt/airflow/dags/download_daily_files back.py
[2025-12-11T16:39:54.231+0200] {processor.py:183} INFO - Processing /opt/airflow/dags/download_daily_files back.py took 0.039 seconds
[2025-12-11T16:40:24.909+0200] {processor.py:161} INFO - Started process (PID=2446) to work on /opt/airflow/dags/download_daily_files back.py
[2025-12-11T16:40:24.910+0200] {processor.py:830} INFO - Processing file /opt/airflow/dags/download_daily_files back.py for tasks to queue
[2025-12-11T16:40:24.911+0200] {logging_mixin.py:188} INFO - [2025-12-11T16:40:24.911+0200] {dagbag.py:540} INFO - Filling up the DagBag from /opt/airflow/dags/download_daily_files back.py
[2025-12-11T16:40:24.926+0200] {logging_mixin.py:188} INFO - [2025-12-11T16:40:24.922+0200] {dagbag.py:350} ERROR - Failed to import: /opt/airflow/dags/download_daily_files back.py
Traceback (most recent call last):
  File "/home/airflow/.local/lib/python3.8/site-packages/airflow/models/dagbag.py", line 346, in parse
    loader.exec_module(new_module)
  File "<frozen importlib._bootstrap_external>", line 843, in exec_module
  File "<frozen importlib._bootstrap>", line 219, in _call_with_frames_removed
  File "/opt/airflow/dags/download_daily_files back.py", line 124, in <module>
    dag = download_daily_files()
  File "/home/airflow/.local/lib/python3.8/site-packages/airflow/models/dag.py", line 3905, in factory
    with DAG(
  File "/home/airflow/.local/lib/python3.8/site-packages/airflow/models/dag.py", line 499, in __init__
    validate_key(dag_id)
  File "/home/airflow/.local/lib/python3.8/site-packages/airflow/utils/helpers.py", line 57, in validate_key
    raise AirflowException(
airflow.exceptions.AirflowException: The key 'download_daily_files back' has to be made of alphanumeric characters, dashes, dots and underscores exclusively
[2025-12-11T16:40:24.926+0200] {processor.py:842} WARNING - No viable dags retrieved from /opt/airflow/dags/download_daily_files back.py
[2025-12-11T16:40:24.942+0200] {processor.py:183} INFO - Processing /opt/airflow/dags/download_daily_files back.py took 0.036 seconds
[2025-12-11T16:40:55.636+0200] {processor.py:161} INFO - Started process (PID=2461) to work on /opt/airflow/dags/download_daily_files back.py
[2025-12-11T16:40:55.638+0200] {processor.py:830} INFO - Processing file /opt/airflow/dags/download_daily_files back.py for tasks to queue
[2025-12-11T16:40:55.639+0200] {logging_mixin.py:188} INFO - [2025-12-11T16:40:55.638+0200] {dagbag.py:540} INFO - Filling up the DagBag from /opt/airflow/dags/download_daily_files back.py
[2025-12-11T16:40:55.652+0200] {logging_mixin.py:188} INFO - [2025-12-11T16:40:55.649+0200] {dagbag.py:350} ERROR - Failed to import: /opt/airflow/dags/download_daily_files back.py
Traceback (most recent call last):
  File "/home/airflow/.local/lib/python3.8/site-packages/airflow/models/dagbag.py", line 346, in parse
    loader.exec_module(new_module)
  File "<frozen importlib._bootstrap_external>", line 843, in exec_module
  File "<frozen importlib._bootstrap>", line 219, in _call_with_frames_removed
  File "/opt/airflow/dags/download_daily_files back.py", line 124, in <module>
    dag = download_daily_files()
  File "/home/airflow/.local/lib/python3.8/site-packages/airflow/models/dag.py", line 3905, in factory
    with DAG(
  File "/home/airflow/.local/lib/python3.8/site-packages/airflow/models/dag.py", line 499, in __init__
    validate_key(dag_id)
  File "/home/airflow/.local/lib/python3.8/site-packages/airflow/utils/helpers.py", line 57, in validate_key
    raise AirflowException(
airflow.exceptions.AirflowException: The key 'download_daily_files back' has to be made of alphanumeric characters, dashes, dots and underscores exclusively
[2025-12-11T16:40:55.653+0200] {processor.py:842} WARNING - No viable dags retrieved from /opt/airflow/dags/download_daily_files back.py
[2025-12-11T16:40:55.670+0200] {processor.py:183} INFO - Processing /opt/airflow/dags/download_daily_files back.py took 0.037 seconds
[2025-12-11T16:41:26.464+0200] {processor.py:161} INFO - Started process (PID=2476) to work on /opt/airflow/dags/download_daily_files back.py
[2025-12-11T16:41:26.465+0200] {processor.py:830} INFO - Processing file /opt/airflow/dags/download_daily_files back.py for tasks to queue
[2025-12-11T16:41:26.466+0200] {logging_mixin.py:188} INFO - [2025-12-11T16:41:26.466+0200] {dagbag.py:540} INFO - Filling up the DagBag from /opt/airflow/dags/download_daily_files back.py
[2025-12-11T16:41:26.479+0200] {logging_mixin.py:188} INFO - [2025-12-11T16:41:26.475+0200] {dagbag.py:350} ERROR - Failed to import: /opt/airflow/dags/download_daily_files back.py
Traceback (most recent call last):
  File "/home/airflow/.local/lib/python3.8/site-packages/airflow/models/dagbag.py", line 346, in parse
    loader.exec_module(new_module)
  File "<frozen importlib._bootstrap_external>", line 843, in exec_module
  File "<frozen importlib._bootstrap>", line 219, in _call_with_frames_removed
  File "/opt/airflow/dags/download_daily_files back.py", line 124, in <module>
    dag = download_daily_files()
  File "/home/airflow/.local/lib/python3.8/site-packages/airflow/models/dag.py", line 3905, in factory
    with DAG(
  File "/home/airflow/.local/lib/python3.8/site-packages/airflow/models/dag.py", line 499, in __init__
    validate_key(dag_id)
  File "/home/airflow/.local/lib/python3.8/site-packages/airflow/utils/helpers.py", line 57, in validate_key
    raise AirflowException(
airflow.exceptions.AirflowException: The key 'download_daily_files back' has to be made of alphanumeric characters, dashes, dots and underscores exclusively
[2025-12-11T16:41:26.480+0200] {processor.py:842} WARNING - No viable dags retrieved from /opt/airflow/dags/download_daily_files back.py
[2025-12-11T16:41:26.496+0200] {processor.py:183} INFO - Processing /opt/airflow/dags/download_daily_files back.py took 0.035 seconds
[2025-12-11T16:41:57.141+0200] {processor.py:161} INFO - Started process (PID=2491) to work on /opt/airflow/dags/download_daily_files back.py
[2025-12-11T16:41:57.142+0200] {processor.py:830} INFO - Processing file /opt/airflow/dags/download_daily_files back.py for tasks to queue
[2025-12-11T16:41:57.143+0200] {logging_mixin.py:188} INFO - [2025-12-11T16:41:57.143+0200] {dagbag.py:540} INFO - Filling up the DagBag from /opt/airflow/dags/download_daily_files back.py
[2025-12-11T16:41:57.156+0200] {logging_mixin.py:188} INFO - [2025-12-11T16:41:57.152+0200] {dagbag.py:350} ERROR - Failed to import: /opt/airflow/dags/download_daily_files back.py
Traceback (most recent call last):
  File "/home/airflow/.local/lib/python3.8/site-packages/airflow/models/dagbag.py", line 346, in parse
    loader.exec_module(new_module)
  File "<frozen importlib._bootstrap_external>", line 843, in exec_module
  File "<frozen importlib._bootstrap>", line 219, in _call_with_frames_removed
  File "/opt/airflow/dags/download_daily_files back.py", line 124, in <module>
    dag = download_daily_files()
  File "/home/airflow/.local/lib/python3.8/site-packages/airflow/models/dag.py", line 3905, in factory
    with DAG(
  File "/home/airflow/.local/lib/python3.8/site-packages/airflow/models/dag.py", line 499, in __init__
    validate_key(dag_id)
  File "/home/airflow/.local/lib/python3.8/site-packages/airflow/utils/helpers.py", line 57, in validate_key
    raise AirflowException(
airflow.exceptions.AirflowException: The key 'download_daily_files back' has to be made of alphanumeric characters, dashes, dots and underscores exclusively
[2025-12-11T16:41:57.156+0200] {processor.py:842} WARNING - No viable dags retrieved from /opt/airflow/dags/download_daily_files back.py
[2025-12-11T16:41:57.173+0200] {processor.py:183} INFO - Processing /opt/airflow/dags/download_daily_files back.py took 0.034 seconds
[2025-12-11T16:42:27.886+0200] {processor.py:161} INFO - Started process (PID=2512) to work on /opt/airflow/dags/download_daily_files back.py
[2025-12-11T16:42:27.887+0200] {processor.py:830} INFO - Processing file /opt/airflow/dags/download_daily_files back.py for tasks to queue
[2025-12-11T16:42:27.888+0200] {logging_mixin.py:188} INFO - [2025-12-11T16:42:27.888+0200] {dagbag.py:540} INFO - Filling up the DagBag from /opt/airflow/dags/download_daily_files back.py
[2025-12-11T16:42:27.901+0200] {logging_mixin.py:188} INFO - [2025-12-11T16:42:27.898+0200] {dagbag.py:350} ERROR - Failed to import: /opt/airflow/dags/download_daily_files back.py
Traceback (most recent call last):
  File "/home/airflow/.local/lib/python3.8/site-packages/airflow/models/dagbag.py", line 346, in parse
    loader.exec_module(new_module)
  File "<frozen importlib._bootstrap_external>", line 843, in exec_module
  File "<frozen importlib._bootstrap>", line 219, in _call_with_frames_removed
  File "/opt/airflow/dags/download_daily_files back.py", line 124, in <module>
    dag = download_daily_files()
  File "/home/airflow/.local/lib/python3.8/site-packages/airflow/models/dag.py", line 3905, in factory
    with DAG(
  File "/home/airflow/.local/lib/python3.8/site-packages/airflow/models/dag.py", line 499, in __init__
    validate_key(dag_id)
  File "/home/airflow/.local/lib/python3.8/site-packages/airflow/utils/helpers.py", line 57, in validate_key
    raise AirflowException(
airflow.exceptions.AirflowException: The key 'download_daily_files back' has to be made of alphanumeric characters, dashes, dots and underscores exclusively
[2025-12-11T16:42:27.902+0200] {processor.py:842} WARNING - No viable dags retrieved from /opt/airflow/dags/download_daily_files back.py
[2025-12-11T16:42:27.919+0200] {processor.py:183} INFO - Processing /opt/airflow/dags/download_daily_files back.py took 0.036 seconds
[2025-12-11T16:42:58.552+0200] {processor.py:161} INFO - Started process (PID=2527) to work on /opt/airflow/dags/download_daily_files back.py
[2025-12-11T16:42:58.553+0200] {processor.py:830} INFO - Processing file /opt/airflow/dags/download_daily_files back.py for tasks to queue
[2025-12-11T16:42:58.554+0200] {logging_mixin.py:188} INFO - [2025-12-11T16:42:58.554+0200] {dagbag.py:540} INFO - Filling up the DagBag from /opt/airflow/dags/download_daily_files back.py
[2025-12-11T16:42:58.568+0200] {logging_mixin.py:188} INFO - [2025-12-11T16:42:58.563+0200] {dagbag.py:350} ERROR - Failed to import: /opt/airflow/dags/download_daily_files back.py
Traceback (most recent call last):
  File "/home/airflow/.local/lib/python3.8/site-packages/airflow/models/dagbag.py", line 346, in parse
    loader.exec_module(new_module)
  File "<frozen importlib._bootstrap_external>", line 843, in exec_module
  File "<frozen importlib._bootstrap>", line 219, in _call_with_frames_removed
  File "/opt/airflow/dags/download_daily_files back.py", line 124, in <module>
    dag = download_daily_files()
  File "/home/airflow/.local/lib/python3.8/site-packages/airflow/models/dag.py", line 3905, in factory
    with DAG(
  File "/home/airflow/.local/lib/python3.8/site-packages/airflow/models/dag.py", line 499, in __init__
    validate_key(dag_id)
  File "/home/airflow/.local/lib/python3.8/site-packages/airflow/utils/helpers.py", line 57, in validate_key
    raise AirflowException(
airflow.exceptions.AirflowException: The key 'download_daily_files back' has to be made of alphanumeric characters, dashes, dots and underscores exclusively
[2025-12-11T16:42:58.568+0200] {processor.py:842} WARNING - No viable dags retrieved from /opt/airflow/dags/download_daily_files back.py
[2025-12-11T16:42:58.587+0200] {processor.py:183} INFO - Processing /opt/airflow/dags/download_daily_files back.py took 0.038 seconds
[2025-12-11T16:43:29.370+0200] {processor.py:161} INFO - Started process (PID=2542) to work on /opt/airflow/dags/download_daily_files back.py
[2025-12-11T16:43:29.371+0200] {processor.py:830} INFO - Processing file /opt/airflow/dags/download_daily_files back.py for tasks to queue
[2025-12-11T16:43:29.371+0200] {logging_mixin.py:188} INFO - [2025-12-11T16:43:29.371+0200] {dagbag.py:540} INFO - Filling up the DagBag from /opt/airflow/dags/download_daily_files back.py
[2025-12-11T16:43:29.385+0200] {logging_mixin.py:188} INFO - [2025-12-11T16:43:29.381+0200] {dagbag.py:350} ERROR - Failed to import: /opt/airflow/dags/download_daily_files back.py
Traceback (most recent call last):
  File "/home/airflow/.local/lib/python3.8/site-packages/airflow/models/dagbag.py", line 346, in parse
    loader.exec_module(new_module)
  File "<frozen importlib._bootstrap_external>", line 843, in exec_module
  File "<frozen importlib._bootstrap>", line 219, in _call_with_frames_removed
  File "/opt/airflow/dags/download_daily_files back.py", line 124, in <module>
    dag = download_daily_files()
  File "/home/airflow/.local/lib/python3.8/site-packages/airflow/models/dag.py", line 3905, in factory
    with DAG(
  File "/home/airflow/.local/lib/python3.8/site-packages/airflow/models/dag.py", line 499, in __init__
    validate_key(dag_id)
  File "/home/airflow/.local/lib/python3.8/site-packages/airflow/utils/helpers.py", line 57, in validate_key
    raise AirflowException(
airflow.exceptions.AirflowException: The key 'download_daily_files back' has to be made of alphanumeric characters, dashes, dots and underscores exclusively
[2025-12-11T16:43:29.387+0200] {processor.py:842} WARNING - No viable dags retrieved from /opt/airflow/dags/download_daily_files back.py
[2025-12-11T16:43:29.410+0200] {processor.py:183} INFO - Processing /opt/airflow/dags/download_daily_files back.py took 0.042 seconds
