[2025-12-11T16:29:24.316+0200] {processor.py:161} INFO - Started process (PID=2116) to work on /opt/airflow/dags/run_aws_glue Back.py
[2025-12-11T16:29:24.317+0200] {processor.py:830} INFO - Processing file /opt/airflow/dags/run_aws_glue Back.py for tasks to queue
[2025-12-11T16:29:24.318+0200] {logging_mixin.py:188} INFO - [2025-12-11T16:29:24.318+0200] {dagbag.py:540} INFO - Filling up the DagBag from /opt/airflow/dags/run_aws_glue Back.py
[2025-12-11T16:29:24.359+0200] {logging_mixin.py:188} INFO - [2025-12-11T16:29:24.354+0200] {dagbag.py:350} ERROR - Failed to import: /opt/airflow/dags/run_aws_glue Back.py
Traceback (most recent call last):
  File "/home/airflow/.local/lib/python3.8/site-packages/airflow/models/dagbag.py", line 346, in parse
    loader.exec_module(new_module)
  File "<frozen importlib._bootstrap_external>", line 843, in exec_module
  File "<frozen importlib._bootstrap>", line 219, in _call_with_frames_removed
  File "/opt/airflow/dags/run_aws_glue Back.py", line 64, in <module>
    dag = run_aws_glue()
  File "/home/airflow/.local/lib/python3.8/site-packages/airflow/models/dag.py", line 3905, in factory
    with DAG(
  File "/home/airflow/.local/lib/python3.8/site-packages/airflow/models/dag.py", line 499, in __init__
    validate_key(dag_id)
  File "/home/airflow/.local/lib/python3.8/site-packages/airflow/utils/helpers.py", line 57, in validate_key
    raise AirflowException(
airflow.exceptions.AirflowException: The key 'run_aws_glue back' has to be made of alphanumeric characters, dashes, dots and underscores exclusively
[2025-12-11T16:29:24.360+0200] {processor.py:842} WARNING - No viable dags retrieved from /opt/airflow/dags/run_aws_glue Back.py
[2025-12-11T16:29:24.379+0200] {processor.py:183} INFO - Processing /opt/airflow/dags/run_aws_glue Back.py took 0.066 seconds
[2025-12-11T16:29:54.976+0200] {processor.py:161} INFO - Started process (PID=2131) to work on /opt/airflow/dags/run_aws_glue Back.py
[2025-12-11T16:29:54.977+0200] {processor.py:830} INFO - Processing file /opt/airflow/dags/run_aws_glue Back.py for tasks to queue
[2025-12-11T16:29:54.978+0200] {logging_mixin.py:188} INFO - [2025-12-11T16:29:54.978+0200] {dagbag.py:540} INFO - Filling up the DagBag from /opt/airflow/dags/run_aws_glue Back.py
[2025-12-11T16:29:54.998+0200] {logging_mixin.py:188} INFO - [2025-12-11T16:29:54.994+0200] {dagbag.py:350} ERROR - Failed to import: /opt/airflow/dags/run_aws_glue Back.py
Traceback (most recent call last):
  File "/home/airflow/.local/lib/python3.8/site-packages/airflow/models/dagbag.py", line 346, in parse
    loader.exec_module(new_module)
  File "<frozen importlib._bootstrap_external>", line 843, in exec_module
  File "<frozen importlib._bootstrap>", line 219, in _call_with_frames_removed
  File "/opt/airflow/dags/run_aws_glue Back.py", line 64, in <module>
    dag = run_aws_glue()
  File "/home/airflow/.local/lib/python3.8/site-packages/airflow/models/dag.py", line 3905, in factory
    with DAG(
  File "/home/airflow/.local/lib/python3.8/site-packages/airflow/models/dag.py", line 499, in __init__
    validate_key(dag_id)
  File "/home/airflow/.local/lib/python3.8/site-packages/airflow/utils/helpers.py", line 57, in validate_key
    raise AirflowException(
airflow.exceptions.AirflowException: The key 'run_aws_glue back' has to be made of alphanumeric characters, dashes, dots and underscores exclusively
[2025-12-11T16:29:54.999+0200] {processor.py:842} WARNING - No viable dags retrieved from /opt/airflow/dags/run_aws_glue Back.py
[2025-12-11T16:29:55.018+0200] {processor.py:183} INFO - Processing /opt/airflow/dags/run_aws_glue Back.py took 0.045 seconds
[2025-12-11T16:30:25.871+0200] {processor.py:161} INFO - Started process (PID=2146) to work on /opt/airflow/dags/run_aws_glue Back.py
[2025-12-11T16:30:25.872+0200] {processor.py:830} INFO - Processing file /opt/airflow/dags/run_aws_glue Back.py for tasks to queue
[2025-12-11T16:30:25.873+0200] {logging_mixin.py:188} INFO - [2025-12-11T16:30:25.873+0200] {dagbag.py:540} INFO - Filling up the DagBag from /opt/airflow/dags/run_aws_glue Back.py
[2025-12-11T16:30:25.889+0200] {logging_mixin.py:188} INFO - [2025-12-11T16:30:25.886+0200] {dagbag.py:350} ERROR - Failed to import: /opt/airflow/dags/run_aws_glue Back.py
Traceback (most recent call last):
  File "/home/airflow/.local/lib/python3.8/site-packages/airflow/models/dagbag.py", line 346, in parse
    loader.exec_module(new_module)
  File "<frozen importlib._bootstrap_external>", line 843, in exec_module
  File "<frozen importlib._bootstrap>", line 219, in _call_with_frames_removed
  File "/opt/airflow/dags/run_aws_glue Back.py", line 64, in <module>
    dag = run_aws_glue()
  File "/home/airflow/.local/lib/python3.8/site-packages/airflow/models/dag.py", line 3905, in factory
    with DAG(
  File "/home/airflow/.local/lib/python3.8/site-packages/airflow/models/dag.py", line 499, in __init__
    validate_key(dag_id)
  File "/home/airflow/.local/lib/python3.8/site-packages/airflow/utils/helpers.py", line 57, in validate_key
    raise AirflowException(
airflow.exceptions.AirflowException: The key 'run_aws_glue back' has to be made of alphanumeric characters, dashes, dots and underscores exclusively
[2025-12-11T16:30:25.890+0200] {processor.py:842} WARNING - No viable dags retrieved from /opt/airflow/dags/run_aws_glue Back.py
[2025-12-11T16:30:26.004+0200] {processor.py:183} INFO - Processing /opt/airflow/dags/run_aws_glue Back.py took 0.136 seconds
[2025-12-11T16:30:56.576+0200] {processor.py:161} INFO - Started process (PID=2167) to work on /opt/airflow/dags/run_aws_glue Back.py
[2025-12-11T16:30:56.577+0200] {processor.py:830} INFO - Processing file /opt/airflow/dags/run_aws_glue Back.py for tasks to queue
[2025-12-11T16:30:56.578+0200] {logging_mixin.py:188} INFO - [2025-12-11T16:30:56.577+0200] {dagbag.py:540} INFO - Filling up the DagBag from /opt/airflow/dags/run_aws_glue Back.py
[2025-12-11T16:30:56.598+0200] {logging_mixin.py:188} INFO - [2025-12-11T16:30:56.593+0200] {dagbag.py:350} ERROR - Failed to import: /opt/airflow/dags/run_aws_glue Back.py
Traceback (most recent call last):
  File "/home/airflow/.local/lib/python3.8/site-packages/airflow/models/dagbag.py", line 346, in parse
    loader.exec_module(new_module)
  File "<frozen importlib._bootstrap_external>", line 843, in exec_module
  File "<frozen importlib._bootstrap>", line 219, in _call_with_frames_removed
  File "/opt/airflow/dags/run_aws_glue Back.py", line 64, in <module>
    dag = run_aws_glue()
  File "/home/airflow/.local/lib/python3.8/site-packages/airflow/models/dag.py", line 3905, in factory
    with DAG(
  File "/home/airflow/.local/lib/python3.8/site-packages/airflow/models/dag.py", line 499, in __init__
    validate_key(dag_id)
  File "/home/airflow/.local/lib/python3.8/site-packages/airflow/utils/helpers.py", line 57, in validate_key
    raise AirflowException(
airflow.exceptions.AirflowException: The key 'run_aws_glue back' has to be made of alphanumeric characters, dashes, dots and underscores exclusively
[2025-12-11T16:30:56.599+0200] {processor.py:842} WARNING - No viable dags retrieved from /opt/airflow/dags/run_aws_glue Back.py
[2025-12-11T16:30:56.617+0200] {processor.py:183} INFO - Processing /opt/airflow/dags/run_aws_glue Back.py took 0.044 seconds
[2025-12-11T16:31:27.299+0200] {processor.py:161} INFO - Started process (PID=2182) to work on /opt/airflow/dags/run_aws_glue Back.py
[2025-12-11T16:31:27.300+0200] {processor.py:830} INFO - Processing file /opt/airflow/dags/run_aws_glue Back.py for tasks to queue
[2025-12-11T16:31:27.301+0200] {logging_mixin.py:188} INFO - [2025-12-11T16:31:27.301+0200] {dagbag.py:540} INFO - Filling up the DagBag from /opt/airflow/dags/run_aws_glue Back.py
[2025-12-11T16:31:27.318+0200] {logging_mixin.py:188} INFO - [2025-12-11T16:31:27.314+0200] {dagbag.py:350} ERROR - Failed to import: /opt/airflow/dags/run_aws_glue Back.py
Traceback (most recent call last):
  File "/home/airflow/.local/lib/python3.8/site-packages/airflow/models/dagbag.py", line 346, in parse
    loader.exec_module(new_module)
  File "<frozen importlib._bootstrap_external>", line 843, in exec_module
  File "<frozen importlib._bootstrap>", line 219, in _call_with_frames_removed
  File "/opt/airflow/dags/run_aws_glue Back.py", line 64, in <module>
    dag = run_aws_glue()
  File "/home/airflow/.local/lib/python3.8/site-packages/airflow/models/dag.py", line 3905, in factory
    with DAG(
  File "/home/airflow/.local/lib/python3.8/site-packages/airflow/models/dag.py", line 499, in __init__
    validate_key(dag_id)
  File "/home/airflow/.local/lib/python3.8/site-packages/airflow/utils/helpers.py", line 57, in validate_key
    raise AirflowException(
airflow.exceptions.AirflowException: The key 'run_aws_glue back' has to be made of alphanumeric characters, dashes, dots and underscores exclusively
[2025-12-11T16:31:27.318+0200] {processor.py:842} WARNING - No viable dags retrieved from /opt/airflow/dags/run_aws_glue Back.py
[2025-12-11T16:31:27.334+0200] {processor.py:183} INFO - Processing /opt/airflow/dags/run_aws_glue Back.py took 0.038 seconds
[2025-12-11T16:31:57.996+0200] {processor.py:161} INFO - Started process (PID=2197) to work on /opt/airflow/dags/run_aws_glue Back.py
[2025-12-11T16:31:57.997+0200] {processor.py:830} INFO - Processing file /opt/airflow/dags/run_aws_glue Back.py for tasks to queue
[2025-12-11T16:31:57.998+0200] {logging_mixin.py:188} INFO - [2025-12-11T16:31:57.998+0200] {dagbag.py:540} INFO - Filling up the DagBag from /opt/airflow/dags/run_aws_glue Back.py
[2025-12-11T16:31:58.015+0200] {logging_mixin.py:188} INFO - [2025-12-11T16:31:58.011+0200] {dagbag.py:350} ERROR - Failed to import: /opt/airflow/dags/run_aws_glue Back.py
Traceback (most recent call last):
  File "/home/airflow/.local/lib/python3.8/site-packages/airflow/models/dagbag.py", line 346, in parse
    loader.exec_module(new_module)
  File "<frozen importlib._bootstrap_external>", line 843, in exec_module
  File "<frozen importlib._bootstrap>", line 219, in _call_with_frames_removed
  File "/opt/airflow/dags/run_aws_glue Back.py", line 64, in <module>
    dag = run_aws_glue()
  File "/home/airflow/.local/lib/python3.8/site-packages/airflow/models/dag.py", line 3905, in factory
    with DAG(
  File "/home/airflow/.local/lib/python3.8/site-packages/airflow/models/dag.py", line 499, in __init__
    validate_key(dag_id)
  File "/home/airflow/.local/lib/python3.8/site-packages/airflow/utils/helpers.py", line 57, in validate_key
    raise AirflowException(
airflow.exceptions.AirflowException: The key 'run_aws_glue back' has to be made of alphanumeric characters, dashes, dots and underscores exclusively
[2025-12-11T16:31:58.015+0200] {processor.py:842} WARNING - No viable dags retrieved from /opt/airflow/dags/run_aws_glue Back.py
[2025-12-11T16:31:58.033+0200] {processor.py:183} INFO - Processing /opt/airflow/dags/run_aws_glue Back.py took 0.040 seconds
[2025-12-11T16:32:28.708+0200] {processor.py:161} INFO - Started process (PID=2212) to work on /opt/airflow/dags/run_aws_glue Back.py
[2025-12-11T16:32:28.709+0200] {processor.py:830} INFO - Processing file /opt/airflow/dags/run_aws_glue Back.py for tasks to queue
[2025-12-11T16:32:28.710+0200] {logging_mixin.py:188} INFO - [2025-12-11T16:32:28.709+0200] {dagbag.py:540} INFO - Filling up the DagBag from /opt/airflow/dags/run_aws_glue Back.py
[2025-12-11T16:32:28.728+0200] {logging_mixin.py:188} INFO - [2025-12-11T16:32:28.723+0200] {dagbag.py:350} ERROR - Failed to import: /opt/airflow/dags/run_aws_glue Back.py
Traceback (most recent call last):
  File "/home/airflow/.local/lib/python3.8/site-packages/airflow/models/dagbag.py", line 346, in parse
    loader.exec_module(new_module)
  File "<frozen importlib._bootstrap_external>", line 843, in exec_module
  File "<frozen importlib._bootstrap>", line 219, in _call_with_frames_removed
  File "/opt/airflow/dags/run_aws_glue Back.py", line 64, in <module>
    dag = run_aws_glue()
  File "/home/airflow/.local/lib/python3.8/site-packages/airflow/models/dag.py", line 3905, in factory
    with DAG(
  File "/home/airflow/.local/lib/python3.8/site-packages/airflow/models/dag.py", line 499, in __init__
    validate_key(dag_id)
  File "/home/airflow/.local/lib/python3.8/site-packages/airflow/utils/helpers.py", line 57, in validate_key
    raise AirflowException(
airflow.exceptions.AirflowException: The key 'run_aws_glue back' has to be made of alphanumeric characters, dashes, dots and underscores exclusively
[2025-12-11T16:32:28.728+0200] {processor.py:842} WARNING - No viable dags retrieved from /opt/airflow/dags/run_aws_glue Back.py
[2025-12-11T16:32:28.746+0200] {processor.py:183} INFO - Processing /opt/airflow/dags/run_aws_glue Back.py took 0.042 seconds
[2025-12-11T16:32:59.323+0200] {processor.py:161} INFO - Started process (PID=2227) to work on /opt/airflow/dags/run_aws_glue Back.py
[2025-12-11T16:32:59.324+0200] {processor.py:830} INFO - Processing file /opt/airflow/dags/run_aws_glue Back.py for tasks to queue
[2025-12-11T16:32:59.325+0200] {logging_mixin.py:188} INFO - [2025-12-11T16:32:59.324+0200] {dagbag.py:540} INFO - Filling up the DagBag from /opt/airflow/dags/run_aws_glue Back.py
[2025-12-11T16:32:59.339+0200] {logging_mixin.py:188} INFO - [2025-12-11T16:32:59.336+0200] {dagbag.py:350} ERROR - Failed to import: /opt/airflow/dags/run_aws_glue Back.py
Traceback (most recent call last):
  File "/home/airflow/.local/lib/python3.8/site-packages/airflow/models/dagbag.py", line 346, in parse
    loader.exec_module(new_module)
  File "<frozen importlib._bootstrap_external>", line 843, in exec_module
  File "<frozen importlib._bootstrap>", line 219, in _call_with_frames_removed
  File "/opt/airflow/dags/run_aws_glue Back.py", line 64, in <module>
    dag = run_aws_glue()
  File "/home/airflow/.local/lib/python3.8/site-packages/airflow/models/dag.py", line 3905, in factory
    with DAG(
  File "/home/airflow/.local/lib/python3.8/site-packages/airflow/models/dag.py", line 499, in __init__
    validate_key(dag_id)
  File "/home/airflow/.local/lib/python3.8/site-packages/airflow/utils/helpers.py", line 57, in validate_key
    raise AirflowException(
airflow.exceptions.AirflowException: The key 'run_aws_glue back' has to be made of alphanumeric characters, dashes, dots and underscores exclusively
[2025-12-11T16:32:59.339+0200] {processor.py:842} WARNING - No viable dags retrieved from /opt/airflow/dags/run_aws_glue Back.py
[2025-12-11T16:32:59.356+0200] {processor.py:183} INFO - Processing /opt/airflow/dags/run_aws_glue Back.py took 0.036 seconds
[2025-12-11T16:33:29.959+0200] {processor.py:161} INFO - Started process (PID=2247) to work on /opt/airflow/dags/run_aws_glue Back.py
[2025-12-11T16:33:29.960+0200] {processor.py:830} INFO - Processing file /opt/airflow/dags/run_aws_glue Back.py for tasks to queue
[2025-12-11T16:33:29.961+0200] {logging_mixin.py:188} INFO - [2025-12-11T16:33:29.961+0200] {dagbag.py:540} INFO - Filling up the DagBag from /opt/airflow/dags/run_aws_glue Back.py
[2025-12-11T16:33:29.975+0200] {logging_mixin.py:188} INFO - [2025-12-11T16:33:29.971+0200] {dagbag.py:350} ERROR - Failed to import: /opt/airflow/dags/run_aws_glue Back.py
Traceback (most recent call last):
  File "/home/airflow/.local/lib/python3.8/site-packages/airflow/models/dagbag.py", line 346, in parse
    loader.exec_module(new_module)
  File "<frozen importlib._bootstrap_external>", line 843, in exec_module
  File "<frozen importlib._bootstrap>", line 219, in _call_with_frames_removed
  File "/opt/airflow/dags/run_aws_glue Back.py", line 64, in <module>
    dag = run_aws_glue()
  File "/home/airflow/.local/lib/python3.8/site-packages/airflow/models/dag.py", line 3905, in factory
    with DAG(
  File "/home/airflow/.local/lib/python3.8/site-packages/airflow/models/dag.py", line 499, in __init__
    validate_key(dag_id)
  File "/home/airflow/.local/lib/python3.8/site-packages/airflow/utils/helpers.py", line 57, in validate_key
    raise AirflowException(
airflow.exceptions.AirflowException: The key 'run_aws_glue back' has to be made of alphanumeric characters, dashes, dots and underscores exclusively
[2025-12-11T16:33:29.976+0200] {processor.py:842} WARNING - No viable dags retrieved from /opt/airflow/dags/run_aws_glue Back.py
[2025-12-11T16:33:29.992+0200] {processor.py:183} INFO - Processing /opt/airflow/dags/run_aws_glue Back.py took 0.036 seconds
[2025-12-11T16:34:00.640+0200] {processor.py:161} INFO - Started process (PID=2262) to work on /opt/airflow/dags/run_aws_glue Back.py
[2025-12-11T16:34:00.641+0200] {processor.py:830} INFO - Processing file /opt/airflow/dags/run_aws_glue Back.py for tasks to queue
[2025-12-11T16:34:00.642+0200] {logging_mixin.py:188} INFO - [2025-12-11T16:34:00.642+0200] {dagbag.py:540} INFO - Filling up the DagBag from /opt/airflow/dags/run_aws_glue Back.py
[2025-12-11T16:34:00.655+0200] {logging_mixin.py:188} INFO - [2025-12-11T16:34:00.651+0200] {dagbag.py:350} ERROR - Failed to import: /opt/airflow/dags/run_aws_glue Back.py
Traceback (most recent call last):
  File "/home/airflow/.local/lib/python3.8/site-packages/airflow/models/dagbag.py", line 346, in parse
    loader.exec_module(new_module)
  File "<frozen importlib._bootstrap_external>", line 843, in exec_module
  File "<frozen importlib._bootstrap>", line 219, in _call_with_frames_removed
  File "/opt/airflow/dags/run_aws_glue Back.py", line 64, in <module>
    dag = run_aws_glue()
  File "/home/airflow/.local/lib/python3.8/site-packages/airflow/models/dag.py", line 3905, in factory
    with DAG(
  File "/home/airflow/.local/lib/python3.8/site-packages/airflow/models/dag.py", line 499, in __init__
    validate_key(dag_id)
  File "/home/airflow/.local/lib/python3.8/site-packages/airflow/utils/helpers.py", line 57, in validate_key
    raise AirflowException(
airflow.exceptions.AirflowException: The key 'run_aws_glue back' has to be made of alphanumeric characters, dashes, dots and underscores exclusively
[2025-12-11T16:34:00.655+0200] {processor.py:842} WARNING - No viable dags retrieved from /opt/airflow/dags/run_aws_glue Back.py
[2025-12-11T16:34:00.675+0200] {processor.py:183} INFO - Processing /opt/airflow/dags/run_aws_glue Back.py took 0.037 seconds
[2025-12-11T16:34:31.408+0200] {processor.py:161} INFO - Started process (PID=2277) to work on /opt/airflow/dags/run_aws_glue Back.py
[2025-12-11T16:34:31.409+0200] {processor.py:830} INFO - Processing file /opt/airflow/dags/run_aws_glue Back.py for tasks to queue
[2025-12-11T16:34:31.410+0200] {logging_mixin.py:188} INFO - [2025-12-11T16:34:31.409+0200] {dagbag.py:540} INFO - Filling up the DagBag from /opt/airflow/dags/run_aws_glue Back.py
[2025-12-11T16:34:31.427+0200] {logging_mixin.py:188} INFO - [2025-12-11T16:34:31.423+0200] {dagbag.py:350} ERROR - Failed to import: /opt/airflow/dags/run_aws_glue Back.py
Traceback (most recent call last):
  File "/home/airflow/.local/lib/python3.8/site-packages/airflow/models/dagbag.py", line 346, in parse
    loader.exec_module(new_module)
  File "<frozen importlib._bootstrap_external>", line 843, in exec_module
  File "<frozen importlib._bootstrap>", line 219, in _call_with_frames_removed
  File "/opt/airflow/dags/run_aws_glue Back.py", line 64, in <module>
    dag = run_aws_glue()
  File "/home/airflow/.local/lib/python3.8/site-packages/airflow/models/dag.py", line 3905, in factory
    with DAG(
  File "/home/airflow/.local/lib/python3.8/site-packages/airflow/models/dag.py", line 499, in __init__
    validate_key(dag_id)
  File "/home/airflow/.local/lib/python3.8/site-packages/airflow/utils/helpers.py", line 57, in validate_key
    raise AirflowException(
airflow.exceptions.AirflowException: The key 'run_aws_glue back' has to be made of alphanumeric characters, dashes, dots and underscores exclusively
[2025-12-11T16:34:31.427+0200] {processor.py:842} WARNING - No viable dags retrieved from /opt/airflow/dags/run_aws_glue Back.py
[2025-12-11T16:34:31.447+0200] {processor.py:183} INFO - Processing /opt/airflow/dags/run_aws_glue Back.py took 0.042 seconds
[2025-12-11T16:35:02.171+0200] {processor.py:161} INFO - Started process (PID=2292) to work on /opt/airflow/dags/run_aws_glue Back.py
[2025-12-11T16:35:02.172+0200] {processor.py:830} INFO - Processing file /opt/airflow/dags/run_aws_glue Back.py for tasks to queue
[2025-12-11T16:35:02.173+0200] {logging_mixin.py:188} INFO - [2025-12-11T16:35:02.173+0200] {dagbag.py:540} INFO - Filling up the DagBag from /opt/airflow/dags/run_aws_glue Back.py
[2025-12-11T16:35:02.188+0200] {logging_mixin.py:188} INFO - [2025-12-11T16:35:02.183+0200] {dagbag.py:350} ERROR - Failed to import: /opt/airflow/dags/run_aws_glue Back.py
Traceback (most recent call last):
  File "/home/airflow/.local/lib/python3.8/site-packages/airflow/models/dagbag.py", line 346, in parse
    loader.exec_module(new_module)
  File "<frozen importlib._bootstrap_external>", line 843, in exec_module
  File "<frozen importlib._bootstrap>", line 219, in _call_with_frames_removed
  File "/opt/airflow/dags/run_aws_glue Back.py", line 64, in <module>
    dag = run_aws_glue()
  File "/home/airflow/.local/lib/python3.8/site-packages/airflow/models/dag.py", line 3905, in factory
    with DAG(
  File "/home/airflow/.local/lib/python3.8/site-packages/airflow/models/dag.py", line 499, in __init__
    validate_key(dag_id)
  File "/home/airflow/.local/lib/python3.8/site-packages/airflow/utils/helpers.py", line 57, in validate_key
    raise AirflowException(
airflow.exceptions.AirflowException: The key 'run_aws_glue back' has to be made of alphanumeric characters, dashes, dots and underscores exclusively
[2025-12-11T16:35:02.188+0200] {processor.py:842} WARNING - No viable dags retrieved from /opt/airflow/dags/run_aws_glue Back.py
[2025-12-11T16:35:02.206+0200] {processor.py:183} INFO - Processing /opt/airflow/dags/run_aws_glue Back.py took 0.038 seconds
[2025-12-11T16:35:32.963+0200] {processor.py:161} INFO - Started process (PID=2307) to work on /opt/airflow/dags/run_aws_glue Back.py
[2025-12-11T16:35:32.964+0200] {processor.py:830} INFO - Processing file /opt/airflow/dags/run_aws_glue Back.py for tasks to queue
[2025-12-11T16:35:32.965+0200] {logging_mixin.py:188} INFO - [2025-12-11T16:35:32.965+0200] {dagbag.py:540} INFO - Filling up the DagBag from /opt/airflow/dags/run_aws_glue Back.py
[2025-12-11T16:35:32.979+0200] {logging_mixin.py:188} INFO - [2025-12-11T16:35:32.975+0200] {dagbag.py:350} ERROR - Failed to import: /opt/airflow/dags/run_aws_glue Back.py
Traceback (most recent call last):
  File "/home/airflow/.local/lib/python3.8/site-packages/airflow/models/dagbag.py", line 346, in parse
    loader.exec_module(new_module)
  File "<frozen importlib._bootstrap_external>", line 843, in exec_module
  File "<frozen importlib._bootstrap>", line 219, in _call_with_frames_removed
  File "/opt/airflow/dags/run_aws_glue Back.py", line 64, in <module>
    dag = run_aws_glue()
  File "/home/airflow/.local/lib/python3.8/site-packages/airflow/models/dag.py", line 3905, in factory
    with DAG(
  File "/home/airflow/.local/lib/python3.8/site-packages/airflow/models/dag.py", line 499, in __init__
    validate_key(dag_id)
  File "/home/airflow/.local/lib/python3.8/site-packages/airflow/utils/helpers.py", line 57, in validate_key
    raise AirflowException(
airflow.exceptions.AirflowException: The key 'run_aws_glue back' has to be made of alphanumeric characters, dashes, dots and underscores exclusively
[2025-12-11T16:35:32.980+0200] {processor.py:842} WARNING - No viable dags retrieved from /opt/airflow/dags/run_aws_glue Back.py
[2025-12-11T16:35:32.998+0200] {processor.py:183} INFO - Processing /opt/airflow/dags/run_aws_glue Back.py took 0.039 seconds
[2025-12-11T16:36:03.649+0200] {processor.py:161} INFO - Started process (PID=2322) to work on /opt/airflow/dags/run_aws_glue Back.py
[2025-12-11T16:36:03.650+0200] {processor.py:830} INFO - Processing file /opt/airflow/dags/run_aws_glue Back.py for tasks to queue
[2025-12-11T16:36:03.651+0200] {logging_mixin.py:188} INFO - [2025-12-11T16:36:03.651+0200] {dagbag.py:540} INFO - Filling up the DagBag from /opt/airflow/dags/run_aws_glue Back.py
[2025-12-11T16:36:03.663+0200] {logging_mixin.py:188} INFO - [2025-12-11T16:36:03.660+0200] {dagbag.py:350} ERROR - Failed to import: /opt/airflow/dags/run_aws_glue Back.py
Traceback (most recent call last):
  File "/home/airflow/.local/lib/python3.8/site-packages/airflow/models/dagbag.py", line 346, in parse
    loader.exec_module(new_module)
  File "<frozen importlib._bootstrap_external>", line 843, in exec_module
  File "<frozen importlib._bootstrap>", line 219, in _call_with_frames_removed
  File "/opt/airflow/dags/run_aws_glue Back.py", line 64, in <module>
    dag = run_aws_glue()
  File "/home/airflow/.local/lib/python3.8/site-packages/airflow/models/dag.py", line 3905, in factory
    with DAG(
  File "/home/airflow/.local/lib/python3.8/site-packages/airflow/models/dag.py", line 499, in __init__
    validate_key(dag_id)
  File "/home/airflow/.local/lib/python3.8/site-packages/airflow/utils/helpers.py", line 57, in validate_key
    raise AirflowException(
airflow.exceptions.AirflowException: The key 'run_aws_glue back' has to be made of alphanumeric characters, dashes, dots and underscores exclusively
[2025-12-11T16:36:03.664+0200] {processor.py:842} WARNING - No viable dags retrieved from /opt/airflow/dags/run_aws_glue Back.py
[2025-12-11T16:36:03.681+0200] {processor.py:183} INFO - Processing /opt/airflow/dags/run_aws_glue Back.py took 0.035 seconds
[2025-12-11T16:36:34.308+0200] {processor.py:161} INFO - Started process (PID=2337) to work on /opt/airflow/dags/run_aws_glue Back.py
[2025-12-11T16:36:34.309+0200] {processor.py:830} INFO - Processing file /opt/airflow/dags/run_aws_glue Back.py for tasks to queue
[2025-12-11T16:36:34.310+0200] {logging_mixin.py:188} INFO - [2025-12-11T16:36:34.310+0200] {dagbag.py:540} INFO - Filling up the DagBag from /opt/airflow/dags/run_aws_glue Back.py
[2025-12-11T16:36:34.322+0200] {logging_mixin.py:188} INFO - [2025-12-11T16:36:34.319+0200] {dagbag.py:350} ERROR - Failed to import: /opt/airflow/dags/run_aws_glue Back.py
Traceback (most recent call last):
  File "/home/airflow/.local/lib/python3.8/site-packages/airflow/models/dagbag.py", line 346, in parse
    loader.exec_module(new_module)
  File "<frozen importlib._bootstrap_external>", line 843, in exec_module
  File "<frozen importlib._bootstrap>", line 219, in _call_with_frames_removed
  File "/opt/airflow/dags/run_aws_glue Back.py", line 64, in <module>
    dag = run_aws_glue()
  File "/home/airflow/.local/lib/python3.8/site-packages/airflow/models/dag.py", line 3905, in factory
    with DAG(
  File "/home/airflow/.local/lib/python3.8/site-packages/airflow/models/dag.py", line 499, in __init__
    validate_key(dag_id)
  File "/home/airflow/.local/lib/python3.8/site-packages/airflow/utils/helpers.py", line 57, in validate_key
    raise AirflowException(
airflow.exceptions.AirflowException: The key 'run_aws_glue back' has to be made of alphanumeric characters, dashes, dots and underscores exclusively
[2025-12-11T16:36:34.323+0200] {processor.py:842} WARNING - No viable dags retrieved from /opt/airflow/dags/run_aws_glue Back.py
[2025-12-11T16:36:34.340+0200] {processor.py:183} INFO - Processing /opt/airflow/dags/run_aws_glue Back.py took 0.035 seconds
[2025-12-11T16:37:05.120+0200] {processor.py:161} INFO - Started process (PID=2352) to work on /opt/airflow/dags/run_aws_glue Back.py
[2025-12-11T16:37:05.121+0200] {processor.py:830} INFO - Processing file /opt/airflow/dags/run_aws_glue Back.py for tasks to queue
[2025-12-11T16:37:05.122+0200] {logging_mixin.py:188} INFO - [2025-12-11T16:37:05.121+0200] {dagbag.py:540} INFO - Filling up the DagBag from /opt/airflow/dags/run_aws_glue Back.py
[2025-12-11T16:37:05.137+0200] {logging_mixin.py:188} INFO - [2025-12-11T16:37:05.134+0200] {dagbag.py:350} ERROR - Failed to import: /opt/airflow/dags/run_aws_glue Back.py
Traceback (most recent call last):
  File "/home/airflow/.local/lib/python3.8/site-packages/airflow/models/dagbag.py", line 346, in parse
    loader.exec_module(new_module)
  File "<frozen importlib._bootstrap_external>", line 843, in exec_module
  File "<frozen importlib._bootstrap>", line 219, in _call_with_frames_removed
  File "/opt/airflow/dags/run_aws_glue Back.py", line 64, in <module>
    dag = run_aws_glue()
  File "/home/airflow/.local/lib/python3.8/site-packages/airflow/models/dag.py", line 3905, in factory
    with DAG(
  File "/home/airflow/.local/lib/python3.8/site-packages/airflow/models/dag.py", line 499, in __init__
    validate_key(dag_id)
  File "/home/airflow/.local/lib/python3.8/site-packages/airflow/utils/helpers.py", line 57, in validate_key
    raise AirflowException(
airflow.exceptions.AirflowException: The key 'run_aws_glue back' has to be made of alphanumeric characters, dashes, dots and underscores exclusively
[2025-12-11T16:37:05.137+0200] {processor.py:842} WARNING - No viable dags retrieved from /opt/airflow/dags/run_aws_glue Back.py
[2025-12-11T16:37:05.155+0200] {processor.py:183} INFO - Processing /opt/airflow/dags/run_aws_glue Back.py took 0.039 seconds
[2025-12-11T16:37:35.912+0200] {processor.py:161} INFO - Started process (PID=2367) to work on /opt/airflow/dags/run_aws_glue Back.py
[2025-12-11T16:37:35.913+0200] {processor.py:830} INFO - Processing file /opt/airflow/dags/run_aws_glue Back.py for tasks to queue
[2025-12-11T16:37:35.915+0200] {logging_mixin.py:188} INFO - [2025-12-11T16:37:35.914+0200] {dagbag.py:540} INFO - Filling up the DagBag from /opt/airflow/dags/run_aws_glue Back.py
[2025-12-11T16:37:35.930+0200] {logging_mixin.py:188} INFO - [2025-12-11T16:37:35.925+0200] {dagbag.py:350} ERROR - Failed to import: /opt/airflow/dags/run_aws_glue Back.py
Traceback (most recent call last):
  File "/home/airflow/.local/lib/python3.8/site-packages/airflow/models/dagbag.py", line 346, in parse
    loader.exec_module(new_module)
  File "<frozen importlib._bootstrap_external>", line 843, in exec_module
  File "<frozen importlib._bootstrap>", line 219, in _call_with_frames_removed
  File "/opt/airflow/dags/run_aws_glue Back.py", line 64, in <module>
    dag = run_aws_glue()
  File "/home/airflow/.local/lib/python3.8/site-packages/airflow/models/dag.py", line 3905, in factory
    with DAG(
  File "/home/airflow/.local/lib/python3.8/site-packages/airflow/models/dag.py", line 499, in __init__
    validate_key(dag_id)
  File "/home/airflow/.local/lib/python3.8/site-packages/airflow/utils/helpers.py", line 57, in validate_key
    raise AirflowException(
airflow.exceptions.AirflowException: The key 'run_aws_glue back' has to be made of alphanumeric characters, dashes, dots and underscores exclusively
[2025-12-11T16:37:35.930+0200] {processor.py:842} WARNING - No viable dags retrieved from /opt/airflow/dags/run_aws_glue Back.py
[2025-12-11T16:37:35.953+0200] {processor.py:183} INFO - Processing /opt/airflow/dags/run_aws_glue Back.py took 0.044 seconds
[2025-12-11T16:38:06.676+0200] {processor.py:161} INFO - Started process (PID=2382) to work on /opt/airflow/dags/run_aws_glue Back.py
[2025-12-11T16:38:06.678+0200] {processor.py:830} INFO - Processing file /opt/airflow/dags/run_aws_glue Back.py for tasks to queue
[2025-12-11T16:38:06.679+0200] {logging_mixin.py:188} INFO - [2025-12-11T16:38:06.678+0200] {dagbag.py:540} INFO - Filling up the DagBag from /opt/airflow/dags/run_aws_glue Back.py
[2025-12-11T16:38:06.695+0200] {logging_mixin.py:188} INFO - [2025-12-11T16:38:06.691+0200] {dagbag.py:350} ERROR - Failed to import: /opt/airflow/dags/run_aws_glue Back.py
Traceback (most recent call last):
  File "/home/airflow/.local/lib/python3.8/site-packages/airflow/models/dagbag.py", line 346, in parse
    loader.exec_module(new_module)
  File "<frozen importlib._bootstrap_external>", line 843, in exec_module
  File "<frozen importlib._bootstrap>", line 219, in _call_with_frames_removed
  File "/opt/airflow/dags/run_aws_glue Back.py", line 64, in <module>
    dag = run_aws_glue()
  File "/home/airflow/.local/lib/python3.8/site-packages/airflow/models/dag.py", line 3905, in factory
    with DAG(
  File "/home/airflow/.local/lib/python3.8/site-packages/airflow/models/dag.py", line 499, in __init__
    validate_key(dag_id)
  File "/home/airflow/.local/lib/python3.8/site-packages/airflow/utils/helpers.py", line 57, in validate_key
    raise AirflowException(
airflow.exceptions.AirflowException: The key 'run_aws_glue back' has to be made of alphanumeric characters, dashes, dots and underscores exclusively
[2025-12-11T16:38:06.695+0200] {processor.py:842} WARNING - No viable dags retrieved from /opt/airflow/dags/run_aws_glue Back.py
[2025-12-11T16:38:06.714+0200] {processor.py:183} INFO - Processing /opt/airflow/dags/run_aws_glue Back.py took 0.040 seconds
[2025-12-11T16:38:37.436+0200] {processor.py:161} INFO - Started process (PID=2397) to work on /opt/airflow/dags/run_aws_glue Back.py
[2025-12-11T16:38:37.437+0200] {processor.py:830} INFO - Processing file /opt/airflow/dags/run_aws_glue Back.py for tasks to queue
[2025-12-11T16:38:37.438+0200] {logging_mixin.py:188} INFO - [2025-12-11T16:38:37.438+0200] {dagbag.py:540} INFO - Filling up the DagBag from /opt/airflow/dags/run_aws_glue Back.py
[2025-12-11T16:38:37.460+0200] {logging_mixin.py:188} INFO - [2025-12-11T16:38:37.455+0200] {dagbag.py:350} ERROR - Failed to import: /opt/airflow/dags/run_aws_glue Back.py
Traceback (most recent call last):
  File "/home/airflow/.local/lib/python3.8/site-packages/airflow/models/dagbag.py", line 346, in parse
    loader.exec_module(new_module)
  File "<frozen importlib._bootstrap_external>", line 843, in exec_module
  File "<frozen importlib._bootstrap>", line 219, in _call_with_frames_removed
  File "/opt/airflow/dags/run_aws_glue Back.py", line 64, in <module>
    dag = run_aws_glue()
  File "/home/airflow/.local/lib/python3.8/site-packages/airflow/models/dag.py", line 3905, in factory
    with DAG(
  File "/home/airflow/.local/lib/python3.8/site-packages/airflow/models/dag.py", line 499, in __init__
    validate_key(dag_id)
  File "/home/airflow/.local/lib/python3.8/site-packages/airflow/utils/helpers.py", line 57, in validate_key
    raise AirflowException(
airflow.exceptions.AirflowException: The key 'run_aws_glue back' has to be made of alphanumeric characters, dashes, dots and underscores exclusively
[2025-12-11T16:38:37.461+0200] {processor.py:842} WARNING - No viable dags retrieved from /opt/airflow/dags/run_aws_glue Back.py
[2025-12-11T16:38:37.477+0200] {processor.py:183} INFO - Processing /opt/airflow/dags/run_aws_glue Back.py took 0.043 seconds
[2025-12-11T16:39:08.134+0200] {processor.py:161} INFO - Started process (PID=2412) to work on /opt/airflow/dags/run_aws_glue Back.py
[2025-12-11T16:39:08.135+0200] {processor.py:830} INFO - Processing file /opt/airflow/dags/run_aws_glue Back.py for tasks to queue
[2025-12-11T16:39:08.136+0200] {logging_mixin.py:188} INFO - [2025-12-11T16:39:08.136+0200] {dagbag.py:540} INFO - Filling up the DagBag from /opt/airflow/dags/run_aws_glue Back.py
[2025-12-11T16:39:08.155+0200] {logging_mixin.py:188} INFO - [2025-12-11T16:39:08.151+0200] {dagbag.py:350} ERROR - Failed to import: /opt/airflow/dags/run_aws_glue Back.py
Traceback (most recent call last):
  File "/home/airflow/.local/lib/python3.8/site-packages/airflow/models/dagbag.py", line 346, in parse
    loader.exec_module(new_module)
  File "<frozen importlib._bootstrap_external>", line 843, in exec_module
  File "<frozen importlib._bootstrap>", line 219, in _call_with_frames_removed
  File "/opt/airflow/dags/run_aws_glue Back.py", line 64, in <module>
    dag = run_aws_glue()
  File "/home/airflow/.local/lib/python3.8/site-packages/airflow/models/dag.py", line 3905, in factory
    with DAG(
  File "/home/airflow/.local/lib/python3.8/site-packages/airflow/models/dag.py", line 499, in __init__
    validate_key(dag_id)
  File "/home/airflow/.local/lib/python3.8/site-packages/airflow/utils/helpers.py", line 57, in validate_key
    raise AirflowException(
airflow.exceptions.AirflowException: The key 'run_aws_glue back' has to be made of alphanumeric characters, dashes, dots and underscores exclusively
[2025-12-11T16:39:08.155+0200] {processor.py:842} WARNING - No viable dags retrieved from /opt/airflow/dags/run_aws_glue Back.py
[2025-12-11T16:39:08.172+0200] {processor.py:183} INFO - Processing /opt/airflow/dags/run_aws_glue Back.py took 0.041 seconds
[2025-12-11T16:39:38.905+0200] {processor.py:161} INFO - Started process (PID=2427) to work on /opt/airflow/dags/run_aws_glue Back.py
[2025-12-11T16:39:38.906+0200] {processor.py:830} INFO - Processing file /opt/airflow/dags/run_aws_glue Back.py for tasks to queue
[2025-12-11T16:39:38.907+0200] {logging_mixin.py:188} INFO - [2025-12-11T16:39:38.906+0200] {dagbag.py:540} INFO - Filling up the DagBag from /opt/airflow/dags/run_aws_glue Back.py
[2025-12-11T16:39:38.919+0200] {logging_mixin.py:188} INFO - [2025-12-11T16:39:38.915+0200] {dagbag.py:350} ERROR - Failed to import: /opt/airflow/dags/run_aws_glue Back.py
Traceback (most recent call last):
  File "/home/airflow/.local/lib/python3.8/site-packages/airflow/models/dagbag.py", line 346, in parse
    loader.exec_module(new_module)
  File "<frozen importlib._bootstrap_external>", line 843, in exec_module
  File "<frozen importlib._bootstrap>", line 219, in _call_with_frames_removed
  File "/opt/airflow/dags/run_aws_glue Back.py", line 64, in <module>
    dag = run_aws_glue()
  File "/home/airflow/.local/lib/python3.8/site-packages/airflow/models/dag.py", line 3905, in factory
    with DAG(
  File "/home/airflow/.local/lib/python3.8/site-packages/airflow/models/dag.py", line 499, in __init__
    validate_key(dag_id)
  File "/home/airflow/.local/lib/python3.8/site-packages/airflow/utils/helpers.py", line 57, in validate_key
    raise AirflowException(
airflow.exceptions.AirflowException: The key 'run_aws_glue back' has to be made of alphanumeric characters, dashes, dots and underscores exclusively
[2025-12-11T16:39:38.919+0200] {processor.py:842} WARNING - No viable dags retrieved from /opt/airflow/dags/run_aws_glue Back.py
[2025-12-11T16:39:38.937+0200] {processor.py:183} INFO - Processing /opt/airflow/dags/run_aws_glue Back.py took 0.035 seconds
[2025-12-11T16:40:09.605+0200] {processor.py:161} INFO - Started process (PID=2442) to work on /opt/airflow/dags/run_aws_glue Back.py
[2025-12-11T16:40:09.606+0200] {processor.py:830} INFO - Processing file /opt/airflow/dags/run_aws_glue Back.py for tasks to queue
[2025-12-11T16:40:09.607+0200] {logging_mixin.py:188} INFO - [2025-12-11T16:40:09.606+0200] {dagbag.py:540} INFO - Filling up the DagBag from /opt/airflow/dags/run_aws_glue Back.py
[2025-12-11T16:40:09.624+0200] {logging_mixin.py:188} INFO - [2025-12-11T16:40:09.620+0200] {dagbag.py:350} ERROR - Failed to import: /opt/airflow/dags/run_aws_glue Back.py
Traceback (most recent call last):
  File "/home/airflow/.local/lib/python3.8/site-packages/airflow/models/dagbag.py", line 346, in parse
    loader.exec_module(new_module)
  File "<frozen importlib._bootstrap_external>", line 843, in exec_module
  File "<frozen importlib._bootstrap>", line 219, in _call_with_frames_removed
  File "/opt/airflow/dags/run_aws_glue Back.py", line 64, in <module>
    dag = run_aws_glue()
  File "/home/airflow/.local/lib/python3.8/site-packages/airflow/models/dag.py", line 3905, in factory
    with DAG(
  File "/home/airflow/.local/lib/python3.8/site-packages/airflow/models/dag.py", line 499, in __init__
    validate_key(dag_id)
  File "/home/airflow/.local/lib/python3.8/site-packages/airflow/utils/helpers.py", line 57, in validate_key
    raise AirflowException(
airflow.exceptions.AirflowException: The key 'run_aws_glue back' has to be made of alphanumeric characters, dashes, dots and underscores exclusively
[2025-12-11T16:40:09.625+0200] {processor.py:842} WARNING - No viable dags retrieved from /opt/airflow/dags/run_aws_glue Back.py
[2025-12-11T16:40:09.643+0200] {processor.py:183} INFO - Processing /opt/airflow/dags/run_aws_glue Back.py took 0.041 seconds
[2025-12-11T16:40:40.292+0200] {processor.py:161} INFO - Started process (PID=2457) to work on /opt/airflow/dags/run_aws_glue Back.py
[2025-12-11T16:40:40.294+0200] {processor.py:830} INFO - Processing file /opt/airflow/dags/run_aws_glue Back.py for tasks to queue
[2025-12-11T16:40:40.295+0200] {logging_mixin.py:188} INFO - [2025-12-11T16:40:40.294+0200] {dagbag.py:540} INFO - Filling up the DagBag from /opt/airflow/dags/run_aws_glue Back.py
[2025-12-11T16:40:40.316+0200] {logging_mixin.py:188} INFO - [2025-12-11T16:40:40.311+0200] {dagbag.py:350} ERROR - Failed to import: /opt/airflow/dags/run_aws_glue Back.py
Traceback (most recent call last):
  File "/home/airflow/.local/lib/python3.8/site-packages/airflow/models/dagbag.py", line 346, in parse
    loader.exec_module(new_module)
  File "<frozen importlib._bootstrap_external>", line 843, in exec_module
  File "<frozen importlib._bootstrap>", line 219, in _call_with_frames_removed
  File "/opt/airflow/dags/run_aws_glue Back.py", line 64, in <module>
    dag = run_aws_glue()
  File "/home/airflow/.local/lib/python3.8/site-packages/airflow/models/dag.py", line 3905, in factory
    with DAG(
  File "/home/airflow/.local/lib/python3.8/site-packages/airflow/models/dag.py", line 499, in __init__
    validate_key(dag_id)
  File "/home/airflow/.local/lib/python3.8/site-packages/airflow/utils/helpers.py", line 57, in validate_key
    raise AirflowException(
airflow.exceptions.AirflowException: The key 'run_aws_glue back' has to be made of alphanumeric characters, dashes, dots and underscores exclusively
[2025-12-11T16:40:40.316+0200] {processor.py:842} WARNING - No viable dags retrieved from /opt/airflow/dags/run_aws_glue Back.py
[2025-12-11T16:40:40.333+0200] {processor.py:183} INFO - Processing /opt/airflow/dags/run_aws_glue Back.py took 0.044 seconds
[2025-12-11T16:41:11.042+0200] {processor.py:161} INFO - Started process (PID=2472) to work on /opt/airflow/dags/run_aws_glue Back.py
[2025-12-11T16:41:11.043+0200] {processor.py:830} INFO - Processing file /opt/airflow/dags/run_aws_glue Back.py for tasks to queue
[2025-12-11T16:41:11.044+0200] {logging_mixin.py:188} INFO - [2025-12-11T16:41:11.044+0200] {dagbag.py:540} INFO - Filling up the DagBag from /opt/airflow/dags/run_aws_glue Back.py
[2025-12-11T16:41:11.064+0200] {logging_mixin.py:188} INFO - [2025-12-11T16:41:11.058+0200] {dagbag.py:350} ERROR - Failed to import: /opt/airflow/dags/run_aws_glue Back.py
Traceback (most recent call last):
  File "/home/airflow/.local/lib/python3.8/site-packages/airflow/models/dagbag.py", line 346, in parse
    loader.exec_module(new_module)
  File "<frozen importlib._bootstrap_external>", line 843, in exec_module
  File "<frozen importlib._bootstrap>", line 219, in _call_with_frames_removed
  File "/opt/airflow/dags/run_aws_glue Back.py", line 64, in <module>
    dag = run_aws_glue()
  File "/home/airflow/.local/lib/python3.8/site-packages/airflow/models/dag.py", line 3905, in factory
    with DAG(
  File "/home/airflow/.local/lib/python3.8/site-packages/airflow/models/dag.py", line 499, in __init__
    validate_key(dag_id)
  File "/home/airflow/.local/lib/python3.8/site-packages/airflow/utils/helpers.py", line 57, in validate_key
    raise AirflowException(
airflow.exceptions.AirflowException: The key 'run_aws_glue back' has to be made of alphanumeric characters, dashes, dots and underscores exclusively
[2025-12-11T16:41:11.065+0200] {processor.py:842} WARNING - No viable dags retrieved from /opt/airflow/dags/run_aws_glue Back.py
[2025-12-11T16:41:11.084+0200] {processor.py:183} INFO - Processing /opt/airflow/dags/run_aws_glue Back.py took 0.046 seconds
[2025-12-11T16:41:41.799+0200] {processor.py:161} INFO - Started process (PID=2487) to work on /opt/airflow/dags/run_aws_glue Back.py
[2025-12-11T16:41:41.800+0200] {processor.py:830} INFO - Processing file /opt/airflow/dags/run_aws_glue Back.py for tasks to queue
[2025-12-11T16:41:41.801+0200] {logging_mixin.py:188} INFO - [2025-12-11T16:41:41.801+0200] {dagbag.py:540} INFO - Filling up the DagBag from /opt/airflow/dags/run_aws_glue Back.py
[2025-12-11T16:41:41.818+0200] {logging_mixin.py:188} INFO - [2025-12-11T16:41:41.814+0200] {dagbag.py:350} ERROR - Failed to import: /opt/airflow/dags/run_aws_glue Back.py
Traceback (most recent call last):
  File "/home/airflow/.local/lib/python3.8/site-packages/airflow/models/dagbag.py", line 346, in parse
    loader.exec_module(new_module)
  File "<frozen importlib._bootstrap_external>", line 843, in exec_module
  File "<frozen importlib._bootstrap>", line 219, in _call_with_frames_removed
  File "/opt/airflow/dags/run_aws_glue Back.py", line 64, in <module>
    dag = run_aws_glue()
  File "/home/airflow/.local/lib/python3.8/site-packages/airflow/models/dag.py", line 3905, in factory
    with DAG(
  File "/home/airflow/.local/lib/python3.8/site-packages/airflow/models/dag.py", line 499, in __init__
    validate_key(dag_id)
  File "/home/airflow/.local/lib/python3.8/site-packages/airflow/utils/helpers.py", line 57, in validate_key
    raise AirflowException(
airflow.exceptions.AirflowException: The key 'run_aws_glue back' has to be made of alphanumeric characters, dashes, dots and underscores exclusively
[2025-12-11T16:41:41.818+0200] {processor.py:842} WARNING - No viable dags retrieved from /opt/airflow/dags/run_aws_glue Back.py
[2025-12-11T16:41:41.836+0200] {processor.py:183} INFO - Processing /opt/airflow/dags/run_aws_glue Back.py took 0.040 seconds
[2025-12-11T16:42:12.567+0200] {processor.py:161} INFO - Started process (PID=2502) to work on /opt/airflow/dags/run_aws_glue Back.py
[2025-12-11T16:42:12.568+0200] {processor.py:830} INFO - Processing file /opt/airflow/dags/run_aws_glue Back.py for tasks to queue
[2025-12-11T16:42:12.569+0200] {logging_mixin.py:188} INFO - [2025-12-11T16:42:12.568+0200] {dagbag.py:540} INFO - Filling up the DagBag from /opt/airflow/dags/run_aws_glue Back.py
[2025-12-11T16:42:12.585+0200] {logging_mixin.py:188} INFO - [2025-12-11T16:42:12.581+0200] {dagbag.py:350} ERROR - Failed to import: /opt/airflow/dags/run_aws_glue Back.py
Traceback (most recent call last):
  File "/home/airflow/.local/lib/python3.8/site-packages/airflow/models/dagbag.py", line 346, in parse
    loader.exec_module(new_module)
  File "<frozen importlib._bootstrap_external>", line 843, in exec_module
  File "<frozen importlib._bootstrap>", line 219, in _call_with_frames_removed
  File "/opt/airflow/dags/run_aws_glue Back.py", line 64, in <module>
    dag = run_aws_glue()
  File "/home/airflow/.local/lib/python3.8/site-packages/airflow/models/dag.py", line 3905, in factory
    with DAG(
  File "/home/airflow/.local/lib/python3.8/site-packages/airflow/models/dag.py", line 499, in __init__
    validate_key(dag_id)
  File "/home/airflow/.local/lib/python3.8/site-packages/airflow/utils/helpers.py", line 57, in validate_key
    raise AirflowException(
airflow.exceptions.AirflowException: The key 'run_aws_glue back' has to be made of alphanumeric characters, dashes, dots and underscores exclusively
[2025-12-11T16:42:12.586+0200] {processor.py:842} WARNING - No viable dags retrieved from /opt/airflow/dags/run_aws_glue Back.py
[2025-12-11T16:42:12.602+0200] {processor.py:183} INFO - Processing /opt/airflow/dags/run_aws_glue Back.py took 0.038 seconds
[2025-12-11T16:42:43.310+0200] {processor.py:161} INFO - Started process (PID=2517) to work on /opt/airflow/dags/run_aws_glue Back.py
[2025-12-11T16:42:43.311+0200] {processor.py:830} INFO - Processing file /opt/airflow/dags/run_aws_glue Back.py for tasks to queue
[2025-12-11T16:42:43.312+0200] {logging_mixin.py:188} INFO - [2025-12-11T16:42:43.311+0200] {dagbag.py:540} INFO - Filling up the DagBag from /opt/airflow/dags/run_aws_glue Back.py
[2025-12-11T16:42:43.331+0200] {logging_mixin.py:188} INFO - [2025-12-11T16:42:43.326+0200] {dagbag.py:350} ERROR - Failed to import: /opt/airflow/dags/run_aws_glue Back.py
Traceback (most recent call last):
  File "/home/airflow/.local/lib/python3.8/site-packages/airflow/models/dagbag.py", line 346, in parse
    loader.exec_module(new_module)
  File "<frozen importlib._bootstrap_external>", line 843, in exec_module
  File "<frozen importlib._bootstrap>", line 219, in _call_with_frames_removed
  File "/opt/airflow/dags/run_aws_glue Back.py", line 64, in <module>
    dag = run_aws_glue()
  File "/home/airflow/.local/lib/python3.8/site-packages/airflow/models/dag.py", line 3905, in factory
    with DAG(
  File "/home/airflow/.local/lib/python3.8/site-packages/airflow/models/dag.py", line 499, in __init__
    validate_key(dag_id)
  File "/home/airflow/.local/lib/python3.8/site-packages/airflow/utils/helpers.py", line 57, in validate_key
    raise AirflowException(
airflow.exceptions.AirflowException: The key 'run_aws_glue back' has to be made of alphanumeric characters, dashes, dots and underscores exclusively
[2025-12-11T16:42:43.331+0200] {processor.py:842} WARNING - No viable dags retrieved from /opt/airflow/dags/run_aws_glue Back.py
[2025-12-11T16:42:43.347+0200] {processor.py:183} INFO - Processing /opt/airflow/dags/run_aws_glue Back.py took 0.041 seconds
[2025-12-11T16:43:13.965+0200] {processor.py:161} INFO - Started process (PID=2532) to work on /opt/airflow/dags/run_aws_glue Back.py
[2025-12-11T16:43:13.967+0200] {processor.py:830} INFO - Processing file /opt/airflow/dags/run_aws_glue Back.py for tasks to queue
[2025-12-11T16:43:13.968+0200] {logging_mixin.py:188} INFO - [2025-12-11T16:43:13.968+0200] {dagbag.py:540} INFO - Filling up the DagBag from /opt/airflow/dags/run_aws_glue Back.py
[2025-12-11T16:43:13.988+0200] {logging_mixin.py:188} INFO - [2025-12-11T16:43:13.984+0200] {dagbag.py:350} ERROR - Failed to import: /opt/airflow/dags/run_aws_glue Back.py
Traceback (most recent call last):
  File "/home/airflow/.local/lib/python3.8/site-packages/airflow/models/dagbag.py", line 346, in parse
    loader.exec_module(new_module)
  File "<frozen importlib._bootstrap_external>", line 843, in exec_module
  File "<frozen importlib._bootstrap>", line 219, in _call_with_frames_removed
  File "/opt/airflow/dags/run_aws_glue Back.py", line 64, in <module>
    dag = run_aws_glue()
  File "/home/airflow/.local/lib/python3.8/site-packages/airflow/models/dag.py", line 3905, in factory
    with DAG(
  File "/home/airflow/.local/lib/python3.8/site-packages/airflow/models/dag.py", line 499, in __init__
    validate_key(dag_id)
  File "/home/airflow/.local/lib/python3.8/site-packages/airflow/utils/helpers.py", line 57, in validate_key
    raise AirflowException(
airflow.exceptions.AirflowException: The key 'run_aws_glue back' has to be made of alphanumeric characters, dashes, dots and underscores exclusively
[2025-12-11T16:43:13.988+0200] {processor.py:842} WARNING - No viable dags retrieved from /opt/airflow/dags/run_aws_glue Back.py
[2025-12-11T16:43:14.005+0200] {processor.py:183} INFO - Processing /opt/airflow/dags/run_aws_glue Back.py took 0.042 seconds
[2025-12-11T16:43:44.729+0200] {processor.py:161} INFO - Started process (PID=2547) to work on /opt/airflow/dags/run_aws_glue Back.py
[2025-12-11T16:43:44.731+0200] {processor.py:830} INFO - Processing file /opt/airflow/dags/run_aws_glue Back.py for tasks to queue
[2025-12-11T16:43:44.732+0200] {logging_mixin.py:188} INFO - [2025-12-11T16:43:44.731+0200] {dagbag.py:540} INFO - Filling up the DagBag from /opt/airflow/dags/run_aws_glue Back.py
[2025-12-11T16:43:44.748+0200] {logging_mixin.py:188} INFO - [2025-12-11T16:43:44.744+0200] {dagbag.py:350} ERROR - Failed to import: /opt/airflow/dags/run_aws_glue Back.py
Traceback (most recent call last):
  File "/home/airflow/.local/lib/python3.8/site-packages/airflow/models/dagbag.py", line 346, in parse
    loader.exec_module(new_module)
  File "<frozen importlib._bootstrap_external>", line 843, in exec_module
  File "<frozen importlib._bootstrap>", line 219, in _call_with_frames_removed
  File "/opt/airflow/dags/run_aws_glue Back.py", line 64, in <module>
    dag = run_aws_glue()
  File "/home/airflow/.local/lib/python3.8/site-packages/airflow/models/dag.py", line 3905, in factory
    with DAG(
  File "/home/airflow/.local/lib/python3.8/site-packages/airflow/models/dag.py", line 499, in __init__
    validate_key(dag_id)
  File "/home/airflow/.local/lib/python3.8/site-packages/airflow/utils/helpers.py", line 57, in validate_key
    raise AirflowException(
airflow.exceptions.AirflowException: The key 'run_aws_glue back' has to be made of alphanumeric characters, dashes, dots and underscores exclusively
[2025-12-11T16:43:44.748+0200] {processor.py:842} WARNING - No viable dags retrieved from /opt/airflow/dags/run_aws_glue Back.py
[2025-12-11T16:43:44.766+0200] {processor.py:183} INFO - Processing /opt/airflow/dags/run_aws_glue Back.py took 0.040 seconds
