[2025-12-11T16:24:23.601+0200] {processor.py:161} INFO - Started process (PID=1963) to work on /opt/airflow/dags/transfer_to_parquet back.py
[2025-12-11T16:24:23.602+0200] {processor.py:830} INFO - Processing file /opt/airflow/dags/transfer_to_parquet back.py for tasks to queue
[2025-12-11T16:24:23.604+0200] {logging_mixin.py:188} INFO - [2025-12-11T16:24:23.603+0200] {dagbag.py:540} INFO - Filling up the DagBag from /opt/airflow/dags/transfer_to_parquet back.py
[2025-12-11T16:24:23.634+0200] {processor.py:840} INFO - DAG(s) 'transfer_to_parquet' retrieved from /opt/airflow/dags/transfer_to_parquet back.py
[2025-12-11T16:24:24.918+0200] {logging_mixin.py:188} INFO - [2025-12-11T16:24:24.918+0200] {dag.py:3047} INFO - Sync 1 DAGs
[2025-12-11T16:24:24.929+0200] {logging_mixin.py:188} INFO - [2025-12-11T16:24:24.929+0200] {dag.py:3834} INFO - Setting next_dagrun for transfer_to_parquet to None, run_after=None
[2025-12-11T16:24:24.956+0200] {processor.py:183} INFO - Processing /opt/airflow/dags/transfer_to_parquet back.py took 1.359 seconds
[2025-12-11T16:24:55.343+0200] {processor.py:161} INFO - Started process (PID=1979) to work on /opt/airflow/dags/transfer_to_parquet back.py
[2025-12-11T16:24:55.344+0200] {processor.py:830} INFO - Processing file /opt/airflow/dags/transfer_to_parquet back.py for tasks to queue
[2025-12-11T16:24:55.345+0200] {logging_mixin.py:188} INFO - [2025-12-11T16:24:55.345+0200] {dagbag.py:540} INFO - Filling up the DagBag from /opt/airflow/dags/transfer_to_parquet back.py
[2025-12-11T16:24:55.373+0200] {processor.py:840} INFO - DAG(s) 'transfer_to_parquet' retrieved from /opt/airflow/dags/transfer_to_parquet back.py
[2025-12-11T16:24:55.406+0200] {logging_mixin.py:188} INFO - [2025-12-11T16:24:55.405+0200] {dag.py:3047} INFO - Sync 1 DAGs
[2025-12-11T16:24:55.419+0200] {logging_mixin.py:188} INFO - [2025-12-11T16:24:55.419+0200] {dag.py:3834} INFO - Setting next_dagrun for transfer_to_parquet to None, run_after=None
[2025-12-11T16:24:55.442+0200] {processor.py:183} INFO - Processing /opt/airflow/dags/transfer_to_parquet back.py took 0.103 seconds
[2025-12-11T16:25:26.255+0200] {processor.py:161} INFO - Started process (PID=2001) to work on /opt/airflow/dags/transfer_to_parquet back.py
[2025-12-11T16:25:26.256+0200] {processor.py:830} INFO - Processing file /opt/airflow/dags/transfer_to_parquet back.py for tasks to queue
[2025-12-11T16:25:26.257+0200] {logging_mixin.py:188} INFO - [2025-12-11T16:25:26.257+0200] {dagbag.py:540} INFO - Filling up the DagBag from /opt/airflow/dags/transfer_to_parquet back.py
[2025-12-11T16:25:26.280+0200] {processor.py:840} INFO - DAG(s) 'transfer_to_parquet' retrieved from /opt/airflow/dags/transfer_to_parquet back.py
[2025-12-11T16:25:26.291+0200] {logging_mixin.py:188} INFO - [2025-12-11T16:25:26.291+0200] {dag.py:3047} INFO - Sync 1 DAGs
[2025-12-11T16:25:26.304+0200] {logging_mixin.py:188} INFO - [2025-12-11T16:25:26.304+0200] {dag.py:3834} INFO - Setting next_dagrun for transfer_to_parquet to None, run_after=None
[2025-12-11T16:25:26.323+0200] {processor.py:183} INFO - Processing /opt/airflow/dags/transfer_to_parquet back.py took 0.071 seconds
[2025-12-11T16:25:57.126+0200] {processor.py:161} INFO - Started process (PID=2016) to work on /opt/airflow/dags/transfer_to_parquet back.py
[2025-12-11T16:25:57.127+0200] {processor.py:830} INFO - Processing file /opt/airflow/dags/transfer_to_parquet back.py for tasks to queue
[2025-12-11T16:25:57.128+0200] {logging_mixin.py:188} INFO - [2025-12-11T16:25:57.128+0200] {dagbag.py:540} INFO - Filling up the DagBag from /opt/airflow/dags/transfer_to_parquet back.py
[2025-12-11T16:25:57.150+0200] {processor.py:840} INFO - DAG(s) 'transfer_to_parquet' retrieved from /opt/airflow/dags/transfer_to_parquet back.py
[2025-12-11T16:25:57.337+0200] {logging_mixin.py:188} INFO - [2025-12-11T16:25:57.337+0200] {dag.py:3047} INFO - Sync 1 DAGs
[2025-12-11T16:25:57.347+0200] {logging_mixin.py:188} INFO - [2025-12-11T16:25:57.346+0200] {dag.py:3834} INFO - Setting next_dagrun for transfer_to_parquet to None, run_after=None
[2025-12-11T16:25:57.366+0200] {processor.py:183} INFO - Processing /opt/airflow/dags/transfer_to_parquet back.py took 0.242 seconds
[2025-12-11T16:26:04.370+0200] {processor.py:161} INFO - Started process (PID=2020) to work on /opt/airflow/dags/transfer_to_parquet back.py
[2025-12-11T16:26:04.371+0200] {processor.py:830} INFO - Processing file /opt/airflow/dags/transfer_to_parquet back.py for tasks to queue
[2025-12-11T16:26:04.372+0200] {logging_mixin.py:188} INFO - [2025-12-11T16:26:04.371+0200] {dagbag.py:540} INFO - Filling up the DagBag from /opt/airflow/dags/transfer_to_parquet back.py
[2025-12-11T16:26:04.395+0200] {logging_mixin.py:188} INFO - [2025-12-11T16:26:04.391+0200] {dagbag.py:350} ERROR - Failed to import: /opt/airflow/dags/transfer_to_parquet back.py
Traceback (most recent call last):
  File "/home/airflow/.local/lib/python3.8/site-packages/airflow/models/dagbag.py", line 346, in parse
    loader.exec_module(new_module)
  File "<frozen importlib._bootstrap_external>", line 843, in exec_module
  File "<frozen importlib._bootstrap>", line 219, in _call_with_frames_removed
  File "/opt/airflow/dags/transfer_to_parquet back.py", line 120, in <module>
    dag = transfer_to_parquet()
  File "/home/airflow/.local/lib/python3.8/site-packages/airflow/models/dag.py", line 3905, in factory
    with DAG(
  File "/home/airflow/.local/lib/python3.8/site-packages/airflow/models/dag.py", line 499, in __init__
    validate_key(dag_id)
  File "/home/airflow/.local/lib/python3.8/site-packages/airflow/utils/helpers.py", line 57, in validate_key
    raise AirflowException(
airflow.exceptions.AirflowException: The key 'transfer_to_parquet back' has to be made of alphanumeric characters, dashes, dots and underscores exclusively
[2025-12-11T16:26:04.395+0200] {processor.py:842} WARNING - No viable dags retrieved from /opt/airflow/dags/transfer_to_parquet back.py
[2025-12-11T16:26:04.413+0200] {processor.py:183} INFO - Processing /opt/airflow/dags/transfer_to_parquet back.py took 0.046 seconds
[2025-12-11T16:26:34.946+0200] {processor.py:161} INFO - Started process (PID=2034) to work on /opt/airflow/dags/transfer_to_parquet back.py
[2025-12-11T16:26:34.947+0200] {processor.py:830} INFO - Processing file /opt/airflow/dags/transfer_to_parquet back.py for tasks to queue
[2025-12-11T16:26:34.948+0200] {logging_mixin.py:188} INFO - [2025-12-11T16:26:34.948+0200] {dagbag.py:540} INFO - Filling up the DagBag from /opt/airflow/dags/transfer_to_parquet back.py
[2025-12-11T16:26:34.962+0200] {logging_mixin.py:188} INFO - [2025-12-11T16:26:34.959+0200] {dagbag.py:350} ERROR - Failed to import: /opt/airflow/dags/transfer_to_parquet back.py
Traceback (most recent call last):
  File "/home/airflow/.local/lib/python3.8/site-packages/airflow/models/dagbag.py", line 346, in parse
    loader.exec_module(new_module)
  File "<frozen importlib._bootstrap_external>", line 843, in exec_module
  File "<frozen importlib._bootstrap>", line 219, in _call_with_frames_removed
  File "/opt/airflow/dags/transfer_to_parquet back.py", line 120, in <module>
    dag = transfer_to_parquet()
  File "/home/airflow/.local/lib/python3.8/site-packages/airflow/models/dag.py", line 3905, in factory
    with DAG(
  File "/home/airflow/.local/lib/python3.8/site-packages/airflow/models/dag.py", line 499, in __init__
    validate_key(dag_id)
  File "/home/airflow/.local/lib/python3.8/site-packages/airflow/utils/helpers.py", line 57, in validate_key
    raise AirflowException(
airflow.exceptions.AirflowException: The key 'transfer_to_parquet back' has to be made of alphanumeric characters, dashes, dots and underscores exclusively
[2025-12-11T16:26:34.963+0200] {processor.py:842} WARNING - No viable dags retrieved from /opt/airflow/dags/transfer_to_parquet back.py
[2025-12-11T16:26:34.980+0200] {processor.py:183} INFO - Processing /opt/airflow/dags/transfer_to_parquet back.py took 0.037 seconds
[2025-12-11T16:27:05.565+0200] {processor.py:161} INFO - Started process (PID=2048) to work on /opt/airflow/dags/transfer_to_parquet back.py
[2025-12-11T16:27:05.566+0200] {processor.py:830} INFO - Processing file /opt/airflow/dags/transfer_to_parquet back.py for tasks to queue
[2025-12-11T16:27:05.567+0200] {logging_mixin.py:188} INFO - [2025-12-11T16:27:05.566+0200] {dagbag.py:540} INFO - Filling up the DagBag from /opt/airflow/dags/transfer_to_parquet back.py
[2025-12-11T16:27:05.581+0200] {logging_mixin.py:188} INFO - [2025-12-11T16:27:05.576+0200] {dagbag.py:350} ERROR - Failed to import: /opt/airflow/dags/transfer_to_parquet back.py
Traceback (most recent call last):
  File "/home/airflow/.local/lib/python3.8/site-packages/airflow/models/dagbag.py", line 346, in parse
    loader.exec_module(new_module)
  File "<frozen importlib._bootstrap_external>", line 843, in exec_module
  File "<frozen importlib._bootstrap>", line 219, in _call_with_frames_removed
  File "/opt/airflow/dags/transfer_to_parquet back.py", line 120, in <module>
    dag = transfer_to_parquet()
  File "/home/airflow/.local/lib/python3.8/site-packages/airflow/models/dag.py", line 3905, in factory
    with DAG(
  File "/home/airflow/.local/lib/python3.8/site-packages/airflow/models/dag.py", line 499, in __init__
    validate_key(dag_id)
  File "/home/airflow/.local/lib/python3.8/site-packages/airflow/utils/helpers.py", line 57, in validate_key
    raise AirflowException(
airflow.exceptions.AirflowException: The key 'transfer_to_parquet back' has to be made of alphanumeric characters, dashes, dots and underscores exclusively
[2025-12-11T16:27:05.582+0200] {processor.py:842} WARNING - No viable dags retrieved from /opt/airflow/dags/transfer_to_parquet back.py
[2025-12-11T16:27:05.601+0200] {processor.py:183} INFO - Processing /opt/airflow/dags/transfer_to_parquet back.py took 0.039 seconds
[2025-12-11T16:27:36.371+0200] {processor.py:161} INFO - Started process (PID=2062) to work on /opt/airflow/dags/transfer_to_parquet back.py
[2025-12-11T16:27:36.372+0200] {processor.py:830} INFO - Processing file /opt/airflow/dags/transfer_to_parquet back.py for tasks to queue
[2025-12-11T16:27:36.374+0200] {logging_mixin.py:188} INFO - [2025-12-11T16:27:36.373+0200] {dagbag.py:540} INFO - Filling up the DagBag from /opt/airflow/dags/transfer_to_parquet back.py
[2025-12-11T16:27:36.387+0200] {logging_mixin.py:188} INFO - [2025-12-11T16:27:36.383+0200] {dagbag.py:350} ERROR - Failed to import: /opt/airflow/dags/transfer_to_parquet back.py
Traceback (most recent call last):
  File "/home/airflow/.local/lib/python3.8/site-packages/airflow/models/dagbag.py", line 346, in parse
    loader.exec_module(new_module)
  File "<frozen importlib._bootstrap_external>", line 843, in exec_module
  File "<frozen importlib._bootstrap>", line 219, in _call_with_frames_removed
  File "/opt/airflow/dags/transfer_to_parquet back.py", line 120, in <module>
    dag = transfer_to_parquet()
  File "/home/airflow/.local/lib/python3.8/site-packages/airflow/models/dag.py", line 3905, in factory
    with DAG(
  File "/home/airflow/.local/lib/python3.8/site-packages/airflow/models/dag.py", line 499, in __init__
    validate_key(dag_id)
  File "/home/airflow/.local/lib/python3.8/site-packages/airflow/utils/helpers.py", line 57, in validate_key
    raise AirflowException(
airflow.exceptions.AirflowException: The key 'transfer_to_parquet back' has to be made of alphanumeric characters, dashes, dots and underscores exclusively
[2025-12-11T16:27:36.387+0200] {processor.py:842} WARNING - No viable dags retrieved from /opt/airflow/dags/transfer_to_parquet back.py
[2025-12-11T16:27:36.407+0200] {processor.py:183} INFO - Processing /opt/airflow/dags/transfer_to_parquet back.py took 0.039 seconds
[2025-12-11T16:28:07.181+0200] {processor.py:161} INFO - Started process (PID=2078) to work on /opt/airflow/dags/transfer_to_parquet back.py
[2025-12-11T16:28:07.182+0200] {processor.py:830} INFO - Processing file /opt/airflow/dags/transfer_to_parquet back.py for tasks to queue
[2025-12-11T16:28:07.183+0200] {logging_mixin.py:188} INFO - [2025-12-11T16:28:07.183+0200] {dagbag.py:540} INFO - Filling up the DagBag from /opt/airflow/dags/transfer_to_parquet back.py
[2025-12-11T16:28:07.198+0200] {logging_mixin.py:188} INFO - [2025-12-11T16:28:07.195+0200] {dagbag.py:350} ERROR - Failed to import: /opt/airflow/dags/transfer_to_parquet back.py
Traceback (most recent call last):
  File "/home/airflow/.local/lib/python3.8/site-packages/airflow/models/dagbag.py", line 346, in parse
    loader.exec_module(new_module)
  File "<frozen importlib._bootstrap_external>", line 843, in exec_module
  File "<frozen importlib._bootstrap>", line 219, in _call_with_frames_removed
  File "/opt/airflow/dags/transfer_to_parquet back.py", line 120, in <module>
    dag = transfer_to_parquet()
  File "/home/airflow/.local/lib/python3.8/site-packages/airflow/models/dag.py", line 3905, in factory
    with DAG(
  File "/home/airflow/.local/lib/python3.8/site-packages/airflow/models/dag.py", line 499, in __init__
    validate_key(dag_id)
  File "/home/airflow/.local/lib/python3.8/site-packages/airflow/utils/helpers.py", line 57, in validate_key
    raise AirflowException(
airflow.exceptions.AirflowException: The key 'transfer_to_parquet back' has to be made of alphanumeric characters, dashes, dots and underscores exclusively
[2025-12-11T16:28:07.198+0200] {processor.py:842} WARNING - No viable dags retrieved from /opt/airflow/dags/transfer_to_parquet back.py
[2025-12-11T16:28:07.218+0200] {processor.py:183} INFO - Processing /opt/airflow/dags/transfer_to_parquet back.py took 0.040 seconds
[2025-12-11T16:28:38.115+0200] {processor.py:161} INFO - Started process (PID=2096) to work on /opt/airflow/dags/transfer_to_parquet back.py
[2025-12-11T16:28:38.116+0200] {processor.py:830} INFO - Processing file /opt/airflow/dags/transfer_to_parquet back.py for tasks to queue
[2025-12-11T16:28:38.117+0200] {logging_mixin.py:188} INFO - [2025-12-11T16:28:38.117+0200] {dagbag.py:540} INFO - Filling up the DagBag from /opt/airflow/dags/transfer_to_parquet back.py
[2025-12-11T16:28:38.137+0200] {logging_mixin.py:188} INFO - [2025-12-11T16:28:38.132+0200] {dagbag.py:350} ERROR - Failed to import: /opt/airflow/dags/transfer_to_parquet back.py
Traceback (most recent call last):
  File "/home/airflow/.local/lib/python3.8/site-packages/airflow/models/dagbag.py", line 346, in parse
    loader.exec_module(new_module)
  File "<frozen importlib._bootstrap_external>", line 843, in exec_module
  File "<frozen importlib._bootstrap>", line 219, in _call_with_frames_removed
  File "/opt/airflow/dags/transfer_to_parquet back.py", line 120, in <module>
    dag = transfer_to_parquet()
  File "/home/airflow/.local/lib/python3.8/site-packages/airflow/models/dag.py", line 3905, in factory
    with DAG(
  File "/home/airflow/.local/lib/python3.8/site-packages/airflow/models/dag.py", line 499, in __init__
    validate_key(dag_id)
  File "/home/airflow/.local/lib/python3.8/site-packages/airflow/utils/helpers.py", line 57, in validate_key
    raise AirflowException(
airflow.exceptions.AirflowException: The key 'transfer_to_parquet back' has to be made of alphanumeric characters, dashes, dots and underscores exclusively
[2025-12-11T16:28:38.138+0200] {processor.py:842} WARNING - No viable dags retrieved from /opt/airflow/dags/transfer_to_parquet back.py
[2025-12-11T16:28:38.158+0200] {processor.py:183} INFO - Processing /opt/airflow/dags/transfer_to_parquet back.py took 0.046 seconds
[2025-12-11T16:29:08.794+0200] {processor.py:161} INFO - Started process (PID=2110) to work on /opt/airflow/dags/transfer_to_parquet back.py
[2025-12-11T16:29:08.795+0200] {processor.py:830} INFO - Processing file /opt/airflow/dags/transfer_to_parquet back.py for tasks to queue
[2025-12-11T16:29:08.796+0200] {logging_mixin.py:188} INFO - [2025-12-11T16:29:08.796+0200] {dagbag.py:540} INFO - Filling up the DagBag from /opt/airflow/dags/transfer_to_parquet back.py
[2025-12-11T16:29:08.812+0200] {logging_mixin.py:188} INFO - [2025-12-11T16:29:08.808+0200] {dagbag.py:350} ERROR - Failed to import: /opt/airflow/dags/transfer_to_parquet back.py
Traceback (most recent call last):
  File "/home/airflow/.local/lib/python3.8/site-packages/airflow/models/dagbag.py", line 346, in parse
    loader.exec_module(new_module)
  File "<frozen importlib._bootstrap_external>", line 843, in exec_module
  File "<frozen importlib._bootstrap>", line 219, in _call_with_frames_removed
  File "/opt/airflow/dags/transfer_to_parquet back.py", line 120, in <module>
    dag = transfer_to_parquet()
  File "/home/airflow/.local/lib/python3.8/site-packages/airflow/models/dag.py", line 3905, in factory
    with DAG(
  File "/home/airflow/.local/lib/python3.8/site-packages/airflow/models/dag.py", line 499, in __init__
    validate_key(dag_id)
  File "/home/airflow/.local/lib/python3.8/site-packages/airflow/utils/helpers.py", line 57, in validate_key
    raise AirflowException(
airflow.exceptions.AirflowException: The key 'transfer_to_parquet back' has to be made of alphanumeric characters, dashes, dots and underscores exclusively
[2025-12-11T16:29:08.813+0200] {processor.py:842} WARNING - No viable dags retrieved from /opt/airflow/dags/transfer_to_parquet back.py
[2025-12-11T16:29:08.832+0200] {processor.py:183} INFO - Processing /opt/airflow/dags/transfer_to_parquet back.py took 0.041 seconds
[2025-12-11T16:29:39.617+0200] {processor.py:161} INFO - Started process (PID=2125) to work on /opt/airflow/dags/transfer_to_parquet back.py
[2025-12-11T16:29:39.618+0200] {processor.py:830} INFO - Processing file /opt/airflow/dags/transfer_to_parquet back.py for tasks to queue
[2025-12-11T16:29:39.619+0200] {logging_mixin.py:188} INFO - [2025-12-11T16:29:39.619+0200] {dagbag.py:540} INFO - Filling up the DagBag from /opt/airflow/dags/transfer_to_parquet back.py
[2025-12-11T16:29:39.632+0200] {logging_mixin.py:188} INFO - [2025-12-11T16:29:39.629+0200] {dagbag.py:350} ERROR - Failed to import: /opt/airflow/dags/transfer_to_parquet back.py
Traceback (most recent call last):
  File "/home/airflow/.local/lib/python3.8/site-packages/airflow/models/dagbag.py", line 346, in parse
    loader.exec_module(new_module)
  File "<frozen importlib._bootstrap_external>", line 843, in exec_module
  File "<frozen importlib._bootstrap>", line 219, in _call_with_frames_removed
  File "/opt/airflow/dags/transfer_to_parquet back.py", line 120, in <module>
    dag = transfer_to_parquet()
  File "/home/airflow/.local/lib/python3.8/site-packages/airflow/models/dag.py", line 3905, in factory
    with DAG(
  File "/home/airflow/.local/lib/python3.8/site-packages/airflow/models/dag.py", line 499, in __init__
    validate_key(dag_id)
  File "/home/airflow/.local/lib/python3.8/site-packages/airflow/utils/helpers.py", line 57, in validate_key
    raise AirflowException(
airflow.exceptions.AirflowException: The key 'transfer_to_parquet back' has to be made of alphanumeric characters, dashes, dots and underscores exclusively
[2025-12-11T16:29:39.633+0200] {processor.py:842} WARNING - No viable dags retrieved from /opt/airflow/dags/transfer_to_parquet back.py
[2025-12-11T16:29:39.650+0200] {processor.py:183} INFO - Processing /opt/airflow/dags/transfer_to_parquet back.py took 0.036 seconds
[2025-12-11T16:30:10.409+0200] {processor.py:161} INFO - Started process (PID=2140) to work on /opt/airflow/dags/transfer_to_parquet back.py
[2025-12-11T16:30:10.410+0200] {processor.py:830} INFO - Processing file /opt/airflow/dags/transfer_to_parquet back.py for tasks to queue
[2025-12-11T16:30:10.411+0200] {logging_mixin.py:188} INFO - [2025-12-11T16:30:10.411+0200] {dagbag.py:540} INFO - Filling up the DagBag from /opt/airflow/dags/transfer_to_parquet back.py
[2025-12-11T16:30:10.426+0200] {logging_mixin.py:188} INFO - [2025-12-11T16:30:10.422+0200] {dagbag.py:350} ERROR - Failed to import: /opt/airflow/dags/transfer_to_parquet back.py
Traceback (most recent call last):
  File "/home/airflow/.local/lib/python3.8/site-packages/airflow/models/dagbag.py", line 346, in parse
    loader.exec_module(new_module)
  File "<frozen importlib._bootstrap_external>", line 843, in exec_module
  File "<frozen importlib._bootstrap>", line 219, in _call_with_frames_removed
  File "/opt/airflow/dags/transfer_to_parquet back.py", line 120, in <module>
    dag = transfer_to_parquet()
  File "/home/airflow/.local/lib/python3.8/site-packages/airflow/models/dag.py", line 3905, in factory
    with DAG(
  File "/home/airflow/.local/lib/python3.8/site-packages/airflow/models/dag.py", line 499, in __init__
    validate_key(dag_id)
  File "/home/airflow/.local/lib/python3.8/site-packages/airflow/utils/helpers.py", line 57, in validate_key
    raise AirflowException(
airflow.exceptions.AirflowException: The key 'transfer_to_parquet back' has to be made of alphanumeric characters, dashes, dots and underscores exclusively
[2025-12-11T16:30:10.427+0200] {processor.py:842} WARNING - No viable dags retrieved from /opt/airflow/dags/transfer_to_parquet back.py
[2025-12-11T16:30:10.444+0200] {processor.py:183} INFO - Processing /opt/airflow/dags/transfer_to_parquet back.py took 0.038 seconds
[2025-12-11T16:30:41.235+0200] {processor.py:161} INFO - Started process (PID=2155) to work on /opt/airflow/dags/transfer_to_parquet back.py
[2025-12-11T16:30:41.236+0200] {processor.py:830} INFO - Processing file /opt/airflow/dags/transfer_to_parquet back.py for tasks to queue
[2025-12-11T16:30:41.237+0200] {logging_mixin.py:188} INFO - [2025-12-11T16:30:41.237+0200] {dagbag.py:540} INFO - Filling up the DagBag from /opt/airflow/dags/transfer_to_parquet back.py
[2025-12-11T16:30:41.253+0200] {logging_mixin.py:188} INFO - [2025-12-11T16:30:41.249+0200] {dagbag.py:350} ERROR - Failed to import: /opt/airflow/dags/transfer_to_parquet back.py
Traceback (most recent call last):
  File "/home/airflow/.local/lib/python3.8/site-packages/airflow/models/dagbag.py", line 346, in parse
    loader.exec_module(new_module)
  File "<frozen importlib._bootstrap_external>", line 843, in exec_module
  File "<frozen importlib._bootstrap>", line 219, in _call_with_frames_removed
  File "/opt/airflow/dags/transfer_to_parquet back.py", line 120, in <module>
    dag = transfer_to_parquet()
  File "/home/airflow/.local/lib/python3.8/site-packages/airflow/models/dag.py", line 3905, in factory
    with DAG(
  File "/home/airflow/.local/lib/python3.8/site-packages/airflow/models/dag.py", line 499, in __init__
    validate_key(dag_id)
  File "/home/airflow/.local/lib/python3.8/site-packages/airflow/utils/helpers.py", line 57, in validate_key
    raise AirflowException(
airflow.exceptions.AirflowException: The key 'transfer_to_parquet back' has to be made of alphanumeric characters, dashes, dots and underscores exclusively
[2025-12-11T16:30:41.254+0200] {processor.py:842} WARNING - No viable dags retrieved from /opt/airflow/dags/transfer_to_parquet back.py
[2025-12-11T16:30:41.270+0200] {processor.py:183} INFO - Processing /opt/airflow/dags/transfer_to_parquet back.py took 0.038 seconds
[2025-12-11T16:31:11.907+0200] {processor.py:161} INFO - Started process (PID=2170) to work on /opt/airflow/dags/transfer_to_parquet back.py
[2025-12-11T16:31:11.908+0200] {processor.py:830} INFO - Processing file /opt/airflow/dags/transfer_to_parquet back.py for tasks to queue
[2025-12-11T16:31:11.909+0200] {logging_mixin.py:188} INFO - [2025-12-11T16:31:11.908+0200] {dagbag.py:540} INFO - Filling up the DagBag from /opt/airflow/dags/transfer_to_parquet back.py
[2025-12-11T16:31:11.923+0200] {logging_mixin.py:188} INFO - [2025-12-11T16:31:11.919+0200] {dagbag.py:350} ERROR - Failed to import: /opt/airflow/dags/transfer_to_parquet back.py
Traceback (most recent call last):
  File "/home/airflow/.local/lib/python3.8/site-packages/airflow/models/dagbag.py", line 346, in parse
    loader.exec_module(new_module)
  File "<frozen importlib._bootstrap_external>", line 843, in exec_module
  File "<frozen importlib._bootstrap>", line 219, in _call_with_frames_removed
  File "/opt/airflow/dags/transfer_to_parquet back.py", line 120, in <module>
    dag = transfer_to_parquet()
  File "/home/airflow/.local/lib/python3.8/site-packages/airflow/models/dag.py", line 3905, in factory
    with DAG(
  File "/home/airflow/.local/lib/python3.8/site-packages/airflow/models/dag.py", line 499, in __init__
    validate_key(dag_id)
  File "/home/airflow/.local/lib/python3.8/site-packages/airflow/utils/helpers.py", line 57, in validate_key
    raise AirflowException(
airflow.exceptions.AirflowException: The key 'transfer_to_parquet back' has to be made of alphanumeric characters, dashes, dots and underscores exclusively
[2025-12-11T16:31:11.923+0200] {processor.py:842} WARNING - No viable dags retrieved from /opt/airflow/dags/transfer_to_parquet back.py
[2025-12-11T16:31:11.940+0200] {processor.py:183} INFO - Processing /opt/airflow/dags/transfer_to_parquet back.py took 0.037 seconds
[2025-12-11T16:31:42.654+0200] {processor.py:161} INFO - Started process (PID=2185) to work on /opt/airflow/dags/transfer_to_parquet back.py
[2025-12-11T16:31:42.655+0200] {processor.py:830} INFO - Processing file /opt/airflow/dags/transfer_to_parquet back.py for tasks to queue
[2025-12-11T16:31:42.656+0200] {logging_mixin.py:188} INFO - [2025-12-11T16:31:42.656+0200] {dagbag.py:540} INFO - Filling up the DagBag from /opt/airflow/dags/transfer_to_parquet back.py
[2025-12-11T16:31:42.671+0200] {logging_mixin.py:188} INFO - [2025-12-11T16:31:42.667+0200] {dagbag.py:350} ERROR - Failed to import: /opt/airflow/dags/transfer_to_parquet back.py
Traceback (most recent call last):
  File "/home/airflow/.local/lib/python3.8/site-packages/airflow/models/dagbag.py", line 346, in parse
    loader.exec_module(new_module)
  File "<frozen importlib._bootstrap_external>", line 843, in exec_module
  File "<frozen importlib._bootstrap>", line 219, in _call_with_frames_removed
  File "/opt/airflow/dags/transfer_to_parquet back.py", line 120, in <module>
    dag = transfer_to_parquet()
  File "/home/airflow/.local/lib/python3.8/site-packages/airflow/models/dag.py", line 3905, in factory
    with DAG(
  File "/home/airflow/.local/lib/python3.8/site-packages/airflow/models/dag.py", line 499, in __init__
    validate_key(dag_id)
  File "/home/airflow/.local/lib/python3.8/site-packages/airflow/utils/helpers.py", line 57, in validate_key
    raise AirflowException(
airflow.exceptions.AirflowException: The key 'transfer_to_parquet back' has to be made of alphanumeric characters, dashes, dots and underscores exclusively
[2025-12-11T16:31:42.671+0200] {processor.py:842} WARNING - No viable dags retrieved from /opt/airflow/dags/transfer_to_parquet back.py
[2025-12-11T16:31:42.688+0200] {processor.py:183} INFO - Processing /opt/airflow/dags/transfer_to_parquet back.py took 0.037 seconds
[2025-12-11T16:32:13.319+0200] {processor.py:161} INFO - Started process (PID=2200) to work on /opt/airflow/dags/transfer_to_parquet back.py
[2025-12-11T16:32:13.320+0200] {processor.py:830} INFO - Processing file /opt/airflow/dags/transfer_to_parquet back.py for tasks to queue
[2025-12-11T16:32:13.321+0200] {logging_mixin.py:188} INFO - [2025-12-11T16:32:13.321+0200] {dagbag.py:540} INFO - Filling up the DagBag from /opt/airflow/dags/transfer_to_parquet back.py
[2025-12-11T16:32:13.337+0200] {logging_mixin.py:188} INFO - [2025-12-11T16:32:13.333+0200] {dagbag.py:350} ERROR - Failed to import: /opt/airflow/dags/transfer_to_parquet back.py
Traceback (most recent call last):
  File "/home/airflow/.local/lib/python3.8/site-packages/airflow/models/dagbag.py", line 346, in parse
    loader.exec_module(new_module)
  File "<frozen importlib._bootstrap_external>", line 843, in exec_module
  File "<frozen importlib._bootstrap>", line 219, in _call_with_frames_removed
  File "/opt/airflow/dags/transfer_to_parquet back.py", line 120, in <module>
    dag = transfer_to_parquet()
  File "/home/airflow/.local/lib/python3.8/site-packages/airflow/models/dag.py", line 3905, in factory
    with DAG(
  File "/home/airflow/.local/lib/python3.8/site-packages/airflow/models/dag.py", line 499, in __init__
    validate_key(dag_id)
  File "/home/airflow/.local/lib/python3.8/site-packages/airflow/utils/helpers.py", line 57, in validate_key
    raise AirflowException(
airflow.exceptions.AirflowException: The key 'transfer_to_parquet back' has to be made of alphanumeric characters, dashes, dots and underscores exclusively
[2025-12-11T16:32:13.337+0200] {processor.py:842} WARNING - No viable dags retrieved from /opt/airflow/dags/transfer_to_parquet back.py
[2025-12-11T16:32:13.357+0200] {processor.py:183} INFO - Processing /opt/airflow/dags/transfer_to_parquet back.py took 0.041 seconds
[2025-12-11T16:32:44.042+0200] {processor.py:161} INFO - Started process (PID=2215) to work on /opt/airflow/dags/transfer_to_parquet back.py
[2025-12-11T16:32:44.043+0200] {processor.py:830} INFO - Processing file /opt/airflow/dags/transfer_to_parquet back.py for tasks to queue
[2025-12-11T16:32:44.044+0200] {logging_mixin.py:188} INFO - [2025-12-11T16:32:44.044+0200] {dagbag.py:540} INFO - Filling up the DagBag from /opt/airflow/dags/transfer_to_parquet back.py
[2025-12-11T16:32:44.061+0200] {logging_mixin.py:188} INFO - [2025-12-11T16:32:44.056+0200] {dagbag.py:350} ERROR - Failed to import: /opt/airflow/dags/transfer_to_parquet back.py
Traceback (most recent call last):
  File "/home/airflow/.local/lib/python3.8/site-packages/airflow/models/dagbag.py", line 346, in parse
    loader.exec_module(new_module)
  File "<frozen importlib._bootstrap_external>", line 843, in exec_module
  File "<frozen importlib._bootstrap>", line 219, in _call_with_frames_removed
  File "/opt/airflow/dags/transfer_to_parquet back.py", line 120, in <module>
    dag = transfer_to_parquet()
  File "/home/airflow/.local/lib/python3.8/site-packages/airflow/models/dag.py", line 3905, in factory
    with DAG(
  File "/home/airflow/.local/lib/python3.8/site-packages/airflow/models/dag.py", line 499, in __init__
    validate_key(dag_id)
  File "/home/airflow/.local/lib/python3.8/site-packages/airflow/utils/helpers.py", line 57, in validate_key
    raise AirflowException(
airflow.exceptions.AirflowException: The key 'transfer_to_parquet back' has to be made of alphanumeric characters, dashes, dots and underscores exclusively
[2025-12-11T16:32:44.061+0200] {processor.py:842} WARNING - No viable dags retrieved from /opt/airflow/dags/transfer_to_parquet back.py
[2025-12-11T16:32:44.080+0200] {processor.py:183} INFO - Processing /opt/airflow/dags/transfer_to_parquet back.py took 0.040 seconds
[2025-12-11T16:33:14.611+0200] {processor.py:161} INFO - Started process (PID=2230) to work on /opt/airflow/dags/transfer_to_parquet back.py
[2025-12-11T16:33:14.611+0200] {processor.py:830} INFO - Processing file /opt/airflow/dags/transfer_to_parquet back.py for tasks to queue
[2025-12-11T16:33:14.612+0200] {logging_mixin.py:188} INFO - [2025-12-11T16:33:14.612+0200] {dagbag.py:540} INFO - Filling up the DagBag from /opt/airflow/dags/transfer_to_parquet back.py
[2025-12-11T16:33:14.627+0200] {logging_mixin.py:188} INFO - [2025-12-11T16:33:14.624+0200] {dagbag.py:350} ERROR - Failed to import: /opt/airflow/dags/transfer_to_parquet back.py
Traceback (most recent call last):
  File "/home/airflow/.local/lib/python3.8/site-packages/airflow/models/dagbag.py", line 346, in parse
    loader.exec_module(new_module)
  File "<frozen importlib._bootstrap_external>", line 843, in exec_module
  File "<frozen importlib._bootstrap>", line 219, in _call_with_frames_removed
  File "/opt/airflow/dags/transfer_to_parquet back.py", line 120, in <module>
    dag = transfer_to_parquet()
  File "/home/airflow/.local/lib/python3.8/site-packages/airflow/models/dag.py", line 3905, in factory
    with DAG(
  File "/home/airflow/.local/lib/python3.8/site-packages/airflow/models/dag.py", line 499, in __init__
    validate_key(dag_id)
  File "/home/airflow/.local/lib/python3.8/site-packages/airflow/utils/helpers.py", line 57, in validate_key
    raise AirflowException(
airflow.exceptions.AirflowException: The key 'transfer_to_parquet back' has to be made of alphanumeric characters, dashes, dots and underscores exclusively
[2025-12-11T16:33:14.627+0200] {processor.py:842} WARNING - No viable dags retrieved from /opt/airflow/dags/transfer_to_parquet back.py
[2025-12-11T16:33:14.645+0200] {processor.py:183} INFO - Processing /opt/airflow/dags/transfer_to_parquet back.py took 0.037 seconds
[2025-12-11T16:33:45.268+0200] {processor.py:161} INFO - Started process (PID=2250) to work on /opt/airflow/dags/transfer_to_parquet back.py
[2025-12-11T16:33:45.269+0200] {processor.py:830} INFO - Processing file /opt/airflow/dags/transfer_to_parquet back.py for tasks to queue
[2025-12-11T16:33:45.270+0200] {logging_mixin.py:188} INFO - [2025-12-11T16:33:45.270+0200] {dagbag.py:540} INFO - Filling up the DagBag from /opt/airflow/dags/transfer_to_parquet back.py
[2025-12-11T16:33:45.289+0200] {logging_mixin.py:188} INFO - [2025-12-11T16:33:45.284+0200] {dagbag.py:350} ERROR - Failed to import: /opt/airflow/dags/transfer_to_parquet back.py
Traceback (most recent call last):
  File "/home/airflow/.local/lib/python3.8/site-packages/airflow/models/dagbag.py", line 346, in parse
    loader.exec_module(new_module)
  File "<frozen importlib._bootstrap_external>", line 843, in exec_module
  File "<frozen importlib._bootstrap>", line 219, in _call_with_frames_removed
  File "/opt/airflow/dags/transfer_to_parquet back.py", line 120, in <module>
    dag = transfer_to_parquet()
  File "/home/airflow/.local/lib/python3.8/site-packages/airflow/models/dag.py", line 3905, in factory
    with DAG(
  File "/home/airflow/.local/lib/python3.8/site-packages/airflow/models/dag.py", line 499, in __init__
    validate_key(dag_id)
  File "/home/airflow/.local/lib/python3.8/site-packages/airflow/utils/helpers.py", line 57, in validate_key
    raise AirflowException(
airflow.exceptions.AirflowException: The key 'transfer_to_parquet back' has to be made of alphanumeric characters, dashes, dots and underscores exclusively
[2025-12-11T16:33:45.289+0200] {processor.py:842} WARNING - No viable dags retrieved from /opt/airflow/dags/transfer_to_parquet back.py
[2025-12-11T16:33:45.309+0200] {processor.py:183} INFO - Processing /opt/airflow/dags/transfer_to_parquet back.py took 0.044 seconds
[2025-12-11T16:34:15.987+0200] {processor.py:161} INFO - Started process (PID=2265) to work on /opt/airflow/dags/transfer_to_parquet back.py
[2025-12-11T16:34:15.988+0200] {processor.py:830} INFO - Processing file /opt/airflow/dags/transfer_to_parquet back.py for tasks to queue
[2025-12-11T16:34:15.989+0200] {logging_mixin.py:188} INFO - [2025-12-11T16:34:15.989+0200] {dagbag.py:540} INFO - Filling up the DagBag from /opt/airflow/dags/transfer_to_parquet back.py
[2025-12-11T16:34:16.002+0200] {logging_mixin.py:188} INFO - [2025-12-11T16:34:15.998+0200] {dagbag.py:350} ERROR - Failed to import: /opt/airflow/dags/transfer_to_parquet back.py
Traceback (most recent call last):
  File "/home/airflow/.local/lib/python3.8/site-packages/airflow/models/dagbag.py", line 346, in parse
    loader.exec_module(new_module)
  File "<frozen importlib._bootstrap_external>", line 843, in exec_module
  File "<frozen importlib._bootstrap>", line 219, in _call_with_frames_removed
  File "/opt/airflow/dags/transfer_to_parquet back.py", line 120, in <module>
    dag = transfer_to_parquet()
  File "/home/airflow/.local/lib/python3.8/site-packages/airflow/models/dag.py", line 3905, in factory
    with DAG(
  File "/home/airflow/.local/lib/python3.8/site-packages/airflow/models/dag.py", line 499, in __init__
    validate_key(dag_id)
  File "/home/airflow/.local/lib/python3.8/site-packages/airflow/utils/helpers.py", line 57, in validate_key
    raise AirflowException(
airflow.exceptions.AirflowException: The key 'transfer_to_parquet back' has to be made of alphanumeric characters, dashes, dots and underscores exclusively
[2025-12-11T16:34:16.002+0200] {processor.py:842} WARNING - No viable dags retrieved from /opt/airflow/dags/transfer_to_parquet back.py
[2025-12-11T16:34:16.019+0200] {processor.py:183} INFO - Processing /opt/airflow/dags/transfer_to_parquet back.py took 0.035 seconds
[2025-12-11T16:34:46.744+0200] {processor.py:161} INFO - Started process (PID=2280) to work on /opt/airflow/dags/transfer_to_parquet back.py
[2025-12-11T16:34:46.745+0200] {processor.py:830} INFO - Processing file /opt/airflow/dags/transfer_to_parquet back.py for tasks to queue
[2025-12-11T16:34:46.746+0200] {logging_mixin.py:188} INFO - [2025-12-11T16:34:46.746+0200] {dagbag.py:540} INFO - Filling up the DagBag from /opt/airflow/dags/transfer_to_parquet back.py
[2025-12-11T16:34:46.761+0200] {logging_mixin.py:188} INFO - [2025-12-11T16:34:46.757+0200] {dagbag.py:350} ERROR - Failed to import: /opt/airflow/dags/transfer_to_parquet back.py
Traceback (most recent call last):
  File "/home/airflow/.local/lib/python3.8/site-packages/airflow/models/dagbag.py", line 346, in parse
    loader.exec_module(new_module)
  File "<frozen importlib._bootstrap_external>", line 843, in exec_module
  File "<frozen importlib._bootstrap>", line 219, in _call_with_frames_removed
  File "/opt/airflow/dags/transfer_to_parquet back.py", line 120, in <module>
    dag = transfer_to_parquet()
  File "/home/airflow/.local/lib/python3.8/site-packages/airflow/models/dag.py", line 3905, in factory
    with DAG(
  File "/home/airflow/.local/lib/python3.8/site-packages/airflow/models/dag.py", line 499, in __init__
    validate_key(dag_id)
  File "/home/airflow/.local/lib/python3.8/site-packages/airflow/utils/helpers.py", line 57, in validate_key
    raise AirflowException(
airflow.exceptions.AirflowException: The key 'transfer_to_parquet back' has to be made of alphanumeric characters, dashes, dots and underscores exclusively
[2025-12-11T16:34:46.761+0200] {processor.py:842} WARNING - No viable dags retrieved from /opt/airflow/dags/transfer_to_parquet back.py
[2025-12-11T16:34:46.780+0200] {processor.py:183} INFO - Processing /opt/airflow/dags/transfer_to_parquet back.py took 0.038 seconds
[2025-12-11T16:35:17.524+0200] {processor.py:161} INFO - Started process (PID=2295) to work on /opt/airflow/dags/transfer_to_parquet back.py
[2025-12-11T16:35:17.526+0200] {processor.py:830} INFO - Processing file /opt/airflow/dags/transfer_to_parquet back.py for tasks to queue
[2025-12-11T16:35:17.527+0200] {logging_mixin.py:188} INFO - [2025-12-11T16:35:17.527+0200] {dagbag.py:540} INFO - Filling up the DagBag from /opt/airflow/dags/transfer_to_parquet back.py
[2025-12-11T16:35:17.541+0200] {logging_mixin.py:188} INFO - [2025-12-11T16:35:17.537+0200] {dagbag.py:350} ERROR - Failed to import: /opt/airflow/dags/transfer_to_parquet back.py
Traceback (most recent call last):
  File "/home/airflow/.local/lib/python3.8/site-packages/airflow/models/dagbag.py", line 346, in parse
    loader.exec_module(new_module)
  File "<frozen importlib._bootstrap_external>", line 843, in exec_module
  File "<frozen importlib._bootstrap>", line 219, in _call_with_frames_removed
  File "/opt/airflow/dags/transfer_to_parquet back.py", line 120, in <module>
    dag = transfer_to_parquet()
  File "/home/airflow/.local/lib/python3.8/site-packages/airflow/models/dag.py", line 3905, in factory
    with DAG(
  File "/home/airflow/.local/lib/python3.8/site-packages/airflow/models/dag.py", line 499, in __init__
    validate_key(dag_id)
  File "/home/airflow/.local/lib/python3.8/site-packages/airflow/utils/helpers.py", line 57, in validate_key
    raise AirflowException(
airflow.exceptions.AirflowException: The key 'transfer_to_parquet back' has to be made of alphanumeric characters, dashes, dots and underscores exclusively
[2025-12-11T16:35:17.542+0200] {processor.py:842} WARNING - No viable dags retrieved from /opt/airflow/dags/transfer_to_parquet back.py
[2025-12-11T16:35:17.559+0200] {processor.py:183} INFO - Processing /opt/airflow/dags/transfer_to_parquet back.py took 0.038 seconds
[2025-12-11T16:35:48.297+0200] {processor.py:161} INFO - Started process (PID=2310) to work on /opt/airflow/dags/transfer_to_parquet back.py
[2025-12-11T16:35:48.298+0200] {processor.py:830} INFO - Processing file /opt/airflow/dags/transfer_to_parquet back.py for tasks to queue
[2025-12-11T16:35:48.299+0200] {logging_mixin.py:188} INFO - [2025-12-11T16:35:48.299+0200] {dagbag.py:540} INFO - Filling up the DagBag from /opt/airflow/dags/transfer_to_parquet back.py
[2025-12-11T16:35:48.314+0200] {logging_mixin.py:188} INFO - [2025-12-11T16:35:48.311+0200] {dagbag.py:350} ERROR - Failed to import: /opt/airflow/dags/transfer_to_parquet back.py
Traceback (most recent call last):
  File "/home/airflow/.local/lib/python3.8/site-packages/airflow/models/dagbag.py", line 346, in parse
    loader.exec_module(new_module)
  File "<frozen importlib._bootstrap_external>", line 843, in exec_module
  File "<frozen importlib._bootstrap>", line 219, in _call_with_frames_removed
  File "/opt/airflow/dags/transfer_to_parquet back.py", line 120, in <module>
    dag = transfer_to_parquet()
  File "/home/airflow/.local/lib/python3.8/site-packages/airflow/models/dag.py", line 3905, in factory
    with DAG(
  File "/home/airflow/.local/lib/python3.8/site-packages/airflow/models/dag.py", line 499, in __init__
    validate_key(dag_id)
  File "/home/airflow/.local/lib/python3.8/site-packages/airflow/utils/helpers.py", line 57, in validate_key
    raise AirflowException(
airflow.exceptions.AirflowException: The key 'transfer_to_parquet back' has to be made of alphanumeric characters, dashes, dots and underscores exclusively
[2025-12-11T16:35:48.314+0200] {processor.py:842} WARNING - No viable dags retrieved from /opt/airflow/dags/transfer_to_parquet back.py
[2025-12-11T16:35:48.332+0200] {processor.py:183} INFO - Processing /opt/airflow/dags/transfer_to_parquet back.py took 0.037 seconds
[2025-12-11T16:36:18.938+0200] {processor.py:161} INFO - Started process (PID=2325) to work on /opt/airflow/dags/transfer_to_parquet back.py
[2025-12-11T16:36:18.939+0200] {processor.py:830} INFO - Processing file /opt/airflow/dags/transfer_to_parquet back.py for tasks to queue
[2025-12-11T16:36:18.940+0200] {logging_mixin.py:188} INFO - [2025-12-11T16:36:18.940+0200] {dagbag.py:540} INFO - Filling up the DagBag from /opt/airflow/dags/transfer_to_parquet back.py
[2025-12-11T16:36:18.954+0200] {logging_mixin.py:188} INFO - [2025-12-11T16:36:18.950+0200] {dagbag.py:350} ERROR - Failed to import: /opt/airflow/dags/transfer_to_parquet back.py
Traceback (most recent call last):
  File "/home/airflow/.local/lib/python3.8/site-packages/airflow/models/dagbag.py", line 346, in parse
    loader.exec_module(new_module)
  File "<frozen importlib._bootstrap_external>", line 843, in exec_module
  File "<frozen importlib._bootstrap>", line 219, in _call_with_frames_removed
  File "/opt/airflow/dags/transfer_to_parquet back.py", line 120, in <module>
    dag = transfer_to_parquet()
  File "/home/airflow/.local/lib/python3.8/site-packages/airflow/models/dag.py", line 3905, in factory
    with DAG(
  File "/home/airflow/.local/lib/python3.8/site-packages/airflow/models/dag.py", line 499, in __init__
    validate_key(dag_id)
  File "/home/airflow/.local/lib/python3.8/site-packages/airflow/utils/helpers.py", line 57, in validate_key
    raise AirflowException(
airflow.exceptions.AirflowException: The key 'transfer_to_parquet back' has to be made of alphanumeric characters, dashes, dots and underscores exclusively
[2025-12-11T16:36:18.955+0200] {processor.py:842} WARNING - No viable dags retrieved from /opt/airflow/dags/transfer_to_parquet back.py
[2025-12-11T16:36:18.971+0200] {processor.py:183} INFO - Processing /opt/airflow/dags/transfer_to_parquet back.py took 0.037 seconds
[2025-12-11T16:36:49.592+0200] {processor.py:161} INFO - Started process (PID=2340) to work on /opt/airflow/dags/transfer_to_parquet back.py
[2025-12-11T16:36:49.593+0200] {processor.py:830} INFO - Processing file /opt/airflow/dags/transfer_to_parquet back.py for tasks to queue
[2025-12-11T16:36:49.594+0200] {logging_mixin.py:188} INFO - [2025-12-11T16:36:49.594+0200] {dagbag.py:540} INFO - Filling up the DagBag from /opt/airflow/dags/transfer_to_parquet back.py
[2025-12-11T16:36:49.610+0200] {logging_mixin.py:188} INFO - [2025-12-11T16:36:49.605+0200] {dagbag.py:350} ERROR - Failed to import: /opt/airflow/dags/transfer_to_parquet back.py
Traceback (most recent call last):
  File "/home/airflow/.local/lib/python3.8/site-packages/airflow/models/dagbag.py", line 346, in parse
    loader.exec_module(new_module)
  File "<frozen importlib._bootstrap_external>", line 843, in exec_module
  File "<frozen importlib._bootstrap>", line 219, in _call_with_frames_removed
  File "/opt/airflow/dags/transfer_to_parquet back.py", line 120, in <module>
    dag = transfer_to_parquet()
  File "/home/airflow/.local/lib/python3.8/site-packages/airflow/models/dag.py", line 3905, in factory
    with DAG(
  File "/home/airflow/.local/lib/python3.8/site-packages/airflow/models/dag.py", line 499, in __init__
    validate_key(dag_id)
  File "/home/airflow/.local/lib/python3.8/site-packages/airflow/utils/helpers.py", line 57, in validate_key
    raise AirflowException(
airflow.exceptions.AirflowException: The key 'transfer_to_parquet back' has to be made of alphanumeric characters, dashes, dots and underscores exclusively
[2025-12-11T16:36:49.610+0200] {processor.py:842} WARNING - No viable dags retrieved from /opt/airflow/dags/transfer_to_parquet back.py
[2025-12-11T16:36:49.627+0200] {processor.py:183} INFO - Processing /opt/airflow/dags/transfer_to_parquet back.py took 0.038 seconds
[2025-12-11T16:37:20.459+0200] {processor.py:161} INFO - Started process (PID=2355) to work on /opt/airflow/dags/transfer_to_parquet back.py
[2025-12-11T16:37:20.461+0200] {processor.py:830} INFO - Processing file /opt/airflow/dags/transfer_to_parquet back.py for tasks to queue
[2025-12-11T16:37:20.462+0200] {logging_mixin.py:188} INFO - [2025-12-11T16:37:20.461+0200] {dagbag.py:540} INFO - Filling up the DagBag from /opt/airflow/dags/transfer_to_parquet back.py
[2025-12-11T16:37:20.477+0200] {logging_mixin.py:188} INFO - [2025-12-11T16:37:20.473+0200] {dagbag.py:350} ERROR - Failed to import: /opt/airflow/dags/transfer_to_parquet back.py
Traceback (most recent call last):
  File "/home/airflow/.local/lib/python3.8/site-packages/airflow/models/dagbag.py", line 346, in parse
    loader.exec_module(new_module)
  File "<frozen importlib._bootstrap_external>", line 843, in exec_module
  File "<frozen importlib._bootstrap>", line 219, in _call_with_frames_removed
  File "/opt/airflow/dags/transfer_to_parquet back.py", line 120, in <module>
    dag = transfer_to_parquet()
  File "/home/airflow/.local/lib/python3.8/site-packages/airflow/models/dag.py", line 3905, in factory
    with DAG(
  File "/home/airflow/.local/lib/python3.8/site-packages/airflow/models/dag.py", line 499, in __init__
    validate_key(dag_id)
  File "/home/airflow/.local/lib/python3.8/site-packages/airflow/utils/helpers.py", line 57, in validate_key
    raise AirflowException(
airflow.exceptions.AirflowException: The key 'transfer_to_parquet back' has to be made of alphanumeric characters, dashes, dots and underscores exclusively
[2025-12-11T16:37:20.478+0200] {processor.py:842} WARNING - No viable dags retrieved from /opt/airflow/dags/transfer_to_parquet back.py
[2025-12-11T16:37:20.495+0200] {processor.py:183} INFO - Processing /opt/airflow/dags/transfer_to_parquet back.py took 0.039 seconds
[2025-12-11T16:37:51.249+0200] {processor.py:161} INFO - Started process (PID=2370) to work on /opt/airflow/dags/transfer_to_parquet back.py
[2025-12-11T16:37:51.250+0200] {processor.py:830} INFO - Processing file /opt/airflow/dags/transfer_to_parquet back.py for tasks to queue
[2025-12-11T16:37:51.250+0200] {logging_mixin.py:188} INFO - [2025-12-11T16:37:51.250+0200] {dagbag.py:540} INFO - Filling up the DagBag from /opt/airflow/dags/transfer_to_parquet back.py
[2025-12-11T16:37:51.264+0200] {logging_mixin.py:188} INFO - [2025-12-11T16:37:51.260+0200] {dagbag.py:350} ERROR - Failed to import: /opt/airflow/dags/transfer_to_parquet back.py
Traceback (most recent call last):
  File "/home/airflow/.local/lib/python3.8/site-packages/airflow/models/dagbag.py", line 346, in parse
    loader.exec_module(new_module)
  File "<frozen importlib._bootstrap_external>", line 843, in exec_module
  File "<frozen importlib._bootstrap>", line 219, in _call_with_frames_removed
  File "/opt/airflow/dags/transfer_to_parquet back.py", line 120, in <module>
    dag = transfer_to_parquet()
  File "/home/airflow/.local/lib/python3.8/site-packages/airflow/models/dag.py", line 3905, in factory
    with DAG(
  File "/home/airflow/.local/lib/python3.8/site-packages/airflow/models/dag.py", line 499, in __init__
    validate_key(dag_id)
  File "/home/airflow/.local/lib/python3.8/site-packages/airflow/utils/helpers.py", line 57, in validate_key
    raise AirflowException(
airflow.exceptions.AirflowException: The key 'transfer_to_parquet back' has to be made of alphanumeric characters, dashes, dots and underscores exclusively
[2025-12-11T16:37:51.265+0200] {processor.py:842} WARNING - No viable dags retrieved from /opt/airflow/dags/transfer_to_parquet back.py
[2025-12-11T16:37:51.281+0200] {processor.py:183} INFO - Processing /opt/airflow/dags/transfer_to_parquet back.py took 0.036 seconds
[2025-12-11T16:38:22.002+0200] {processor.py:161} INFO - Started process (PID=2385) to work on /opt/airflow/dags/transfer_to_parquet back.py
[2025-12-11T16:38:22.003+0200] {processor.py:830} INFO - Processing file /opt/airflow/dags/transfer_to_parquet back.py for tasks to queue
[2025-12-11T16:38:22.004+0200] {logging_mixin.py:188} INFO - [2025-12-11T16:38:22.004+0200] {dagbag.py:540} INFO - Filling up the DagBag from /opt/airflow/dags/transfer_to_parquet back.py
[2025-12-11T16:38:22.053+0200] {logging_mixin.py:188} INFO - [2025-12-11T16:38:22.015+0200] {dagbag.py:350} ERROR - Failed to import: /opt/airflow/dags/transfer_to_parquet back.py
Traceback (most recent call last):
  File "/home/airflow/.local/lib/python3.8/site-packages/airflow/models/dagbag.py", line 346, in parse
    loader.exec_module(new_module)
  File "<frozen importlib._bootstrap_external>", line 843, in exec_module
  File "<frozen importlib._bootstrap>", line 219, in _call_with_frames_removed
  File "/opt/airflow/dags/transfer_to_parquet back.py", line 120, in <module>
    dag = transfer_to_parquet()
  File "/home/airflow/.local/lib/python3.8/site-packages/airflow/models/dag.py", line 3905, in factory
    with DAG(
  File "/home/airflow/.local/lib/python3.8/site-packages/airflow/models/dag.py", line 499, in __init__
    validate_key(dag_id)
  File "/home/airflow/.local/lib/python3.8/site-packages/airflow/utils/helpers.py", line 57, in validate_key
    raise AirflowException(
airflow.exceptions.AirflowException: The key 'transfer_to_parquet back' has to be made of alphanumeric characters, dashes, dots and underscores exclusively
[2025-12-11T16:38:22.054+0200] {processor.py:842} WARNING - No viable dags retrieved from /opt/airflow/dags/transfer_to_parquet back.py
[2025-12-11T16:38:22.084+0200] {processor.py:183} INFO - Processing /opt/airflow/dags/transfer_to_parquet back.py took 0.085 seconds
[2025-12-11T16:38:52.704+0200] {processor.py:161} INFO - Started process (PID=2400) to work on /opt/airflow/dags/transfer_to_parquet back.py
[2025-12-11T16:38:52.705+0200] {processor.py:830} INFO - Processing file /opt/airflow/dags/transfer_to_parquet back.py for tasks to queue
[2025-12-11T16:38:52.706+0200] {logging_mixin.py:188} INFO - [2025-12-11T16:38:52.706+0200] {dagbag.py:540} INFO - Filling up the DagBag from /opt/airflow/dags/transfer_to_parquet back.py
[2025-12-11T16:38:52.722+0200] {logging_mixin.py:188} INFO - [2025-12-11T16:38:52.718+0200] {dagbag.py:350} ERROR - Failed to import: /opt/airflow/dags/transfer_to_parquet back.py
Traceback (most recent call last):
  File "/home/airflow/.local/lib/python3.8/site-packages/airflow/models/dagbag.py", line 346, in parse
    loader.exec_module(new_module)
  File "<frozen importlib._bootstrap_external>", line 843, in exec_module
  File "<frozen importlib._bootstrap>", line 219, in _call_with_frames_removed
  File "/opt/airflow/dags/transfer_to_parquet back.py", line 120, in <module>
    dag = transfer_to_parquet()
  File "/home/airflow/.local/lib/python3.8/site-packages/airflow/models/dag.py", line 3905, in factory
    with DAG(
  File "/home/airflow/.local/lib/python3.8/site-packages/airflow/models/dag.py", line 499, in __init__
    validate_key(dag_id)
  File "/home/airflow/.local/lib/python3.8/site-packages/airflow/utils/helpers.py", line 57, in validate_key
    raise AirflowException(
airflow.exceptions.AirflowException: The key 'transfer_to_parquet back' has to be made of alphanumeric characters, dashes, dots and underscores exclusively
[2025-12-11T16:38:52.723+0200] {processor.py:842} WARNING - No viable dags retrieved from /opt/airflow/dags/transfer_to_parquet back.py
[2025-12-11T16:38:52.740+0200] {processor.py:183} INFO - Processing /opt/airflow/dags/transfer_to_parquet back.py took 0.039 seconds
[2025-12-11T16:39:23.459+0200] {processor.py:161} INFO - Started process (PID=2415) to work on /opt/airflow/dags/transfer_to_parquet back.py
[2025-12-11T16:39:23.460+0200] {processor.py:830} INFO - Processing file /opt/airflow/dags/transfer_to_parquet back.py for tasks to queue
[2025-12-11T16:39:23.461+0200] {logging_mixin.py:188} INFO - [2025-12-11T16:39:23.461+0200] {dagbag.py:540} INFO - Filling up the DagBag from /opt/airflow/dags/transfer_to_parquet back.py
[2025-12-11T16:39:23.477+0200] {logging_mixin.py:188} INFO - [2025-12-11T16:39:23.473+0200] {dagbag.py:350} ERROR - Failed to import: /opt/airflow/dags/transfer_to_parquet back.py
Traceback (most recent call last):
  File "/home/airflow/.local/lib/python3.8/site-packages/airflow/models/dagbag.py", line 346, in parse
    loader.exec_module(new_module)
  File "<frozen importlib._bootstrap_external>", line 843, in exec_module
  File "<frozen importlib._bootstrap>", line 219, in _call_with_frames_removed
  File "/opt/airflow/dags/transfer_to_parquet back.py", line 120, in <module>
    dag = transfer_to_parquet()
  File "/home/airflow/.local/lib/python3.8/site-packages/airflow/models/dag.py", line 3905, in factory
    with DAG(
  File "/home/airflow/.local/lib/python3.8/site-packages/airflow/models/dag.py", line 499, in __init__
    validate_key(dag_id)
  File "/home/airflow/.local/lib/python3.8/site-packages/airflow/utils/helpers.py", line 57, in validate_key
    raise AirflowException(
airflow.exceptions.AirflowException: The key 'transfer_to_parquet back' has to be made of alphanumeric characters, dashes, dots and underscores exclusively
[2025-12-11T16:39:23.478+0200] {processor.py:842} WARNING - No viable dags retrieved from /opt/airflow/dags/transfer_to_parquet back.py
[2025-12-11T16:39:23.495+0200] {processor.py:183} INFO - Processing /opt/airflow/dags/transfer_to_parquet back.py took 0.039 seconds
[2025-12-11T16:39:54.186+0200] {processor.py:161} INFO - Started process (PID=2430) to work on /opt/airflow/dags/transfer_to_parquet back.py
[2025-12-11T16:39:54.187+0200] {processor.py:830} INFO - Processing file /opt/airflow/dags/transfer_to_parquet back.py for tasks to queue
[2025-12-11T16:39:54.188+0200] {logging_mixin.py:188} INFO - [2025-12-11T16:39:54.187+0200] {dagbag.py:540} INFO - Filling up the DagBag from /opt/airflow/dags/transfer_to_parquet back.py
[2025-12-11T16:39:54.201+0200] {logging_mixin.py:188} INFO - [2025-12-11T16:39:54.197+0200] {dagbag.py:350} ERROR - Failed to import: /opt/airflow/dags/transfer_to_parquet back.py
Traceback (most recent call last):
  File "/home/airflow/.local/lib/python3.8/site-packages/airflow/models/dagbag.py", line 346, in parse
    loader.exec_module(new_module)
  File "<frozen importlib._bootstrap_external>", line 843, in exec_module
  File "<frozen importlib._bootstrap>", line 219, in _call_with_frames_removed
  File "/opt/airflow/dags/transfer_to_parquet back.py", line 120, in <module>
    dag = transfer_to_parquet()
  File "/home/airflow/.local/lib/python3.8/site-packages/airflow/models/dag.py", line 3905, in factory
    with DAG(
  File "/home/airflow/.local/lib/python3.8/site-packages/airflow/models/dag.py", line 499, in __init__
    validate_key(dag_id)
  File "/home/airflow/.local/lib/python3.8/site-packages/airflow/utils/helpers.py", line 57, in validate_key
    raise AirflowException(
airflow.exceptions.AirflowException: The key 'transfer_to_parquet back' has to be made of alphanumeric characters, dashes, dots and underscores exclusively
[2025-12-11T16:39:54.202+0200] {processor.py:842} WARNING - No viable dags retrieved from /opt/airflow/dags/transfer_to_parquet back.py
[2025-12-11T16:39:54.220+0200] {processor.py:183} INFO - Processing /opt/airflow/dags/transfer_to_parquet back.py took 0.038 seconds
[2025-12-11T16:40:24.899+0200] {processor.py:161} INFO - Started process (PID=2445) to work on /opt/airflow/dags/transfer_to_parquet back.py
[2025-12-11T16:40:24.900+0200] {processor.py:830} INFO - Processing file /opt/airflow/dags/transfer_to_parquet back.py for tasks to queue
[2025-12-11T16:40:24.901+0200] {logging_mixin.py:188} INFO - [2025-12-11T16:40:24.901+0200] {dagbag.py:540} INFO - Filling up the DagBag from /opt/airflow/dags/transfer_to_parquet back.py
[2025-12-11T16:40:24.918+0200] {logging_mixin.py:188} INFO - [2025-12-11T16:40:24.914+0200] {dagbag.py:350} ERROR - Failed to import: /opt/airflow/dags/transfer_to_parquet back.py
Traceback (most recent call last):
  File "/home/airflow/.local/lib/python3.8/site-packages/airflow/models/dagbag.py", line 346, in parse
    loader.exec_module(new_module)
  File "<frozen importlib._bootstrap_external>", line 843, in exec_module
  File "<frozen importlib._bootstrap>", line 219, in _call_with_frames_removed
  File "/opt/airflow/dags/transfer_to_parquet back.py", line 120, in <module>
    dag = transfer_to_parquet()
  File "/home/airflow/.local/lib/python3.8/site-packages/airflow/models/dag.py", line 3905, in factory
    with DAG(
  File "/home/airflow/.local/lib/python3.8/site-packages/airflow/models/dag.py", line 499, in __init__
    validate_key(dag_id)
  File "/home/airflow/.local/lib/python3.8/site-packages/airflow/utils/helpers.py", line 57, in validate_key
    raise AirflowException(
airflow.exceptions.AirflowException: The key 'transfer_to_parquet back' has to be made of alphanumeric characters, dashes, dots and underscores exclusively
[2025-12-11T16:40:24.918+0200] {processor.py:842} WARNING - No viable dags retrieved from /opt/airflow/dags/transfer_to_parquet back.py
[2025-12-11T16:40:24.936+0200] {processor.py:183} INFO - Processing /opt/airflow/dags/transfer_to_parquet back.py took 0.040 seconds
[2025-12-11T16:40:55.627+0200] {processor.py:161} INFO - Started process (PID=2460) to work on /opt/airflow/dags/transfer_to_parquet back.py
[2025-12-11T16:40:55.628+0200] {processor.py:830} INFO - Processing file /opt/airflow/dags/transfer_to_parquet back.py for tasks to queue
[2025-12-11T16:40:55.629+0200] {logging_mixin.py:188} INFO - [2025-12-11T16:40:55.629+0200] {dagbag.py:540} INFO - Filling up the DagBag from /opt/airflow/dags/transfer_to_parquet back.py
[2025-12-11T16:40:55.643+0200] {logging_mixin.py:188} INFO - [2025-12-11T16:40:55.640+0200] {dagbag.py:350} ERROR - Failed to import: /opt/airflow/dags/transfer_to_parquet back.py
Traceback (most recent call last):
  File "/home/airflow/.local/lib/python3.8/site-packages/airflow/models/dagbag.py", line 346, in parse
    loader.exec_module(new_module)
  File "<frozen importlib._bootstrap_external>", line 843, in exec_module
  File "<frozen importlib._bootstrap>", line 219, in _call_with_frames_removed
  File "/opt/airflow/dags/transfer_to_parquet back.py", line 120, in <module>
    dag = transfer_to_parquet()
  File "/home/airflow/.local/lib/python3.8/site-packages/airflow/models/dag.py", line 3905, in factory
    with DAG(
  File "/home/airflow/.local/lib/python3.8/site-packages/airflow/models/dag.py", line 499, in __init__
    validate_key(dag_id)
  File "/home/airflow/.local/lib/python3.8/site-packages/airflow/utils/helpers.py", line 57, in validate_key
    raise AirflowException(
airflow.exceptions.AirflowException: The key 'transfer_to_parquet back' has to be made of alphanumeric characters, dashes, dots and underscores exclusively
[2025-12-11T16:40:55.644+0200] {processor.py:842} WARNING - No viable dags retrieved from /opt/airflow/dags/transfer_to_parquet back.py
[2025-12-11T16:40:55.661+0200] {processor.py:183} INFO - Processing /opt/airflow/dags/transfer_to_parquet back.py took 0.036 seconds
[2025-12-11T16:41:26.455+0200] {processor.py:161} INFO - Started process (PID=2475) to work on /opt/airflow/dags/transfer_to_parquet back.py
[2025-12-11T16:41:26.456+0200] {processor.py:830} INFO - Processing file /opt/airflow/dags/transfer_to_parquet back.py for tasks to queue
[2025-12-11T16:41:26.457+0200] {logging_mixin.py:188} INFO - [2025-12-11T16:41:26.457+0200] {dagbag.py:540} INFO - Filling up the DagBag from /opt/airflow/dags/transfer_to_parquet back.py
[2025-12-11T16:41:26.473+0200] {logging_mixin.py:188} INFO - [2025-12-11T16:41:26.469+0200] {dagbag.py:350} ERROR - Failed to import: /opt/airflow/dags/transfer_to_parquet back.py
Traceback (most recent call last):
  File "/home/airflow/.local/lib/python3.8/site-packages/airflow/models/dagbag.py", line 346, in parse
    loader.exec_module(new_module)
  File "<frozen importlib._bootstrap_external>", line 843, in exec_module
  File "<frozen importlib._bootstrap>", line 219, in _call_with_frames_removed
  File "/opt/airflow/dags/transfer_to_parquet back.py", line 120, in <module>
    dag = transfer_to_parquet()
  File "/home/airflow/.local/lib/python3.8/site-packages/airflow/models/dag.py", line 3905, in factory
    with DAG(
  File "/home/airflow/.local/lib/python3.8/site-packages/airflow/models/dag.py", line 499, in __init__
    validate_key(dag_id)
  File "/home/airflow/.local/lib/python3.8/site-packages/airflow/utils/helpers.py", line 57, in validate_key
    raise AirflowException(
airflow.exceptions.AirflowException: The key 'transfer_to_parquet back' has to be made of alphanumeric characters, dashes, dots and underscores exclusively
[2025-12-11T16:41:26.473+0200] {processor.py:842} WARNING - No viable dags retrieved from /opt/airflow/dags/transfer_to_parquet back.py
[2025-12-11T16:41:26.490+0200] {processor.py:183} INFO - Processing /opt/airflow/dags/transfer_to_parquet back.py took 0.038 seconds
[2025-12-11T16:41:57.132+0200] {processor.py:161} INFO - Started process (PID=2490) to work on /opt/airflow/dags/transfer_to_parquet back.py
[2025-12-11T16:41:57.133+0200] {processor.py:830} INFO - Processing file /opt/airflow/dags/transfer_to_parquet back.py for tasks to queue
[2025-12-11T16:41:57.134+0200] {logging_mixin.py:188} INFO - [2025-12-11T16:41:57.134+0200] {dagbag.py:540} INFO - Filling up the DagBag from /opt/airflow/dags/transfer_to_parquet back.py
[2025-12-11T16:41:57.147+0200] {logging_mixin.py:188} INFO - [2025-12-11T16:41:57.144+0200] {dagbag.py:350} ERROR - Failed to import: /opt/airflow/dags/transfer_to_parquet back.py
Traceback (most recent call last):
  File "/home/airflow/.local/lib/python3.8/site-packages/airflow/models/dagbag.py", line 346, in parse
    loader.exec_module(new_module)
  File "<frozen importlib._bootstrap_external>", line 843, in exec_module
  File "<frozen importlib._bootstrap>", line 219, in _call_with_frames_removed
  File "/opt/airflow/dags/transfer_to_parquet back.py", line 120, in <module>
    dag = transfer_to_parquet()
  File "/home/airflow/.local/lib/python3.8/site-packages/airflow/models/dag.py", line 3905, in factory
    with DAG(
  File "/home/airflow/.local/lib/python3.8/site-packages/airflow/models/dag.py", line 499, in __init__
    validate_key(dag_id)
  File "/home/airflow/.local/lib/python3.8/site-packages/airflow/utils/helpers.py", line 57, in validate_key
    raise AirflowException(
airflow.exceptions.AirflowException: The key 'transfer_to_parquet back' has to be made of alphanumeric characters, dashes, dots and underscores exclusively
[2025-12-11T16:41:57.148+0200] {processor.py:842} WARNING - No viable dags retrieved from /opt/airflow/dags/transfer_to_parquet back.py
[2025-12-11T16:41:57.164+0200] {processor.py:183} INFO - Processing /opt/airflow/dags/transfer_to_parquet back.py took 0.035 seconds
[2025-12-11T16:42:27.877+0200] {processor.py:161} INFO - Started process (PID=2511) to work on /opt/airflow/dags/transfer_to_parquet back.py
[2025-12-11T16:42:27.878+0200] {processor.py:830} INFO - Processing file /opt/airflow/dags/transfer_to_parquet back.py for tasks to queue
[2025-12-11T16:42:27.879+0200] {logging_mixin.py:188} INFO - [2025-12-11T16:42:27.879+0200] {dagbag.py:540} INFO - Filling up the DagBag from /opt/airflow/dags/transfer_to_parquet back.py
[2025-12-11T16:42:27.894+0200] {logging_mixin.py:188} INFO - [2025-12-11T16:42:27.891+0200] {dagbag.py:350} ERROR - Failed to import: /opt/airflow/dags/transfer_to_parquet back.py
Traceback (most recent call last):
  File "/home/airflow/.local/lib/python3.8/site-packages/airflow/models/dagbag.py", line 346, in parse
    loader.exec_module(new_module)
  File "<frozen importlib._bootstrap_external>", line 843, in exec_module
  File "<frozen importlib._bootstrap>", line 219, in _call_with_frames_removed
  File "/opt/airflow/dags/transfer_to_parquet back.py", line 120, in <module>
    dag = transfer_to_parquet()
  File "/home/airflow/.local/lib/python3.8/site-packages/airflow/models/dag.py", line 3905, in factory
    with DAG(
  File "/home/airflow/.local/lib/python3.8/site-packages/airflow/models/dag.py", line 499, in __init__
    validate_key(dag_id)
  File "/home/airflow/.local/lib/python3.8/site-packages/airflow/utils/helpers.py", line 57, in validate_key
    raise AirflowException(
airflow.exceptions.AirflowException: The key 'transfer_to_parquet back' has to be made of alphanumeric characters, dashes, dots and underscores exclusively
[2025-12-11T16:42:27.895+0200] {processor.py:842} WARNING - No viable dags retrieved from /opt/airflow/dags/transfer_to_parquet back.py
[2025-12-11T16:42:27.911+0200] {processor.py:183} INFO - Processing /opt/airflow/dags/transfer_to_parquet back.py took 0.037 seconds
[2025-12-11T16:42:58.545+0200] {processor.py:161} INFO - Started process (PID=2526) to work on /opt/airflow/dags/transfer_to_parquet back.py
[2025-12-11T16:42:58.546+0200] {processor.py:830} INFO - Processing file /opt/airflow/dags/transfer_to_parquet back.py for tasks to queue
[2025-12-11T16:42:58.547+0200] {logging_mixin.py:188} INFO - [2025-12-11T16:42:58.546+0200] {dagbag.py:540} INFO - Filling up the DagBag from /opt/airflow/dags/transfer_to_parquet back.py
[2025-12-11T16:42:58.560+0200] {logging_mixin.py:188} INFO - [2025-12-11T16:42:58.557+0200] {dagbag.py:350} ERROR - Failed to import: /opt/airflow/dags/transfer_to_parquet back.py
Traceback (most recent call last):
  File "/home/airflow/.local/lib/python3.8/site-packages/airflow/models/dagbag.py", line 346, in parse
    loader.exec_module(new_module)
  File "<frozen importlib._bootstrap_external>", line 843, in exec_module
  File "<frozen importlib._bootstrap>", line 219, in _call_with_frames_removed
  File "/opt/airflow/dags/transfer_to_parquet back.py", line 120, in <module>
    dag = transfer_to_parquet()
  File "/home/airflow/.local/lib/python3.8/site-packages/airflow/models/dag.py", line 3905, in factory
    with DAG(
  File "/home/airflow/.local/lib/python3.8/site-packages/airflow/models/dag.py", line 499, in __init__
    validate_key(dag_id)
  File "/home/airflow/.local/lib/python3.8/site-packages/airflow/utils/helpers.py", line 57, in validate_key
    raise AirflowException(
airflow.exceptions.AirflowException: The key 'transfer_to_parquet back' has to be made of alphanumeric characters, dashes, dots and underscores exclusively
[2025-12-11T16:42:58.561+0200] {processor.py:842} WARNING - No viable dags retrieved from /opt/airflow/dags/transfer_to_parquet back.py
[2025-12-11T16:42:58.579+0200] {processor.py:183} INFO - Processing /opt/airflow/dags/transfer_to_parquet back.py took 0.037 seconds
[2025-12-11T16:43:29.362+0200] {processor.py:161} INFO - Started process (PID=2541) to work on /opt/airflow/dags/transfer_to_parquet back.py
[2025-12-11T16:43:29.363+0200] {processor.py:830} INFO - Processing file /opt/airflow/dags/transfer_to_parquet back.py for tasks to queue
[2025-12-11T16:43:29.364+0200] {logging_mixin.py:188} INFO - [2025-12-11T16:43:29.364+0200] {dagbag.py:540} INFO - Filling up the DagBag from /opt/airflow/dags/transfer_to_parquet back.py
[2025-12-11T16:43:29.378+0200] {logging_mixin.py:188} INFO - [2025-12-11T16:43:29.374+0200] {dagbag.py:350} ERROR - Failed to import: /opt/airflow/dags/transfer_to_parquet back.py
Traceback (most recent call last):
  File "/home/airflow/.local/lib/python3.8/site-packages/airflow/models/dagbag.py", line 346, in parse
    loader.exec_module(new_module)
  File "<frozen importlib._bootstrap_external>", line 843, in exec_module
  File "<frozen importlib._bootstrap>", line 219, in _call_with_frames_removed
  File "/opt/airflow/dags/transfer_to_parquet back.py", line 120, in <module>
    dag = transfer_to_parquet()
  File "/home/airflow/.local/lib/python3.8/site-packages/airflow/models/dag.py", line 3905, in factory
    with DAG(
  File "/home/airflow/.local/lib/python3.8/site-packages/airflow/models/dag.py", line 499, in __init__
    validate_key(dag_id)
  File "/home/airflow/.local/lib/python3.8/site-packages/airflow/utils/helpers.py", line 57, in validate_key
    raise AirflowException(
airflow.exceptions.AirflowException: The key 'transfer_to_parquet back' has to be made of alphanumeric characters, dashes, dots and underscores exclusively
[2025-12-11T16:43:29.378+0200] {processor.py:842} WARNING - No viable dags retrieved from /opt/airflow/dags/transfer_to_parquet back.py
[2025-12-11T16:43:29.398+0200] {processor.py:183} INFO - Processing /opt/airflow/dags/transfer_to_parquet back.py took 0.039 seconds
[2025-12-11T16:44:00.063+0200] {processor.py:161} INFO - Started process (PID=2556) to work on /opt/airflow/dags/transfer_to_parquet back.py
[2025-12-11T16:44:00.064+0200] {processor.py:830} INFO - Processing file /opt/airflow/dags/transfer_to_parquet back.py for tasks to queue
[2025-12-11T16:44:00.065+0200] {logging_mixin.py:188} INFO - [2025-12-11T16:44:00.065+0200] {dagbag.py:540} INFO - Filling up the DagBag from /opt/airflow/dags/transfer_to_parquet back.py
[2025-12-11T16:44:00.082+0200] {logging_mixin.py:188} INFO - [2025-12-11T16:44:00.078+0200] {dagbag.py:350} ERROR - Failed to import: /opt/airflow/dags/transfer_to_parquet back.py
Traceback (most recent call last):
  File "/home/airflow/.local/lib/python3.8/site-packages/airflow/models/dagbag.py", line 346, in parse
    loader.exec_module(new_module)
  File "<frozen importlib._bootstrap_external>", line 843, in exec_module
  File "<frozen importlib._bootstrap>", line 219, in _call_with_frames_removed
  File "/opt/airflow/dags/transfer_to_parquet back.py", line 120, in <module>
    dag = transfer_to_parquet()
  File "/home/airflow/.local/lib/python3.8/site-packages/airflow/models/dag.py", line 3905, in factory
    with DAG(
  File "/home/airflow/.local/lib/python3.8/site-packages/airflow/models/dag.py", line 499, in __init__
    validate_key(dag_id)
  File "/home/airflow/.local/lib/python3.8/site-packages/airflow/utils/helpers.py", line 57, in validate_key
    raise AirflowException(
airflow.exceptions.AirflowException: The key 'transfer_to_parquet back' has to be made of alphanumeric characters, dashes, dots and underscores exclusively
[2025-12-11T16:44:00.083+0200] {processor.py:842} WARNING - No viable dags retrieved from /opt/airflow/dags/transfer_to_parquet back.py
[2025-12-11T16:44:00.100+0200] {processor.py:183} INFO - Processing /opt/airflow/dags/transfer_to_parquet back.py took 0.041 seconds
