[2025-12-13T18:12:53.429+0200] {processor.py:161} INFO - Started process (PID=12033) to work on /opt/airflow/dags/ItemsDim_init.py
[2025-12-13T18:12:53.431+0200] {processor.py:830} INFO - Processing file /opt/airflow/dags/ItemsDim_init.py for tasks to queue
[2025-12-13T18:12:53.433+0200] {logging_mixin.py:188} INFO - [2025-12-13T18:12:53.432+0200] {dagbag.py:540} INFO - Filling up the DagBag from /opt/airflow/dags/ItemsDim_init.py
[2025-12-13T18:12:53.454+0200] {processor.py:840} INFO - DAG(s) 'ItemsDim_init' retrieved from /opt/airflow/dags/ItemsDim_init.py
[2025-12-13T18:12:53.588+0200] {logging_mixin.py:188} INFO - [2025-12-13T18:12:53.588+0200] {override.py:1769} INFO - Created Permission View: can read on DAG:ItemsDim_init
[2025-12-13T18:12:53.598+0200] {logging_mixin.py:188} INFO - [2025-12-13T18:12:53.597+0200] {override.py:1769} INFO - Created Permission View: can delete on DAG:ItemsDim_init
[2025-12-13T18:12:53.605+0200] {logging_mixin.py:188} INFO - [2025-12-13T18:12:53.605+0200] {override.py:1769} INFO - Created Permission View: can edit on DAG:ItemsDim_init
[2025-12-13T18:12:53.606+0200] {logging_mixin.py:188} INFO - [2025-12-13T18:12:53.606+0200] {dag.py:3047} INFO - Sync 1 DAGs
[2025-12-13T18:12:53.616+0200] {logging_mixin.py:188} INFO - [2025-12-13T18:12:53.615+0200] {dag.py:3069} INFO - Creating ORM DAG for ItemsDim_init
[2025-12-13T18:12:53.616+0200] {logging_mixin.py:188} INFO - [2025-12-13T18:12:53.616+0200] {dag.py:3834} INFO - Setting next_dagrun for ItemsDim_init to None, run_after=None
[2025-12-13T18:12:53.636+0200] {processor.py:183} INFO - Processing /opt/airflow/dags/ItemsDim_init.py took 0.211 seconds
[2025-12-13T18:13:24.197+0200] {processor.py:161} INFO - Started process (PID=12046) to work on /opt/airflow/dags/ItemsDim_init.py
[2025-12-13T18:13:24.198+0200] {processor.py:830} INFO - Processing file /opt/airflow/dags/ItemsDim_init.py for tasks to queue
[2025-12-13T18:13:24.200+0200] {logging_mixin.py:188} INFO - [2025-12-13T18:13:24.200+0200] {dagbag.py:540} INFO - Filling up the DagBag from /opt/airflow/dags/ItemsDim_init.py
[2025-12-13T18:13:24.224+0200] {processor.py:840} INFO - DAG(s) 'ItemsDim_init' retrieved from /opt/airflow/dags/ItemsDim_init.py
[2025-12-13T18:13:24.243+0200] {logging_mixin.py:188} INFO - [2025-12-13T18:13:24.242+0200] {dag.py:3047} INFO - Sync 1 DAGs
[2025-12-13T18:13:24.254+0200] {logging_mixin.py:188} INFO - [2025-12-13T18:13:24.254+0200] {dag.py:3834} INFO - Setting next_dagrun for ItemsDim_init to None, run_after=None
[2025-12-13T18:13:24.275+0200] {processor.py:183} INFO - Processing /opt/airflow/dags/ItemsDim_init.py took 0.081 seconds
[2025-12-13T18:13:54.832+0200] {processor.py:161} INFO - Started process (PID=12059) to work on /opt/airflow/dags/ItemsDim_init.py
[2025-12-13T18:13:54.833+0200] {processor.py:830} INFO - Processing file /opt/airflow/dags/ItemsDim_init.py for tasks to queue
[2025-12-13T18:13:54.834+0200] {logging_mixin.py:188} INFO - [2025-12-13T18:13:54.834+0200] {dagbag.py:540} INFO - Filling up the DagBag from /opt/airflow/dags/ItemsDim_init.py
[2025-12-13T18:13:54.851+0200] {processor.py:840} INFO - DAG(s) 'ItemsDim_init' retrieved from /opt/airflow/dags/ItemsDim_init.py
[2025-12-13T18:13:54.868+0200] {logging_mixin.py:188} INFO - [2025-12-13T18:13:54.868+0200] {dag.py:3047} INFO - Sync 1 DAGs
[2025-12-13T18:13:54.879+0200] {logging_mixin.py:188} INFO - [2025-12-13T18:13:54.879+0200] {dag.py:3834} INFO - Setting next_dagrun for ItemsDim_init to None, run_after=None
[2025-12-13T18:13:54.895+0200] {processor.py:183} INFO - Processing /opt/airflow/dags/ItemsDim_init.py took 0.067 seconds
[2025-12-13T18:14:25.433+0200] {processor.py:161} INFO - Started process (PID=12072) to work on /opt/airflow/dags/ItemsDim_init.py
[2025-12-13T18:14:25.434+0200] {processor.py:830} INFO - Processing file /opt/airflow/dags/ItemsDim_init.py for tasks to queue
[2025-12-13T18:14:25.436+0200] {logging_mixin.py:188} INFO - [2025-12-13T18:14:25.435+0200] {dagbag.py:540} INFO - Filling up the DagBag from /opt/airflow/dags/ItemsDim_init.py
[2025-12-13T18:14:25.451+0200] {processor.py:840} INFO - DAG(s) 'ItemsDim_init' retrieved from /opt/airflow/dags/ItemsDim_init.py
[2025-12-13T18:14:25.470+0200] {logging_mixin.py:188} INFO - [2025-12-13T18:14:25.470+0200] {dag.py:3047} INFO - Sync 1 DAGs
[2025-12-13T18:14:25.481+0200] {logging_mixin.py:188} INFO - [2025-12-13T18:14:25.481+0200] {dag.py:3834} INFO - Setting next_dagrun for ItemsDim_init to None, run_after=None
[2025-12-13T18:14:25.499+0200] {processor.py:183} INFO - Processing /opt/airflow/dags/ItemsDim_init.py took 0.069 seconds
[2025-12-13T18:14:56.037+0200] {processor.py:161} INFO - Started process (PID=12085) to work on /opt/airflow/dags/ItemsDim_init.py
[2025-12-13T18:14:56.038+0200] {processor.py:830} INFO - Processing file /opt/airflow/dags/ItemsDim_init.py for tasks to queue
[2025-12-13T18:14:56.040+0200] {logging_mixin.py:188} INFO - [2025-12-13T18:14:56.039+0200] {dagbag.py:540} INFO - Filling up the DagBag from /opt/airflow/dags/ItemsDim_init.py
[2025-12-13T18:14:56.060+0200] {processor.py:840} INFO - DAG(s) 'ItemsDim_init' retrieved from /opt/airflow/dags/ItemsDim_init.py
[2025-12-13T18:14:56.078+0200] {logging_mixin.py:188} INFO - [2025-12-13T18:14:56.078+0200] {dag.py:3047} INFO - Sync 1 DAGs
[2025-12-13T18:14:56.090+0200] {logging_mixin.py:188} INFO - [2025-12-13T18:14:56.090+0200] {dag.py:3834} INFO - Setting next_dagrun for ItemsDim_init to None, run_after=None
[2025-12-13T18:14:56.107+0200] {processor.py:183} INFO - Processing /opt/airflow/dags/ItemsDim_init.py took 0.073 seconds
[2025-12-13T18:15:26.717+0200] {processor.py:161} INFO - Started process (PID=12098) to work on /opt/airflow/dags/ItemsDim_init.py
[2025-12-13T18:15:26.718+0200] {processor.py:830} INFO - Processing file /opt/airflow/dags/ItemsDim_init.py for tasks to queue
[2025-12-13T18:15:26.720+0200] {logging_mixin.py:188} INFO - [2025-12-13T18:15:26.719+0200] {dagbag.py:540} INFO - Filling up the DagBag from /opt/airflow/dags/ItemsDim_init.py
[2025-12-13T18:15:26.738+0200] {processor.py:840} INFO - DAG(s) 'ItemsDim_init' retrieved from /opt/airflow/dags/ItemsDim_init.py
[2025-12-13T18:15:26.758+0200] {logging_mixin.py:188} INFO - [2025-12-13T18:15:26.757+0200] {dag.py:3047} INFO - Sync 1 DAGs
[2025-12-13T18:15:26.770+0200] {logging_mixin.py:188} INFO - [2025-12-13T18:15:26.770+0200] {dag.py:3834} INFO - Setting next_dagrun for ItemsDim_init to None, run_after=None
[2025-12-13T18:15:26.789+0200] {processor.py:183} INFO - Processing /opt/airflow/dags/ItemsDim_init.py took 0.075 seconds
[2025-12-13T18:15:57.411+0200] {processor.py:161} INFO - Started process (PID=12111) to work on /opt/airflow/dags/ItemsDim_init.py
[2025-12-13T18:15:57.412+0200] {processor.py:830} INFO - Processing file /opt/airflow/dags/ItemsDim_init.py for tasks to queue
[2025-12-13T18:15:57.414+0200] {logging_mixin.py:188} INFO - [2025-12-13T18:15:57.413+0200] {dagbag.py:540} INFO - Filling up the DagBag from /opt/airflow/dags/ItemsDim_init.py
[2025-12-13T18:15:57.432+0200] {processor.py:840} INFO - DAG(s) 'ItemsDim_init' retrieved from /opt/airflow/dags/ItemsDim_init.py
[2025-12-13T18:15:57.450+0200] {logging_mixin.py:188} INFO - [2025-12-13T18:15:57.450+0200] {dag.py:3047} INFO - Sync 1 DAGs
[2025-12-13T18:15:57.461+0200] {logging_mixin.py:188} INFO - [2025-12-13T18:15:57.461+0200] {dag.py:3834} INFO - Setting next_dagrun for ItemsDim_init to None, run_after=None
[2025-12-13T18:15:57.478+0200] {processor.py:183} INFO - Processing /opt/airflow/dags/ItemsDim_init.py took 0.070 seconds
[2025-12-13T18:16:28.083+0200] {processor.py:161} INFO - Started process (PID=12124) to work on /opt/airflow/dags/ItemsDim_init.py
[2025-12-13T18:16:28.084+0200] {processor.py:830} INFO - Processing file /opt/airflow/dags/ItemsDim_init.py for tasks to queue
[2025-12-13T18:16:28.086+0200] {logging_mixin.py:188} INFO - [2025-12-13T18:16:28.085+0200] {dagbag.py:540} INFO - Filling up the DagBag from /opt/airflow/dags/ItemsDim_init.py
[2025-12-13T18:16:28.105+0200] {processor.py:840} INFO - DAG(s) 'ItemsDim_init' retrieved from /opt/airflow/dags/ItemsDim_init.py
[2025-12-13T18:16:28.123+0200] {logging_mixin.py:188} INFO - [2025-12-13T18:16:28.123+0200] {dag.py:3047} INFO - Sync 1 DAGs
[2025-12-13T18:16:28.135+0200] {logging_mixin.py:188} INFO - [2025-12-13T18:16:28.134+0200] {dag.py:3834} INFO - Setting next_dagrun for ItemsDim_init to None, run_after=None
[2025-12-13T18:16:28.152+0200] {processor.py:183} INFO - Processing /opt/airflow/dags/ItemsDim_init.py took 0.072 seconds
[2025-12-13T18:16:58.797+0200] {processor.py:161} INFO - Started process (PID=12137) to work on /opt/airflow/dags/ItemsDim_init.py
[2025-12-13T18:16:58.798+0200] {processor.py:830} INFO - Processing file /opt/airflow/dags/ItemsDim_init.py for tasks to queue
[2025-12-13T18:16:58.800+0200] {logging_mixin.py:188} INFO - [2025-12-13T18:16:58.800+0200] {dagbag.py:540} INFO - Filling up the DagBag from /opt/airflow/dags/ItemsDim_init.py
[2025-12-13T18:16:58.818+0200] {processor.py:840} INFO - DAG(s) 'ItemsDim_init' retrieved from /opt/airflow/dags/ItemsDim_init.py
[2025-12-13T18:16:58.837+0200] {logging_mixin.py:188} INFO - [2025-12-13T18:16:58.836+0200] {dag.py:3047} INFO - Sync 1 DAGs
[2025-12-13T18:16:58.848+0200] {logging_mixin.py:188} INFO - [2025-12-13T18:16:58.848+0200] {dag.py:3834} INFO - Setting next_dagrun for ItemsDim_init to None, run_after=None
[2025-12-13T18:16:58.867+0200] {processor.py:183} INFO - Processing /opt/airflow/dags/ItemsDim_init.py took 0.073 seconds
[2025-12-13T18:17:29.512+0200] {processor.py:161} INFO - Started process (PID=12150) to work on /opt/airflow/dags/ItemsDim_init.py
[2025-12-13T18:17:29.513+0200] {processor.py:830} INFO - Processing file /opt/airflow/dags/ItemsDim_init.py for tasks to queue
[2025-12-13T18:17:29.515+0200] {logging_mixin.py:188} INFO - [2025-12-13T18:17:29.515+0200] {dagbag.py:540} INFO - Filling up the DagBag from /opt/airflow/dags/ItemsDim_init.py
[2025-12-13T18:17:29.532+0200] {processor.py:840} INFO - DAG(s) 'ItemsDim_init' retrieved from /opt/airflow/dags/ItemsDim_init.py
[2025-12-13T18:17:29.552+0200] {logging_mixin.py:188} INFO - [2025-12-13T18:17:29.552+0200] {dag.py:3047} INFO - Sync 1 DAGs
[2025-12-13T18:17:29.564+0200] {logging_mixin.py:188} INFO - [2025-12-13T18:17:29.563+0200] {dag.py:3834} INFO - Setting next_dagrun for ItemsDim_init to None, run_after=None
[2025-12-13T18:17:29.586+0200] {processor.py:183} INFO - Processing /opt/airflow/dags/ItemsDim_init.py took 0.077 seconds
[2025-12-13T18:18:00.282+0200] {processor.py:161} INFO - Started process (PID=12169) to work on /opt/airflow/dags/ItemsDim_init.py
[2025-12-13T18:18:00.283+0200] {processor.py:830} INFO - Processing file /opt/airflow/dags/ItemsDim_init.py for tasks to queue
[2025-12-13T18:18:00.285+0200] {logging_mixin.py:188} INFO - [2025-12-13T18:18:00.284+0200] {dagbag.py:540} INFO - Filling up the DagBag from /opt/airflow/dags/ItemsDim_init.py
[2025-12-13T18:18:00.301+0200] {processor.py:840} INFO - DAG(s) 'ItemsDim_init' retrieved from /opt/airflow/dags/ItemsDim_init.py
[2025-12-13T18:18:00.320+0200] {logging_mixin.py:188} INFO - [2025-12-13T18:18:00.319+0200] {dag.py:3047} INFO - Sync 1 DAGs
[2025-12-13T18:18:00.331+0200] {logging_mixin.py:188} INFO - [2025-12-13T18:18:00.330+0200] {dag.py:3834} INFO - Setting next_dagrun for ItemsDim_init to None, run_after=None
[2025-12-13T18:18:00.349+0200] {processor.py:183} INFO - Processing /opt/airflow/dags/ItemsDim_init.py took 0.070 seconds
[2025-12-13T18:18:30.922+0200] {processor.py:161} INFO - Started process (PID=12182) to work on /opt/airflow/dags/ItemsDim_init.py
[2025-12-13T18:18:30.923+0200] {processor.py:830} INFO - Processing file /opt/airflow/dags/ItemsDim_init.py for tasks to queue
[2025-12-13T18:18:30.925+0200] {logging_mixin.py:188} INFO - [2025-12-13T18:18:30.925+0200] {dagbag.py:540} INFO - Filling up the DagBag from /opt/airflow/dags/ItemsDim_init.py
[2025-12-13T18:18:30.945+0200] {processor.py:840} INFO - DAG(s) 'ItemsDim_init' retrieved from /opt/airflow/dags/ItemsDim_init.py
[2025-12-13T18:18:30.963+0200] {logging_mixin.py:188} INFO - [2025-12-13T18:18:30.963+0200] {dag.py:3047} INFO - Sync 1 DAGs
[2025-12-13T18:18:30.974+0200] {logging_mixin.py:188} INFO - [2025-12-13T18:18:30.974+0200] {dag.py:3834} INFO - Setting next_dagrun for ItemsDim_init to None, run_after=None
[2025-12-13T18:18:30.993+0200] {processor.py:183} INFO - Processing /opt/airflow/dags/ItemsDim_init.py took 0.074 seconds
[2025-12-13T18:19:01.551+0200] {processor.py:161} INFO - Started process (PID=12195) to work on /opt/airflow/dags/ItemsDim_init.py
[2025-12-13T18:19:01.552+0200] {processor.py:830} INFO - Processing file /opt/airflow/dags/ItemsDim_init.py for tasks to queue
[2025-12-13T18:19:01.555+0200] {logging_mixin.py:188} INFO - [2025-12-13T18:19:01.554+0200] {dagbag.py:540} INFO - Filling up the DagBag from /opt/airflow/dags/ItemsDim_init.py
[2025-12-13T18:19:01.572+0200] {processor.py:840} INFO - DAG(s) 'ItemsDim_init' retrieved from /opt/airflow/dags/ItemsDim_init.py
[2025-12-13T18:19:01.591+0200] {logging_mixin.py:188} INFO - [2025-12-13T18:19:01.591+0200] {dag.py:3047} INFO - Sync 1 DAGs
[2025-12-13T18:19:01.603+0200] {logging_mixin.py:188} INFO - [2025-12-13T18:19:01.603+0200] {dag.py:3834} INFO - Setting next_dagrun for ItemsDim_init to None, run_after=None
[2025-12-13T18:19:01.625+0200] {processor.py:183} INFO - Processing /opt/airflow/dags/ItemsDim_init.py took 0.077 seconds
[2025-12-13T18:19:32.175+0200] {processor.py:161} INFO - Started process (PID=12208) to work on /opt/airflow/dags/ItemsDim_init.py
[2025-12-13T18:19:32.176+0200] {processor.py:830} INFO - Processing file /opt/airflow/dags/ItemsDim_init.py for tasks to queue
[2025-12-13T18:19:32.178+0200] {logging_mixin.py:188} INFO - [2025-12-13T18:19:32.178+0200] {dagbag.py:540} INFO - Filling up the DagBag from /opt/airflow/dags/ItemsDim_init.py
[2025-12-13T18:19:32.193+0200] {processor.py:840} INFO - DAG(s) 'ItemsDim_init' retrieved from /opt/airflow/dags/ItemsDim_init.py
[2025-12-13T18:19:32.211+0200] {logging_mixin.py:188} INFO - [2025-12-13T18:19:32.211+0200] {dag.py:3047} INFO - Sync 1 DAGs
[2025-12-13T18:19:32.222+0200] {logging_mixin.py:188} INFO - [2025-12-13T18:19:32.222+0200] {dag.py:3834} INFO - Setting next_dagrun for ItemsDim_init to None, run_after=None
[2025-12-13T18:19:32.239+0200] {processor.py:183} INFO - Processing /opt/airflow/dags/ItemsDim_init.py took 0.067 seconds
[2025-12-13T18:20:02.819+0200] {processor.py:161} INFO - Started process (PID=12221) to work on /opt/airflow/dags/ItemsDim_init.py
[2025-12-13T18:20:02.820+0200] {processor.py:830} INFO - Processing file /opt/airflow/dags/ItemsDim_init.py for tasks to queue
[2025-12-13T18:20:02.821+0200] {logging_mixin.py:188} INFO - [2025-12-13T18:20:02.821+0200] {dagbag.py:540} INFO - Filling up the DagBag from /opt/airflow/dags/ItemsDim_init.py
[2025-12-13T18:20:02.838+0200] {processor.py:840} INFO - DAG(s) 'ItemsDim_init' retrieved from /opt/airflow/dags/ItemsDim_init.py
[2025-12-13T18:20:02.856+0200] {logging_mixin.py:188} INFO - [2025-12-13T18:20:02.856+0200] {dag.py:3047} INFO - Sync 1 DAGs
[2025-12-13T18:20:02.868+0200] {logging_mixin.py:188} INFO - [2025-12-13T18:20:02.868+0200] {dag.py:3834} INFO - Setting next_dagrun for ItemsDim_init to None, run_after=None
[2025-12-13T18:20:02.888+0200] {processor.py:183} INFO - Processing /opt/airflow/dags/ItemsDim_init.py took 0.072 seconds
[2025-12-13T18:20:33.577+0200] {processor.py:161} INFO - Started process (PID=12234) to work on /opt/airflow/dags/ItemsDim_init.py
[2025-12-13T18:20:33.578+0200] {processor.py:830} INFO - Processing file /opt/airflow/dags/ItemsDim_init.py for tasks to queue
[2025-12-13T18:20:33.579+0200] {logging_mixin.py:188} INFO - [2025-12-13T18:20:33.579+0200] {dagbag.py:540} INFO - Filling up the DagBag from /opt/airflow/dags/ItemsDim_init.py
[2025-12-13T18:20:33.594+0200] {processor.py:840} INFO - DAG(s) 'ItemsDim_init' retrieved from /opt/airflow/dags/ItemsDim_init.py
[2025-12-13T18:20:33.613+0200] {logging_mixin.py:188} INFO - [2025-12-13T18:20:33.613+0200] {dag.py:3047} INFO - Sync 1 DAGs
[2025-12-13T18:20:33.624+0200] {logging_mixin.py:188} INFO - [2025-12-13T18:20:33.624+0200] {dag.py:3834} INFO - Setting next_dagrun for ItemsDim_init to None, run_after=None
[2025-12-13T18:20:33.645+0200] {processor.py:183} INFO - Processing /opt/airflow/dags/ItemsDim_init.py took 0.071 seconds
[2025-12-13T18:21:04.275+0200] {processor.py:161} INFO - Started process (PID=12247) to work on /opt/airflow/dags/ItemsDim_init.py
[2025-12-13T18:21:04.276+0200] {processor.py:830} INFO - Processing file /opt/airflow/dags/ItemsDim_init.py for tasks to queue
[2025-12-13T18:21:04.277+0200] {logging_mixin.py:188} INFO - [2025-12-13T18:21:04.277+0200] {dagbag.py:540} INFO - Filling up the DagBag from /opt/airflow/dags/ItemsDim_init.py
[2025-12-13T18:21:04.293+0200] {processor.py:840} INFO - DAG(s) 'ItemsDim_init' retrieved from /opt/airflow/dags/ItemsDim_init.py
[2025-12-13T18:21:04.311+0200] {logging_mixin.py:188} INFO - [2025-12-13T18:21:04.311+0200] {dag.py:3047} INFO - Sync 1 DAGs
[2025-12-13T18:21:04.322+0200] {logging_mixin.py:188} INFO - [2025-12-13T18:21:04.322+0200] {dag.py:3834} INFO - Setting next_dagrun for ItemsDim_init to None, run_after=None
[2025-12-13T18:21:04.340+0200] {processor.py:183} INFO - Processing /opt/airflow/dags/ItemsDim_init.py took 0.068 seconds
[2025-12-13T18:21:34.979+0200] {processor.py:161} INFO - Started process (PID=12260) to work on /opt/airflow/dags/ItemsDim_init.py
[2025-12-13T18:21:34.980+0200] {processor.py:830} INFO - Processing file /opt/airflow/dags/ItemsDim_init.py for tasks to queue
[2025-12-13T18:21:34.982+0200] {logging_mixin.py:188} INFO - [2025-12-13T18:21:34.982+0200] {dagbag.py:540} INFO - Filling up the DagBag from /opt/airflow/dags/ItemsDim_init.py
[2025-12-13T18:21:35.000+0200] {processor.py:840} INFO - DAG(s) 'ItemsDim_init' retrieved from /opt/airflow/dags/ItemsDim_init.py
[2025-12-13T18:21:35.019+0200] {logging_mixin.py:188} INFO - [2025-12-13T18:21:35.018+0200] {dag.py:3047} INFO - Sync 1 DAGs
[2025-12-13T18:21:35.029+0200] {logging_mixin.py:188} INFO - [2025-12-13T18:21:35.029+0200] {dag.py:3834} INFO - Setting next_dagrun for ItemsDim_init to None, run_after=None
[2025-12-13T18:21:35.049+0200] {processor.py:183} INFO - Processing /opt/airflow/dags/ItemsDim_init.py took 0.073 seconds
[2025-12-13T18:22:05.618+0200] {processor.py:161} INFO - Started process (PID=12274) to work on /opt/airflow/dags/ItemsDim_init.py
[2025-12-13T18:22:05.619+0200] {processor.py:830} INFO - Processing file /opt/airflow/dags/ItemsDim_init.py for tasks to queue
[2025-12-13T18:22:05.620+0200] {logging_mixin.py:188} INFO - [2025-12-13T18:22:05.620+0200] {dagbag.py:540} INFO - Filling up the DagBag from /opt/airflow/dags/ItemsDim_init.py
[2025-12-13T18:22:05.640+0200] {processor.py:840} INFO - DAG(s) 'ItemsDim_init' retrieved from /opt/airflow/dags/ItemsDim_init.py
[2025-12-13T18:22:05.658+0200] {logging_mixin.py:188} INFO - [2025-12-13T18:22:05.657+0200] {dag.py:3047} INFO - Sync 1 DAGs
[2025-12-13T18:22:05.668+0200] {logging_mixin.py:188} INFO - [2025-12-13T18:22:05.668+0200] {dag.py:3834} INFO - Setting next_dagrun for ItemsDim_init to None, run_after=None
[2025-12-13T18:22:05.685+0200] {processor.py:183} INFO - Processing /opt/airflow/dags/ItemsDim_init.py took 0.071 seconds
[2025-12-13T18:22:36.241+0200] {processor.py:161} INFO - Started process (PID=12287) to work on /opt/airflow/dags/ItemsDim_init.py
[2025-12-13T18:22:36.242+0200] {processor.py:830} INFO - Processing file /opt/airflow/dags/ItemsDim_init.py for tasks to queue
[2025-12-13T18:22:36.244+0200] {logging_mixin.py:188} INFO - [2025-12-13T18:22:36.243+0200] {dagbag.py:540} INFO - Filling up the DagBag from /opt/airflow/dags/ItemsDim_init.py
[2025-12-13T18:22:36.260+0200] {processor.py:840} INFO - DAG(s) 'ItemsDim_init' retrieved from /opt/airflow/dags/ItemsDim_init.py
[2025-12-13T18:22:36.279+0200] {logging_mixin.py:188} INFO - [2025-12-13T18:22:36.279+0200] {dag.py:3047} INFO - Sync 1 DAGs
[2025-12-13T18:22:36.290+0200] {logging_mixin.py:188} INFO - [2025-12-13T18:22:36.290+0200] {dag.py:3834} INFO - Setting next_dagrun for ItemsDim_init to None, run_after=None
[2025-12-13T18:22:36.310+0200] {processor.py:183} INFO - Processing /opt/airflow/dags/ItemsDim_init.py took 0.072 seconds
[2025-12-13T18:23:06.928+0200] {processor.py:161} INFO - Started process (PID=12300) to work on /opt/airflow/dags/ItemsDim_init.py
[2025-12-13T18:23:06.929+0200] {processor.py:830} INFO - Processing file /opt/airflow/dags/ItemsDim_init.py for tasks to queue
[2025-12-13T18:23:06.931+0200] {logging_mixin.py:188} INFO - [2025-12-13T18:23:06.931+0200] {dagbag.py:540} INFO - Filling up the DagBag from /opt/airflow/dags/ItemsDim_init.py
[2025-12-13T18:23:06.948+0200] {processor.py:840} INFO - DAG(s) 'ItemsDim_init' retrieved from /opt/airflow/dags/ItemsDim_init.py
[2025-12-13T18:23:06.968+0200] {logging_mixin.py:188} INFO - [2025-12-13T18:23:06.967+0200] {dag.py:3047} INFO - Sync 1 DAGs
[2025-12-13T18:23:06.979+0200] {logging_mixin.py:188} INFO - [2025-12-13T18:23:06.979+0200] {dag.py:3834} INFO - Setting next_dagrun for ItemsDim_init to None, run_after=None
[2025-12-13T18:23:07.000+0200] {processor.py:183} INFO - Processing /opt/airflow/dags/ItemsDim_init.py took 0.076 seconds
[2025-12-13T18:23:37.649+0200] {processor.py:161} INFO - Started process (PID=12313) to work on /opt/airflow/dags/ItemsDim_init.py
[2025-12-13T18:23:37.651+0200] {processor.py:830} INFO - Processing file /opt/airflow/dags/ItemsDim_init.py for tasks to queue
[2025-12-13T18:23:37.652+0200] {logging_mixin.py:188} INFO - [2025-12-13T18:23:37.652+0200] {dagbag.py:540} INFO - Filling up the DagBag from /opt/airflow/dags/ItemsDim_init.py
[2025-12-13T18:23:37.671+0200] {processor.py:840} INFO - DAG(s) 'ItemsDim_init' retrieved from /opt/airflow/dags/ItemsDim_init.py
[2025-12-13T18:23:37.690+0200] {logging_mixin.py:188} INFO - [2025-12-13T18:23:37.689+0200] {dag.py:3047} INFO - Sync 1 DAGs
[2025-12-13T18:23:37.701+0200] {logging_mixin.py:188} INFO - [2025-12-13T18:23:37.701+0200] {dag.py:3834} INFO - Setting next_dagrun for ItemsDim_init to None, run_after=None
[2025-12-13T18:23:37.720+0200] {processor.py:183} INFO - Processing /opt/airflow/dags/ItemsDim_init.py took 0.074 seconds
[2025-12-13T18:24:08.329+0200] {processor.py:161} INFO - Started process (PID=12326) to work on /opt/airflow/dags/ItemsDim_init.py
[2025-12-13T18:24:08.330+0200] {processor.py:830} INFO - Processing file /opt/airflow/dags/ItemsDim_init.py for tasks to queue
[2025-12-13T18:24:08.332+0200] {logging_mixin.py:188} INFO - [2025-12-13T18:24:08.332+0200] {dagbag.py:540} INFO - Filling up the DagBag from /opt/airflow/dags/ItemsDim_init.py
[2025-12-13T18:24:08.349+0200] {processor.py:840} INFO - DAG(s) 'ItemsDim_init' retrieved from /opt/airflow/dags/ItemsDim_init.py
[2025-12-13T18:24:08.370+0200] {logging_mixin.py:188} INFO - [2025-12-13T18:24:08.369+0200] {dag.py:3047} INFO - Sync 1 DAGs
[2025-12-13T18:24:08.395+0200] {logging_mixin.py:188} INFO - [2025-12-13T18:24:08.392+0200] {dag.py:3834} INFO - Setting next_dagrun for ItemsDim_init to None, run_after=None
[2025-12-13T18:24:08.431+0200] {processor.py:183} INFO - Processing /opt/airflow/dags/ItemsDim_init.py took 0.105 seconds
[2025-12-13T18:24:39.023+0200] {processor.py:161} INFO - Started process (PID=12339) to work on /opt/airflow/dags/ItemsDim_init.py
[2025-12-13T18:24:39.024+0200] {processor.py:830} INFO - Processing file /opt/airflow/dags/ItemsDim_init.py for tasks to queue
[2025-12-13T18:24:39.026+0200] {logging_mixin.py:188} INFO - [2025-12-13T18:24:39.026+0200] {dagbag.py:540} INFO - Filling up the DagBag from /opt/airflow/dags/ItemsDim_init.py
[2025-12-13T18:24:39.045+0200] {processor.py:840} INFO - DAG(s) 'ItemsDim_init' retrieved from /opt/airflow/dags/ItemsDim_init.py
[2025-12-13T18:24:39.064+0200] {logging_mixin.py:188} INFO - [2025-12-13T18:24:39.064+0200] {dag.py:3047} INFO - Sync 1 DAGs
[2025-12-13T18:24:39.075+0200] {logging_mixin.py:188} INFO - [2025-12-13T18:24:39.075+0200] {dag.py:3834} INFO - Setting next_dagrun for ItemsDim_init to None, run_after=None
[2025-12-13T18:24:39.093+0200] {processor.py:183} INFO - Processing /opt/airflow/dags/ItemsDim_init.py took 0.073 seconds
[2025-12-13T18:25:09.646+0200] {processor.py:161} INFO - Started process (PID=12352) to work on /opt/airflow/dags/ItemsDim_init.py
[2025-12-13T18:25:09.647+0200] {processor.py:830} INFO - Processing file /opt/airflow/dags/ItemsDim_init.py for tasks to queue
[2025-12-13T18:25:09.649+0200] {logging_mixin.py:188} INFO - [2025-12-13T18:25:09.649+0200] {dagbag.py:540} INFO - Filling up the DagBag from /opt/airflow/dags/ItemsDim_init.py
[2025-12-13T18:25:09.665+0200] {processor.py:840} INFO - DAG(s) 'ItemsDim_init' retrieved from /opt/airflow/dags/ItemsDim_init.py
[2025-12-13T18:25:09.683+0200] {logging_mixin.py:188} INFO - [2025-12-13T18:25:09.683+0200] {dag.py:3047} INFO - Sync 1 DAGs
[2025-12-13T18:25:09.695+0200] {logging_mixin.py:188} INFO - [2025-12-13T18:25:09.694+0200] {dag.py:3834} INFO - Setting next_dagrun for ItemsDim_init to None, run_after=None
[2025-12-13T18:25:09.713+0200] {processor.py:183} INFO - Processing /opt/airflow/dags/ItemsDim_init.py took 0.070 seconds
[2025-12-13T18:25:40.245+0200] {processor.py:161} INFO - Started process (PID=12365) to work on /opt/airflow/dags/ItemsDim_init.py
[2025-12-13T18:25:40.246+0200] {processor.py:830} INFO - Processing file /opt/airflow/dags/ItemsDim_init.py for tasks to queue
[2025-12-13T18:25:40.247+0200] {logging_mixin.py:188} INFO - [2025-12-13T18:25:40.247+0200] {dagbag.py:540} INFO - Filling up the DagBag from /opt/airflow/dags/ItemsDim_init.py
[2025-12-13T18:25:40.262+0200] {processor.py:840} INFO - DAG(s) 'ItemsDim_init' retrieved from /opt/airflow/dags/ItemsDim_init.py
[2025-12-13T18:25:40.281+0200] {logging_mixin.py:188} INFO - [2025-12-13T18:25:40.281+0200] {dag.py:3047} INFO - Sync 1 DAGs
[2025-12-13T18:25:40.294+0200] {logging_mixin.py:188} INFO - [2025-12-13T18:25:40.293+0200] {dag.py:3834} INFO - Setting next_dagrun for ItemsDim_init to None, run_after=None
[2025-12-13T18:25:40.309+0200] {processor.py:183} INFO - Processing /opt/airflow/dags/ItemsDim_init.py took 0.067 seconds
[2025-12-13T18:26:10.866+0200] {processor.py:161} INFO - Started process (PID=12378) to work on /opt/airflow/dags/ItemsDim_init.py
[2025-12-13T18:26:10.867+0200] {processor.py:830} INFO - Processing file /opt/airflow/dags/ItemsDim_init.py for tasks to queue
[2025-12-13T18:26:10.869+0200] {logging_mixin.py:188} INFO - [2025-12-13T18:26:10.869+0200] {dagbag.py:540} INFO - Filling up the DagBag from /opt/airflow/dags/ItemsDim_init.py
[2025-12-13T18:26:10.887+0200] {processor.py:840} INFO - DAG(s) 'ItemsDim_init' retrieved from /opt/airflow/dags/ItemsDim_init.py
[2025-12-13T18:26:10.907+0200] {logging_mixin.py:188} INFO - [2025-12-13T18:26:10.907+0200] {dag.py:3047} INFO - Sync 1 DAGs
[2025-12-13T18:26:10.918+0200] {logging_mixin.py:188} INFO - [2025-12-13T18:26:10.918+0200] {dag.py:3834} INFO - Setting next_dagrun for ItemsDim_init to None, run_after=None
[2025-12-13T18:26:10.940+0200] {processor.py:183} INFO - Processing /opt/airflow/dags/ItemsDim_init.py took 0.077 seconds
[2025-12-13T18:26:41.494+0200] {processor.py:161} INFO - Started process (PID=12391) to work on /opt/airflow/dags/ItemsDim_init.py
[2025-12-13T18:26:41.496+0200] {processor.py:830} INFO - Processing file /opt/airflow/dags/ItemsDim_init.py for tasks to queue
[2025-12-13T18:26:41.497+0200] {logging_mixin.py:188} INFO - [2025-12-13T18:26:41.497+0200] {dagbag.py:540} INFO - Filling up the DagBag from /opt/airflow/dags/ItemsDim_init.py
[2025-12-13T18:26:41.514+0200] {processor.py:840} INFO - DAG(s) 'ItemsDim_init' retrieved from /opt/airflow/dags/ItemsDim_init.py
[2025-12-13T18:26:41.533+0200] {logging_mixin.py:188} INFO - [2025-12-13T18:26:41.533+0200] {dag.py:3047} INFO - Sync 1 DAGs
[2025-12-13T18:26:41.545+0200] {logging_mixin.py:188} INFO - [2025-12-13T18:26:41.545+0200] {dag.py:3834} INFO - Setting next_dagrun for ItemsDim_init to None, run_after=None
[2025-12-13T18:26:41.564+0200] {processor.py:183} INFO - Processing /opt/airflow/dags/ItemsDim_init.py took 0.073 seconds
[2025-12-13T18:27:12.143+0200] {processor.py:161} INFO - Started process (PID=12404) to work on /opt/airflow/dags/ItemsDim_init.py
[2025-12-13T18:27:12.144+0200] {processor.py:830} INFO - Processing file /opt/airflow/dags/ItemsDim_init.py for tasks to queue
[2025-12-13T18:27:12.146+0200] {logging_mixin.py:188} INFO - [2025-12-13T18:27:12.146+0200] {dagbag.py:540} INFO - Filling up the DagBag from /opt/airflow/dags/ItemsDim_init.py
[2025-12-13T18:27:12.165+0200] {processor.py:840} INFO - DAG(s) 'ItemsDim_init' retrieved from /opt/airflow/dags/ItemsDim_init.py
[2025-12-13T18:27:12.186+0200] {logging_mixin.py:188} INFO - [2025-12-13T18:27:12.185+0200] {dag.py:3047} INFO - Sync 1 DAGs
[2025-12-13T18:27:12.197+0200] {logging_mixin.py:188} INFO - [2025-12-13T18:27:12.197+0200] {dag.py:3834} INFO - Setting next_dagrun for ItemsDim_init to None, run_after=None
[2025-12-13T18:27:12.216+0200] {processor.py:183} INFO - Processing /opt/airflow/dags/ItemsDim_init.py took 0.075 seconds
[2025-12-13T18:27:42.844+0200] {processor.py:161} INFO - Started process (PID=12417) to work on /opt/airflow/dags/ItemsDim_init.py
[2025-12-13T18:27:42.845+0200] {processor.py:830} INFO - Processing file /opt/airflow/dags/ItemsDim_init.py for tasks to queue
[2025-12-13T18:27:42.847+0200] {logging_mixin.py:188} INFO - [2025-12-13T18:27:42.847+0200] {dagbag.py:540} INFO - Filling up the DagBag from /opt/airflow/dags/ItemsDim_init.py
[2025-12-13T18:27:42.867+0200] {processor.py:840} INFO - DAG(s) 'ItemsDim_init' retrieved from /opt/airflow/dags/ItemsDim_init.py
[2025-12-13T18:27:42.885+0200] {logging_mixin.py:188} INFO - [2025-12-13T18:27:42.885+0200] {dag.py:3047} INFO - Sync 1 DAGs
[2025-12-13T18:27:42.896+0200] {logging_mixin.py:188} INFO - [2025-12-13T18:27:42.895+0200] {dag.py:3834} INFO - Setting next_dagrun for ItemsDim_init to None, run_after=None
[2025-12-13T18:27:42.913+0200] {processor.py:183} INFO - Processing /opt/airflow/dags/ItemsDim_init.py took 0.072 seconds
[2025-12-13T18:28:13.565+0200] {processor.py:161} INFO - Started process (PID=12430) to work on /opt/airflow/dags/ItemsDim_init.py
[2025-12-13T18:28:13.566+0200] {processor.py:830} INFO - Processing file /opt/airflow/dags/ItemsDim_init.py for tasks to queue
[2025-12-13T18:28:13.568+0200] {logging_mixin.py:188} INFO - [2025-12-13T18:28:13.568+0200] {dagbag.py:540} INFO - Filling up the DagBag from /opt/airflow/dags/ItemsDim_init.py
[2025-12-13T18:28:13.587+0200] {processor.py:840} INFO - DAG(s) 'ItemsDim_init' retrieved from /opt/airflow/dags/ItemsDim_init.py
[2025-12-13T18:28:13.606+0200] {logging_mixin.py:188} INFO - [2025-12-13T18:28:13.606+0200] {dag.py:3047} INFO - Sync 1 DAGs
[2025-12-13T18:28:13.618+0200] {logging_mixin.py:188} INFO - [2025-12-13T18:28:13.618+0200] {dag.py:3834} INFO - Setting next_dagrun for ItemsDim_init to None, run_after=None
[2025-12-13T18:28:13.637+0200] {processor.py:183} INFO - Processing /opt/airflow/dags/ItemsDim_init.py took 0.075 seconds
[2025-12-13T18:28:44.252+0200] {processor.py:161} INFO - Started process (PID=12444) to work on /opt/airflow/dags/ItemsDim_init.py
[2025-12-13T18:28:44.254+0200] {processor.py:830} INFO - Processing file /opt/airflow/dags/ItemsDim_init.py for tasks to queue
[2025-12-13T18:28:44.255+0200] {logging_mixin.py:188} INFO - [2025-12-13T18:28:44.255+0200] {dagbag.py:540} INFO - Filling up the DagBag from /opt/airflow/dags/ItemsDim_init.py
[2025-12-13T18:28:44.273+0200] {processor.py:840} INFO - DAG(s) 'ItemsDim_init' retrieved from /opt/airflow/dags/ItemsDim_init.py
[2025-12-13T18:28:44.292+0200] {logging_mixin.py:188} INFO - [2025-12-13T18:28:44.292+0200] {dag.py:3047} INFO - Sync 1 DAGs
[2025-12-13T18:28:44.304+0200] {logging_mixin.py:188} INFO - [2025-12-13T18:28:44.304+0200] {dag.py:3834} INFO - Setting next_dagrun for ItemsDim_init to None, run_after=None
[2025-12-13T18:28:44.324+0200] {processor.py:183} INFO - Processing /opt/airflow/dags/ItemsDim_init.py took 0.074 seconds
[2025-12-13T18:29:14.953+0200] {processor.py:161} INFO - Started process (PID=12457) to work on /opt/airflow/dags/ItemsDim_init.py
[2025-12-13T18:29:14.955+0200] {processor.py:830} INFO - Processing file /opt/airflow/dags/ItemsDim_init.py for tasks to queue
[2025-12-13T18:29:14.956+0200] {logging_mixin.py:188} INFO - [2025-12-13T18:29:14.956+0200] {dagbag.py:540} INFO - Filling up the DagBag from /opt/airflow/dags/ItemsDim_init.py
[2025-12-13T18:29:14.973+0200] {processor.py:840} INFO - DAG(s) 'ItemsDim_init' retrieved from /opt/airflow/dags/ItemsDim_init.py
[2025-12-13T18:29:14.992+0200] {logging_mixin.py:188} INFO - [2025-12-13T18:29:14.991+0200] {dag.py:3047} INFO - Sync 1 DAGs
[2025-12-13T18:29:15.003+0200] {logging_mixin.py:188} INFO - [2025-12-13T18:29:15.002+0200] {dag.py:3834} INFO - Setting next_dagrun for ItemsDim_init to None, run_after=None
[2025-12-13T18:29:15.020+0200] {processor.py:183} INFO - Processing /opt/airflow/dags/ItemsDim_init.py took 0.069 seconds
[2025-12-13T18:29:45.699+0200] {processor.py:161} INFO - Started process (PID=12470) to work on /opt/airflow/dags/ItemsDim_init.py
[2025-12-13T18:29:45.700+0200] {processor.py:830} INFO - Processing file /opt/airflow/dags/ItemsDim_init.py for tasks to queue
[2025-12-13T18:29:45.702+0200] {logging_mixin.py:188} INFO - [2025-12-13T18:29:45.702+0200] {dagbag.py:540} INFO - Filling up the DagBag from /opt/airflow/dags/ItemsDim_init.py
[2025-12-13T18:29:45.720+0200] {processor.py:840} INFO - DAG(s) 'ItemsDim_init' retrieved from /opt/airflow/dags/ItemsDim_init.py
[2025-12-13T18:29:45.742+0200] {logging_mixin.py:188} INFO - [2025-12-13T18:29:45.742+0200] {dag.py:3047} INFO - Sync 1 DAGs
[2025-12-13T18:29:45.758+0200] {logging_mixin.py:188} INFO - [2025-12-13T18:29:45.758+0200] {dag.py:3834} INFO - Setting next_dagrun for ItemsDim_init to None, run_after=None
[2025-12-13T18:29:45.785+0200] {processor.py:183} INFO - Processing /opt/airflow/dags/ItemsDim_init.py took 0.089 seconds
[2025-12-13T18:30:16.384+0200] {processor.py:161} INFO - Started process (PID=12483) to work on /opt/airflow/dags/ItemsDim_init.py
[2025-12-13T18:30:16.385+0200] {processor.py:830} INFO - Processing file /opt/airflow/dags/ItemsDim_init.py for tasks to queue
[2025-12-13T18:30:16.388+0200] {logging_mixin.py:188} INFO - [2025-12-13T18:30:16.387+0200] {dagbag.py:540} INFO - Filling up the DagBag from /opt/airflow/dags/ItemsDim_init.py
[2025-12-13T18:30:16.404+0200] {processor.py:840} INFO - DAG(s) 'ItemsDim_init' retrieved from /opt/airflow/dags/ItemsDim_init.py
[2025-12-13T18:30:16.424+0200] {logging_mixin.py:188} INFO - [2025-12-13T18:30:16.424+0200] {dag.py:3047} INFO - Sync 1 DAGs
[2025-12-13T18:30:16.436+0200] {logging_mixin.py:188} INFO - [2025-12-13T18:30:16.436+0200] {dag.py:3834} INFO - Setting next_dagrun for ItemsDim_init to None, run_after=None
[2025-12-13T18:30:16.455+0200] {processor.py:183} INFO - Processing /opt/airflow/dags/ItemsDim_init.py took 0.074 seconds
[2025-12-13T18:30:47.080+0200] {processor.py:161} INFO - Started process (PID=12496) to work on /opt/airflow/dags/ItemsDim_init.py
[2025-12-13T18:30:47.081+0200] {processor.py:830} INFO - Processing file /opt/airflow/dags/ItemsDim_init.py for tasks to queue
[2025-12-13T18:30:47.083+0200] {logging_mixin.py:188} INFO - [2025-12-13T18:30:47.082+0200] {dagbag.py:540} INFO - Filling up the DagBag from /opt/airflow/dags/ItemsDim_init.py
[2025-12-13T18:30:47.098+0200] {processor.py:840} INFO - DAG(s) 'ItemsDim_init' retrieved from /opt/airflow/dags/ItemsDim_init.py
[2025-12-13T18:30:47.116+0200] {logging_mixin.py:188} INFO - [2025-12-13T18:30:47.116+0200] {dag.py:3047} INFO - Sync 1 DAGs
[2025-12-13T18:30:47.127+0200] {logging_mixin.py:188} INFO - [2025-12-13T18:30:47.127+0200] {dag.py:3834} INFO - Setting next_dagrun for ItemsDim_init to None, run_after=None
[2025-12-13T18:30:47.146+0200] {processor.py:183} INFO - Processing /opt/airflow/dags/ItemsDim_init.py took 0.069 seconds
[2025-12-13T18:31:17.743+0200] {processor.py:161} INFO - Started process (PID=12509) to work on /opt/airflow/dags/ItemsDim_init.py
[2025-12-13T18:31:17.744+0200] {processor.py:830} INFO - Processing file /opt/airflow/dags/ItemsDim_init.py for tasks to queue
[2025-12-13T18:31:17.746+0200] {logging_mixin.py:188} INFO - [2025-12-13T18:31:17.746+0200] {dagbag.py:540} INFO - Filling up the DagBag from /opt/airflow/dags/ItemsDim_init.py
[2025-12-13T18:31:17.762+0200] {processor.py:840} INFO - DAG(s) 'ItemsDim_init' retrieved from /opt/airflow/dags/ItemsDim_init.py
[2025-12-13T18:31:17.782+0200] {logging_mixin.py:188} INFO - [2025-12-13T18:31:17.781+0200] {dag.py:3047} INFO - Sync 1 DAGs
[2025-12-13T18:31:17.794+0200] {logging_mixin.py:188} INFO - [2025-12-13T18:31:17.794+0200] {dag.py:3834} INFO - Setting next_dagrun for ItemsDim_init to None, run_after=None
[2025-12-13T18:31:17.816+0200] {processor.py:183} INFO - Processing /opt/airflow/dags/ItemsDim_init.py took 0.076 seconds
[2025-12-13T18:31:48.431+0200] {processor.py:161} INFO - Started process (PID=12522) to work on /opt/airflow/dags/ItemsDim_init.py
[2025-12-13T18:31:48.432+0200] {processor.py:830} INFO - Processing file /opt/airflow/dags/ItemsDim_init.py for tasks to queue
[2025-12-13T18:31:48.434+0200] {logging_mixin.py:188} INFO - [2025-12-13T18:31:48.434+0200] {dagbag.py:540} INFO - Filling up the DagBag from /opt/airflow/dags/ItemsDim_init.py
[2025-12-13T18:31:48.452+0200] {processor.py:840} INFO - DAG(s) 'ItemsDim_init' retrieved from /opt/airflow/dags/ItemsDim_init.py
[2025-12-13T18:31:48.475+0200] {logging_mixin.py:188} INFO - [2025-12-13T18:31:48.474+0200] {dag.py:3047} INFO - Sync 1 DAGs
[2025-12-13T18:31:48.487+0200] {logging_mixin.py:188} INFO - [2025-12-13T18:31:48.486+0200] {dag.py:3834} INFO - Setting next_dagrun for ItemsDim_init to None, run_after=None
[2025-12-13T18:31:48.507+0200] {processor.py:183} INFO - Processing /opt/airflow/dags/ItemsDim_init.py took 0.079 seconds
[2025-12-13T18:32:19.125+0200] {processor.py:161} INFO - Started process (PID=12535) to work on /opt/airflow/dags/ItemsDim_init.py
[2025-12-13T18:32:19.126+0200] {processor.py:830} INFO - Processing file /opt/airflow/dags/ItemsDim_init.py for tasks to queue
[2025-12-13T18:32:19.128+0200] {logging_mixin.py:188} INFO - [2025-12-13T18:32:19.128+0200] {dagbag.py:540} INFO - Filling up the DagBag from /opt/airflow/dags/ItemsDim_init.py
[2025-12-13T18:32:19.146+0200] {processor.py:840} INFO - DAG(s) 'ItemsDim_init' retrieved from /opt/airflow/dags/ItemsDim_init.py
[2025-12-13T18:32:19.164+0200] {logging_mixin.py:188} INFO - [2025-12-13T18:32:19.164+0200] {dag.py:3047} INFO - Sync 1 DAGs
[2025-12-13T18:32:19.175+0200] {logging_mixin.py:188} INFO - [2025-12-13T18:32:19.175+0200] {dag.py:3834} INFO - Setting next_dagrun for ItemsDim_init to None, run_after=None
[2025-12-13T18:32:19.192+0200] {processor.py:183} INFO - Processing /opt/airflow/dags/ItemsDim_init.py took 0.070 seconds
[2025-12-13T18:32:49.804+0200] {processor.py:161} INFO - Started process (PID=12548) to work on /opt/airflow/dags/ItemsDim_init.py
[2025-12-13T18:32:49.805+0200] {processor.py:830} INFO - Processing file /opt/airflow/dags/ItemsDim_init.py for tasks to queue
[2025-12-13T18:32:49.807+0200] {logging_mixin.py:188} INFO - [2025-12-13T18:32:49.807+0200] {dagbag.py:540} INFO - Filling up the DagBag from /opt/airflow/dags/ItemsDim_init.py
[2025-12-13T18:32:49.823+0200] {processor.py:840} INFO - DAG(s) 'ItemsDim_init' retrieved from /opt/airflow/dags/ItemsDim_init.py
[2025-12-13T18:32:49.841+0200] {logging_mixin.py:188} INFO - [2025-12-13T18:32:49.841+0200] {dag.py:3047} INFO - Sync 1 DAGs
[2025-12-13T18:32:49.853+0200] {logging_mixin.py:188} INFO - [2025-12-13T18:32:49.853+0200] {dag.py:3834} INFO - Setting next_dagrun for ItemsDim_init to None, run_after=None
[2025-12-13T18:32:49.870+0200] {processor.py:183} INFO - Processing /opt/airflow/dags/ItemsDim_init.py took 0.069 seconds
[2025-12-13T18:33:20.506+0200] {processor.py:161} INFO - Started process (PID=12561) to work on /opt/airflow/dags/ItemsDim_init.py
[2025-12-13T18:33:20.507+0200] {processor.py:830} INFO - Processing file /opt/airflow/dags/ItemsDim_init.py for tasks to queue
[2025-12-13T18:33:20.509+0200] {logging_mixin.py:188} INFO - [2025-12-13T18:33:20.509+0200] {dagbag.py:540} INFO - Filling up the DagBag from /opt/airflow/dags/ItemsDim_init.py
[2025-12-13T18:33:20.530+0200] {processor.py:840} INFO - DAG(s) 'ItemsDim_init' retrieved from /opt/airflow/dags/ItemsDim_init.py
[2025-12-13T18:33:20.549+0200] {logging_mixin.py:188} INFO - [2025-12-13T18:33:20.549+0200] {dag.py:3047} INFO - Sync 1 DAGs
[2025-12-13T18:33:20.561+0200] {logging_mixin.py:188} INFO - [2025-12-13T18:33:20.561+0200] {dag.py:3834} INFO - Setting next_dagrun for ItemsDim_init to None, run_after=None
[2025-12-13T18:33:20.579+0200] {processor.py:183} INFO - Processing /opt/airflow/dags/ItemsDim_init.py took 0.076 seconds
[2025-12-13T18:33:51.141+0200] {processor.py:161} INFO - Started process (PID=12574) to work on /opt/airflow/dags/ItemsDim_init.py
[2025-12-13T18:33:51.142+0200] {processor.py:830} INFO - Processing file /opt/airflow/dags/ItemsDim_init.py for tasks to queue
[2025-12-13T18:33:51.144+0200] {logging_mixin.py:188} INFO - [2025-12-13T18:33:51.144+0200] {dagbag.py:540} INFO - Filling up the DagBag from /opt/airflow/dags/ItemsDim_init.py
[2025-12-13T18:33:51.160+0200] {processor.py:840} INFO - DAG(s) 'ItemsDim_init' retrieved from /opt/airflow/dags/ItemsDim_init.py
[2025-12-13T18:33:51.179+0200] {logging_mixin.py:188} INFO - [2025-12-13T18:33:51.178+0200] {dag.py:3047} INFO - Sync 1 DAGs
[2025-12-13T18:33:51.191+0200] {logging_mixin.py:188} INFO - [2025-12-13T18:33:51.191+0200] {dag.py:3834} INFO - Setting next_dagrun for ItemsDim_init to None, run_after=None
[2025-12-13T18:33:51.211+0200] {processor.py:183} INFO - Processing /opt/airflow/dags/ItemsDim_init.py took 0.073 seconds
[2025-12-13T18:34:21.819+0200] {processor.py:161} INFO - Started process (PID=12587) to work on /opt/airflow/dags/ItemsDim_init.py
[2025-12-13T18:34:21.820+0200] {processor.py:830} INFO - Processing file /opt/airflow/dags/ItemsDim_init.py for tasks to queue
[2025-12-13T18:34:21.822+0200] {logging_mixin.py:188} INFO - [2025-12-13T18:34:21.821+0200] {dagbag.py:540} INFO - Filling up the DagBag from /opt/airflow/dags/ItemsDim_init.py
[2025-12-13T18:34:21.839+0200] {processor.py:840} INFO - DAG(s) 'ItemsDim_init' retrieved from /opt/airflow/dags/ItemsDim_init.py
[2025-12-13T18:34:21.857+0200] {logging_mixin.py:188} INFO - [2025-12-13T18:34:21.857+0200] {dag.py:3047} INFO - Sync 1 DAGs
[2025-12-13T18:34:21.869+0200] {logging_mixin.py:188} INFO - [2025-12-13T18:34:21.868+0200] {dag.py:3834} INFO - Setting next_dagrun for ItemsDim_init to None, run_after=None
[2025-12-13T18:34:21.886+0200] {processor.py:183} INFO - Processing /opt/airflow/dags/ItemsDim_init.py took 0.070 seconds
[2025-12-13T18:34:52.440+0200] {processor.py:161} INFO - Started process (PID=12600) to work on /opt/airflow/dags/ItemsDim_init.py
[2025-12-13T18:34:52.441+0200] {processor.py:830} INFO - Processing file /opt/airflow/dags/ItemsDim_init.py for tasks to queue
[2025-12-13T18:34:52.442+0200] {logging_mixin.py:188} INFO - [2025-12-13T18:34:52.442+0200] {dagbag.py:540} INFO - Filling up the DagBag from /opt/airflow/dags/ItemsDim_init.py
[2025-12-13T18:34:52.459+0200] {processor.py:840} INFO - DAG(s) 'ItemsDim_init' retrieved from /opt/airflow/dags/ItemsDim_init.py
[2025-12-13T18:34:52.478+0200] {logging_mixin.py:188} INFO - [2025-12-13T18:34:52.478+0200] {dag.py:3047} INFO - Sync 1 DAGs
[2025-12-13T18:34:52.490+0200] {logging_mixin.py:188} INFO - [2025-12-13T18:34:52.490+0200] {dag.py:3834} INFO - Setting next_dagrun for ItemsDim_init to None, run_after=None
[2025-12-13T18:34:52.508+0200] {processor.py:183} INFO - Processing /opt/airflow/dags/ItemsDim_init.py took 0.073 seconds
[2025-12-13T18:35:23.110+0200] {processor.py:161} INFO - Started process (PID=12614) to work on /opt/airflow/dags/ItemsDim_init.py
[2025-12-13T18:35:23.112+0200] {processor.py:830} INFO - Processing file /opt/airflow/dags/ItemsDim_init.py for tasks to queue
[2025-12-13T18:35:23.113+0200] {logging_mixin.py:188} INFO - [2025-12-13T18:35:23.113+0200] {dagbag.py:540} INFO - Filling up the DagBag from /opt/airflow/dags/ItemsDim_init.py
[2025-12-13T18:35:23.128+0200] {processor.py:840} INFO - DAG(s) 'ItemsDim_init' retrieved from /opt/airflow/dags/ItemsDim_init.py
[2025-12-13T18:35:23.151+0200] {logging_mixin.py:188} INFO - [2025-12-13T18:35:23.150+0200] {dag.py:3047} INFO - Sync 1 DAGs
[2025-12-13T18:35:23.162+0200] {logging_mixin.py:188} INFO - [2025-12-13T18:35:23.162+0200] {dag.py:3834} INFO - Setting next_dagrun for ItemsDim_init to None, run_after=None
[2025-12-13T18:35:23.183+0200] {processor.py:183} INFO - Processing /opt/airflow/dags/ItemsDim_init.py took 0.075 seconds
[2025-12-13T18:35:53.804+0200] {processor.py:161} INFO - Started process (PID=12627) to work on /opt/airflow/dags/ItemsDim_init.py
[2025-12-13T18:35:53.805+0200] {processor.py:830} INFO - Processing file /opt/airflow/dags/ItemsDim_init.py for tasks to queue
[2025-12-13T18:35:53.807+0200] {logging_mixin.py:188} INFO - [2025-12-13T18:35:53.806+0200] {dagbag.py:540} INFO - Filling up the DagBag from /opt/airflow/dags/ItemsDim_init.py
[2025-12-13T18:35:53.825+0200] {processor.py:840} INFO - DAG(s) 'ItemsDim_init' retrieved from /opt/airflow/dags/ItemsDim_init.py
[2025-12-13T18:35:53.844+0200] {logging_mixin.py:188} INFO - [2025-12-13T18:35:53.844+0200] {dag.py:3047} INFO - Sync 1 DAGs
[2025-12-13T18:35:53.856+0200] {logging_mixin.py:188} INFO - [2025-12-13T18:35:53.856+0200] {dag.py:3834} INFO - Setting next_dagrun for ItemsDim_init to None, run_after=None
[2025-12-13T18:35:53.875+0200] {processor.py:183} INFO - Processing /opt/airflow/dags/ItemsDim_init.py took 0.075 seconds
[2025-12-13T18:36:24.492+0200] {processor.py:161} INFO - Started process (PID=12640) to work on /opt/airflow/dags/ItemsDim_init.py
[2025-12-13T18:36:24.493+0200] {processor.py:830} INFO - Processing file /opt/airflow/dags/ItemsDim_init.py for tasks to queue
[2025-12-13T18:36:24.495+0200] {logging_mixin.py:188} INFO - [2025-12-13T18:36:24.494+0200] {dagbag.py:540} INFO - Filling up the DagBag from /opt/airflow/dags/ItemsDim_init.py
[2025-12-13T18:36:24.510+0200] {processor.py:840} INFO - DAG(s) 'ItemsDim_init' retrieved from /opt/airflow/dags/ItemsDim_init.py
[2025-12-13T18:36:24.528+0200] {logging_mixin.py:188} INFO - [2025-12-13T18:36:24.528+0200] {dag.py:3047} INFO - Sync 1 DAGs
[2025-12-13T18:36:24.539+0200] {logging_mixin.py:188} INFO - [2025-12-13T18:36:24.539+0200] {dag.py:3834} INFO - Setting next_dagrun for ItemsDim_init to None, run_after=None
[2025-12-13T18:36:24.557+0200] {processor.py:183} INFO - Processing /opt/airflow/dags/ItemsDim_init.py took 0.068 seconds
[2025-12-13T18:36:55.180+0200] {processor.py:161} INFO - Started process (PID=12653) to work on /opt/airflow/dags/ItemsDim_init.py
[2025-12-13T18:36:55.181+0200] {processor.py:830} INFO - Processing file /opt/airflow/dags/ItemsDim_init.py for tasks to queue
[2025-12-13T18:36:55.183+0200] {logging_mixin.py:188} INFO - [2025-12-13T18:36:55.183+0200] {dagbag.py:540} INFO - Filling up the DagBag from /opt/airflow/dags/ItemsDim_init.py
[2025-12-13T18:36:55.197+0200] {processor.py:840} INFO - DAG(s) 'ItemsDim_init' retrieved from /opt/airflow/dags/ItemsDim_init.py
[2025-12-13T18:36:55.217+0200] {logging_mixin.py:188} INFO - [2025-12-13T18:36:55.217+0200] {dag.py:3047} INFO - Sync 1 DAGs
[2025-12-13T18:36:55.230+0200] {logging_mixin.py:188} INFO - [2025-12-13T18:36:55.230+0200] {dag.py:3834} INFO - Setting next_dagrun for ItemsDim_init to None, run_after=None
[2025-12-13T18:36:55.249+0200] {processor.py:183} INFO - Processing /opt/airflow/dags/ItemsDim_init.py took 0.072 seconds
[2025-12-13T18:37:25.869+0200] {processor.py:161} INFO - Started process (PID=12666) to work on /opt/airflow/dags/ItemsDim_init.py
[2025-12-13T18:37:25.871+0200] {processor.py:830} INFO - Processing file /opt/airflow/dags/ItemsDim_init.py for tasks to queue
[2025-12-13T18:37:25.872+0200] {logging_mixin.py:188} INFO - [2025-12-13T18:37:25.872+0200] {dagbag.py:540} INFO - Filling up the DagBag from /opt/airflow/dags/ItemsDim_init.py
[2025-12-13T18:37:25.891+0200] {processor.py:840} INFO - DAG(s) 'ItemsDim_init' retrieved from /opt/airflow/dags/ItemsDim_init.py
[2025-12-13T18:37:25.909+0200] {logging_mixin.py:188} INFO - [2025-12-13T18:37:25.909+0200] {dag.py:3047} INFO - Sync 1 DAGs
[2025-12-13T18:37:25.920+0200] {logging_mixin.py:188} INFO - [2025-12-13T18:37:25.920+0200] {dag.py:3834} INFO - Setting next_dagrun for ItemsDim_init to None, run_after=None
[2025-12-13T18:37:25.937+0200] {processor.py:183} INFO - Processing /opt/airflow/dags/ItemsDim_init.py took 0.071 seconds
[2025-12-13T18:37:56.629+0200] {processor.py:161} INFO - Started process (PID=12679) to work on /opt/airflow/dags/ItemsDim_init.py
[2025-12-13T18:37:56.630+0200] {processor.py:830} INFO - Processing file /opt/airflow/dags/ItemsDim_init.py for tasks to queue
[2025-12-13T18:37:56.632+0200] {logging_mixin.py:188} INFO - [2025-12-13T18:37:56.632+0200] {dagbag.py:540} INFO - Filling up the DagBag from /opt/airflow/dags/ItemsDim_init.py
[2025-12-13T18:37:56.648+0200] {processor.py:840} INFO - DAG(s) 'ItemsDim_init' retrieved from /opt/airflow/dags/ItemsDim_init.py
[2025-12-13T18:37:56.667+0200] {logging_mixin.py:188} INFO - [2025-12-13T18:37:56.667+0200] {dag.py:3047} INFO - Sync 1 DAGs
[2025-12-13T18:37:56.678+0200] {logging_mixin.py:188} INFO - [2025-12-13T18:37:56.678+0200] {dag.py:3834} INFO - Setting next_dagrun for ItemsDim_init to None, run_after=None
[2025-12-13T18:37:56.695+0200] {processor.py:183} INFO - Processing /opt/airflow/dags/ItemsDim_init.py took 0.069 seconds
[2025-12-13T18:38:27.251+0200] {processor.py:161} INFO - Started process (PID=12692) to work on /opt/airflow/dags/ItemsDim_init.py
[2025-12-13T18:38:27.253+0200] {processor.py:830} INFO - Processing file /opt/airflow/dags/ItemsDim_init.py for tasks to queue
[2025-12-13T18:38:27.254+0200] {logging_mixin.py:188} INFO - [2025-12-13T18:38:27.254+0200] {dagbag.py:540} INFO - Filling up the DagBag from /opt/airflow/dags/ItemsDim_init.py
[2025-12-13T18:38:27.270+0200] {processor.py:840} INFO - DAG(s) 'ItemsDim_init' retrieved from /opt/airflow/dags/ItemsDim_init.py
[2025-12-13T18:38:27.289+0200] {logging_mixin.py:188} INFO - [2025-12-13T18:38:27.289+0200] {dag.py:3047} INFO - Sync 1 DAGs
[2025-12-13T18:38:27.300+0200] {logging_mixin.py:188} INFO - [2025-12-13T18:38:27.300+0200] {dag.py:3834} INFO - Setting next_dagrun for ItemsDim_init to None, run_after=None
[2025-12-13T18:38:27.318+0200] {processor.py:183} INFO - Processing /opt/airflow/dags/ItemsDim_init.py took 0.069 seconds
[2025-12-13T18:38:57.879+0200] {processor.py:161} INFO - Started process (PID=12705) to work on /opt/airflow/dags/ItemsDim_init.py
[2025-12-13T18:38:57.880+0200] {processor.py:830} INFO - Processing file /opt/airflow/dags/ItemsDim_init.py for tasks to queue
[2025-12-13T18:38:57.882+0200] {logging_mixin.py:188} INFO - [2025-12-13T18:38:57.882+0200] {dagbag.py:540} INFO - Filling up the DagBag from /opt/airflow/dags/ItemsDim_init.py
[2025-12-13T18:38:57.898+0200] {processor.py:840} INFO - DAG(s) 'ItemsDim_init' retrieved from /opt/airflow/dags/ItemsDim_init.py
[2025-12-13T18:38:57.917+0200] {logging_mixin.py:188} INFO - [2025-12-13T18:38:57.916+0200] {dag.py:3047} INFO - Sync 1 DAGs
[2025-12-13T18:38:57.929+0200] {logging_mixin.py:188} INFO - [2025-12-13T18:38:57.928+0200] {dag.py:3834} INFO - Setting next_dagrun for ItemsDim_init to None, run_after=None
[2025-12-13T18:38:57.948+0200] {processor.py:183} INFO - Processing /opt/airflow/dags/ItemsDim_init.py took 0.072 seconds
[2025-12-13T18:39:28.608+0200] {processor.py:161} INFO - Started process (PID=12718) to work on /opt/airflow/dags/ItemsDim_init.py
[2025-12-13T18:39:28.609+0200] {processor.py:830} INFO - Processing file /opt/airflow/dags/ItemsDim_init.py for tasks to queue
[2025-12-13T18:39:28.611+0200] {logging_mixin.py:188} INFO - [2025-12-13T18:39:28.611+0200] {dagbag.py:540} INFO - Filling up the DagBag from /opt/airflow/dags/ItemsDim_init.py
[2025-12-13T18:39:28.626+0200] {processor.py:840} INFO - DAG(s) 'ItemsDim_init' retrieved from /opt/airflow/dags/ItemsDim_init.py
[2025-12-13T18:39:28.651+0200] {logging_mixin.py:188} INFO - [2025-12-13T18:39:28.647+0200] {dag.py:3047} INFO - Sync 1 DAGs
[2025-12-13T18:39:28.669+0200] {logging_mixin.py:188} INFO - [2025-12-13T18:39:28.669+0200] {dag.py:3834} INFO - Setting next_dagrun for ItemsDim_init to None, run_after=None
[2025-12-13T18:39:28.694+0200] {processor.py:183} INFO - Processing /opt/airflow/dags/ItemsDim_init.py took 0.088 seconds
